[1.590s] DEBUG:colcon:Command line arguments: ['/usr/bin/colcon', 'build']
[1.590s] DEBUG:colcon:Parsed command line arguments: Namespace(ament_cmake_args=None, base_paths=['.'], build_base='build', catkin_cmake_args=None, catkin_skip_building_tests=False, cmake_args=None, cmake_clean_cache=False, cmake_clean_first=False, cmake_force_configure=False, cmake_target=None, cmake_target_skip_unavailable=False, continue_on_error=False, event_handlers=None, executor='parallel', ignore_user_meta=False, install_base='install', log_base=None, log_level=None, main=<bound method BuildVerb.main of <colcon_core.verb.build.BuildVerb object at 0x7fb2314e80>>, merge_install=False, metas=['./colcon.meta'], packages_above=None, packages_above_and_dependencies=None, packages_above_depth=None, packages_end=None, packages_ignore=None, packages_ignore_regex=None, packages_select=None, packages_select_build_failed=False, packages_select_by_dep=None, packages_select_regex=None, packages_select_test_failures=False, packages_skip=None, packages_skip_build_finished=False, packages_skip_by_dep=None, packages_skip_regex=None, packages_skip_test_passed=False, packages_skip_up_to=None, packages_start=None, packages_up_to=None, packages_up_to_regex=None, parallel_workers=4, paths=None, symlink_install=False, test_result_base=None, verb_extension=<colcon_core.verb.build.BuildVerb object at 0x7fb2314e80>, verb_name='build', verb_parser=<colcon_defaults.argument_parser.defaults.DefaultArgumentsDecorator object at 0x7fb216e828>)
[1.618s] Level 1:colcon.colcon_core.package_discovery:discover_packages(colcon_meta) check parameters
[1.619s] Level 1:colcon.colcon_core.package_discovery:discover_packages(recursive) check parameters
[1.619s] Level 1:colcon.colcon_core.package_discovery:discover_packages(ignore) check parameters
[1.619s] Level 1:colcon.colcon_core.package_discovery:discover_packages(path) check parameters
[1.619s] Level 1:colcon.colcon_core.package_discovery:discover_packages(colcon_meta) discover
[1.621s] Level 1:colcon.colcon_core.package_discovery:discover_packages(recursive) discover
[1.621s] INFO:colcon.colcon_core.package_discovery:Crawling recursively for packages in '/home/sailbot/sailbot21-22'
[1.621s] Level 1:colcon.colcon_core.package_identification:_identify(.) by extensions ['ignore', 'ignore_ament_install']
[1.622s] Level 1:colcon.colcon_core.package_identification:_identify(.) by extension 'ignore'
[1.622s] Level 1:colcon.colcon_core.package_identification:_identify(.) by extension 'ignore_ament_install'
[1.623s] Level 1:colcon.colcon_core.package_identification:_identify(.) by extensions ['colcon_pkg']
[1.623s] Level 1:colcon.colcon_core.package_identification:_identify(.) by extension 'colcon_pkg'
[1.623s] Level 1:colcon.colcon_core.package_identification:_identify(.) by extensions ['colcon_meta']
[1.623s] Level 1:colcon.colcon_core.package_identification:_identify(.) by extension 'colcon_meta'
[1.623s] Level 1:colcon.colcon_core.package_identification:_identify(.) by extensions ['ros']
[1.624s] Level 1:colcon.colcon_core.package_identification:_identify(.) by extension 'ros'
[2.050s] Level 1:colcon.colcon_core.package_identification:_identify(.) by extensions ['cmake', 'python']
[2.051s] Level 1:colcon.colcon_core.package_identification:_identify(.) by extension 'cmake'
[2.051s] Level 1:colcon.colcon_core.package_identification:_identify(.) by extension 'python'
[2.051s] Level 1:colcon.colcon_core.package_identification:_identify(.) by extensions ['python_setup_py']
[2.051s] Level 1:colcon.colcon_core.package_identification:_identify(.) by extension 'python_setup_py'
[2.052s] Level 1:colcon.colcon_core.package_identification:_identify(build) by extensions ['ignore', 'ignore_ament_install']
[2.052s] Level 1:colcon.colcon_core.package_identification:_identify(build) by extension 'ignore'
[2.053s] Level 1:colcon.colcon_core.package_identification:_identify(build) ignored
[2.054s] Level 1:colcon.colcon_core.package_identification:_identify(install) by extensions ['ignore', 'ignore_ament_install']
[2.055s] Level 1:colcon.colcon_core.package_identification:_identify(install) by extension 'ignore'
[2.055s] Level 1:colcon.colcon_core.package_identification:_identify(install) ignored
[2.056s] Level 1:colcon.colcon_core.package_identification:_identify(log) by extensions ['ignore', 'ignore_ament_install']
[2.056s] Level 1:colcon.colcon_core.package_identification:_identify(log) by extension 'ignore'
[2.056s] Level 1:colcon.colcon_core.package_identification:_identify(log) ignored
[2.057s] Level 1:colcon.colcon_core.package_identification:_identify(sailbot_ws) by extensions ['ignore', 'ignore_ament_install']
[2.057s] Level 1:colcon.colcon_core.package_identification:_identify(sailbot_ws) by extension 'ignore'
[2.058s] Level 1:colcon.colcon_core.package_identification:_identify(sailbot_ws) by extension 'ignore_ament_install'
[2.058s] Level 1:colcon.colcon_core.package_identification:_identify(sailbot_ws) by extensions ['colcon_pkg']
[2.058s] Level 1:colcon.colcon_core.package_identification:_identify(sailbot_ws) by extension 'colcon_pkg'
[2.058s] Level 1:colcon.colcon_core.package_identification:_identify(sailbot_ws) by extensions ['colcon_meta']
[2.058s] Level 1:colcon.colcon_core.package_identification:_identify(sailbot_ws) by extension 'colcon_meta'
[2.059s] Level 1:colcon.colcon_core.package_identification:_identify(sailbot_ws) by extensions ['ros']
[2.059s] Level 1:colcon.colcon_core.package_identification:_identify(sailbot_ws) by extension 'ros'
[2.059s] Level 1:colcon.colcon_core.package_identification:_identify(sailbot_ws) by extensions ['cmake', 'python']
[2.060s] Level 1:colcon.colcon_core.package_identification:_identify(sailbot_ws) by extension 'cmake'
[2.060s] Level 1:colcon.colcon_core.package_identification:_identify(sailbot_ws) by extension 'python'
[2.060s] Level 1:colcon.colcon_core.package_identification:_identify(sailbot_ws) by extensions ['python_setup_py']
[2.060s] Level 1:colcon.colcon_core.package_identification:_identify(sailbot_ws) by extension 'python_setup_py'
[2.061s] Level 1:colcon.colcon_core.package_identification:_identify(sailbot_ws/build) by extensions ['ignore', 'ignore_ament_install']
[2.062s] Level 1:colcon.colcon_core.package_identification:_identify(sailbot_ws/build) by extension 'ignore'
[2.062s] Level 1:colcon.colcon_core.package_identification:_identify(sailbot_ws/build) ignored
[2.062s] Level 1:colcon.colcon_core.package_identification:_identify(sailbot_ws/install) by extensions ['ignore', 'ignore_ament_install']
[2.063s] Level 1:colcon.colcon_core.package_identification:_identify(sailbot_ws/install) by extension 'ignore'
[2.063s] Level 1:colcon.colcon_core.package_identification:_identify(sailbot_ws/install) ignored
[2.064s] Level 1:colcon.colcon_core.package_identification:_identify(sailbot_ws/log) by extensions ['ignore', 'ignore_ament_install']
[2.065s] Level 1:colcon.colcon_core.package_identification:_identify(sailbot_ws/log) by extension 'ignore'
[2.065s] Level 1:colcon.colcon_core.package_identification:_identify(sailbot_ws/log) ignored
[2.065s] Level 1:colcon.colcon_core.package_identification:_identify(sailbot_ws/src) by extensions ['ignore', 'ignore_ament_install']
[2.066s] Level 1:colcon.colcon_core.package_identification:_identify(sailbot_ws/src) by extension 'ignore'
[2.066s] Level 1:colcon.colcon_core.package_identification:_identify(sailbot_ws/src) by extension 'ignore_ament_install'
[2.066s] Level 1:colcon.colcon_core.package_identification:_identify(sailbot_ws/src) by extensions ['colcon_pkg']
[2.067s] Level 1:colcon.colcon_core.package_identification:_identify(sailbot_ws/src) by extension 'colcon_pkg'
[2.067s] Level 1:colcon.colcon_core.package_identification:_identify(sailbot_ws/src) by extensions ['colcon_meta']
[2.067s] Level 1:colcon.colcon_core.package_identification:_identify(sailbot_ws/src) by extension 'colcon_meta'
[2.067s] Level 1:colcon.colcon_core.package_identification:_identify(sailbot_ws/src) by extensions ['ros']
[2.067s] Level 1:colcon.colcon_core.package_identification:_identify(sailbot_ws/src) by extension 'ros'
[2.068s] Level 1:colcon.colcon_core.package_identification:_identify(sailbot_ws/src) by extensions ['cmake', 'python']
[2.068s] Level 1:colcon.colcon_core.package_identification:_identify(sailbot_ws/src) by extension 'cmake'
[2.068s] Level 1:colcon.colcon_core.package_identification:_identify(sailbot_ws/src) by extension 'python'
[2.069s] Level 1:colcon.colcon_core.package_identification:_identify(sailbot_ws/src) by extensions ['python_setup_py']
[2.069s] Level 1:colcon.colcon_core.package_identification:_identify(sailbot_ws/src) by extension 'python_setup_py'
[2.069s] Level 1:colcon.colcon_core.package_identification:_identify(sailbot_ws/src/low_level) by extensions ['ignore', 'ignore_ament_install']
[2.070s] Level 1:colcon.colcon_core.package_identification:_identify(sailbot_ws/src/low_level) by extension 'ignore'
[2.070s] Level 1:colcon.colcon_core.package_identification:_identify(sailbot_ws/src/low_level) by extension 'ignore_ament_install'
[2.070s] Level 1:colcon.colcon_core.package_identification:_identify(sailbot_ws/src/low_level) by extensions ['colcon_pkg']
[2.070s] Level 1:colcon.colcon_core.package_identification:_identify(sailbot_ws/src/low_level) by extension 'colcon_pkg'
[2.071s] Level 1:colcon.colcon_core.package_identification:_identify(sailbot_ws/src/low_level) by extensions ['colcon_meta']
[2.071s] Level 1:colcon.colcon_core.package_identification:_identify(sailbot_ws/src/low_level) by extension 'colcon_meta'
[2.071s] Level 1:colcon.colcon_core.package_identification:_identify(sailbot_ws/src/low_level) by extensions ['ros']
[2.071s] Level 1:colcon.colcon_core.package_identification:_identify(sailbot_ws/src/low_level) by extension 'ros'
[2.082s] DEBUG:colcon.colcon_core.package_identification:Package 'sailbot_ws/src/low_level' with type 'ros.ament_python' and name 'low_level'
[2.082s] Level 1:colcon.colcon_core.package_identification:_identify(sailbot_ws/src/sailbot) by extensions ['ignore', 'ignore_ament_install']
[2.083s] Level 1:colcon.colcon_core.package_identification:_identify(sailbot_ws/src/sailbot) by extension 'ignore'
[2.083s] Level 1:colcon.colcon_core.package_identification:_identify(sailbot_ws/src/sailbot) by extension 'ignore_ament_install'
[2.084s] Level 1:colcon.colcon_core.package_identification:_identify(sailbot_ws/src/sailbot) by extensions ['colcon_pkg']
[2.084s] Level 1:colcon.colcon_core.package_identification:_identify(sailbot_ws/src/sailbot) by extension 'colcon_pkg'
[2.084s] Level 1:colcon.colcon_core.package_identification:_identify(sailbot_ws/src/sailbot) by extensions ['colcon_meta']
[2.084s] Level 1:colcon.colcon_core.package_identification:_identify(sailbot_ws/src/sailbot) by extension 'colcon_meta'
[2.085s] Level 1:colcon.colcon_core.package_identification:_identify(sailbot_ws/src/sailbot) by extensions ['ros']
[2.085s] Level 1:colcon.colcon_core.package_identification:_identify(sailbot_ws/src/sailbot) by extension 'ros'
[2.089s] DEBUG:colcon.colcon_core.package_identification:Package 'sailbot_ws/src/sailbot' with type 'ros.ament_python' and name 'sailbot'
[2.089s] Level 1:colcon.colcon_core.package_discovery:discover_packages(recursive) using defaults
[2.090s] Level 1:colcon.colcon_core.package_discovery:discover_packages(ignore) discover
[2.090s] Level 1:colcon.colcon_core.package_discovery:discover_packages(ignore) using defaults
[2.090s] Level 1:colcon.colcon_core.package_discovery:discover_packages(path) discover
[2.090s] Level 1:colcon.colcon_core.package_discovery:discover_packages(path) using defaults
[2.210s] Level 5:colcon.colcon_core.verb:set package 'low_level' build argument 'cmake_args' from command line to 'None'
[2.211s] Level 5:colcon.colcon_core.verb:set package 'low_level' build argument 'cmake_target' from command line to 'None'
[2.211s] Level 5:colcon.colcon_core.verb:set package 'low_level' build argument 'cmake_target_skip_unavailable' from command line to 'False'
[2.211s] Level 5:colcon.colcon_core.verb:set package 'low_level' build argument 'cmake_clean_cache' from command line to 'False'
[2.211s] Level 5:colcon.colcon_core.verb:set package 'low_level' build argument 'cmake_clean_first' from command line to 'False'
[2.211s] Level 5:colcon.colcon_core.verb:set package 'low_level' build argument 'cmake_force_configure' from command line to 'False'
[2.212s] Level 5:colcon.colcon_core.verb:set package 'low_level' build argument 'ament_cmake_args' from command line to 'None'
[2.212s] Level 5:colcon.colcon_core.verb:set package 'low_level' build argument 'catkin_cmake_args' from command line to 'None'
[2.212s] Level 5:colcon.colcon_core.verb:set package 'low_level' build argument 'catkin_skip_building_tests' from command line to 'False'
[2.212s] DEBUG:colcon.colcon_core.verb:Building package 'low_level' with the following arguments: {'ament_cmake_args': None, 'build_base': '/home/sailbot/sailbot21-22/build/low_level', 'catkin_cmake_args': None, 'catkin_skip_building_tests': False, 'cmake_args': None, 'cmake_clean_cache': False, 'cmake_clean_first': False, 'cmake_force_configure': False, 'cmake_target': None, 'cmake_target_skip_unavailable': False, 'install_base': '/home/sailbot/sailbot21-22/install/low_level', 'merge_install': False, 'path': '/home/sailbot/sailbot21-22/sailbot_ws/src/low_level', 'symlink_install': False, 'test_result_base': None}
[2.233s] Level 5:colcon.colcon_core.verb:set package 'sailbot' build argument 'cmake_args' from command line to 'None'
[2.233s] Level 5:colcon.colcon_core.verb:set package 'sailbot' build argument 'cmake_target' from command line to 'None'
[2.233s] Level 5:colcon.colcon_core.verb:set package 'sailbot' build argument 'cmake_target_skip_unavailable' from command line to 'False'
[2.233s] Level 5:colcon.colcon_core.verb:set package 'sailbot' build argument 'cmake_clean_cache' from command line to 'False'
[2.234s] Level 5:colcon.colcon_core.verb:set package 'sailbot' build argument 'cmake_clean_first' from command line to 'False'
[2.234s] Level 5:colcon.colcon_core.verb:set package 'sailbot' build argument 'cmake_force_configure' from command line to 'False'
[2.234s] Level 5:colcon.colcon_core.verb:set package 'sailbot' build argument 'ament_cmake_args' from command line to 'None'
[2.234s] Level 5:colcon.colcon_core.verb:set package 'sailbot' build argument 'catkin_cmake_args' from command line to 'None'
[2.234s] Level 5:colcon.colcon_core.verb:set package 'sailbot' build argument 'catkin_skip_building_tests' from command line to 'False'
[2.234s] DEBUG:colcon.colcon_core.verb:Building package 'sailbot' with the following arguments: {'ament_cmake_args': None, 'build_base': '/home/sailbot/sailbot21-22/build/sailbot', 'catkin_cmake_args': None, 'catkin_skip_building_tests': False, 'cmake_args': None, 'cmake_clean_cache': False, 'cmake_clean_first': False, 'cmake_force_configure': False, 'cmake_target': None, 'cmake_target_skip_unavailable': False, 'install_base': '/home/sailbot/sailbot21-22/install/sailbot', 'merge_install': False, 'path': '/home/sailbot/sailbot21-22/sailbot_ws/src/sailbot', 'symlink_install': False, 'test_result_base': None}
[2.236s] INFO:colcon.colcon_core.executor:Executing jobs using 'parallel' executor
[2.247s] DEBUG:colcon.colcon_parallel_executor.executor.parallel:run_until_complete
[2.248s] INFO:colcon.colcon_ros.task.ament_python.build:Building ROS package in '/home/sailbot/sailbot21-22/sailbot_ws/src/low_level' with build type 'ament_python'
[2.248s] Level 1:colcon.colcon_core.shell:create_environment_hook('low_level', 'ament_prefix_path')
[2.266s] INFO:colcon.colcon_core.plugin_system:Skipping extension 'colcon_core.shell.bat': Not used on non-Windows systems
[2.267s] INFO:colcon.colcon_core.shell:Creating environment hook '/home/sailbot/sailbot21-22/install/low_level/share/low_level/hook/ament_prefix_path.ps1'
[2.270s] INFO:colcon.colcon_core.shell:Creating environment descriptor '/home/sailbot/sailbot21-22/install/low_level/share/low_level/hook/ament_prefix_path.dsv'
[2.272s] INFO:colcon.colcon_core.shell:Creating environment hook '/home/sailbot/sailbot21-22/install/low_level/share/low_level/hook/ament_prefix_path.sh'
[2.279s] INFO:colcon.colcon_core.shell:Skip shell extension 'powershell' for command environment: Not usable outside of PowerShell
[2.279s] DEBUG:colcon.colcon_core.shell:Skip shell extension 'dsv' for command environment
[2.293s] DEBUG:colcon.colcon_core.shell:Ignoring prefix path '/opt/ros/dashing'
[2.301s] INFO:colcon.colcon_ros.task.ament_python.build:Building ROS package in '/home/sailbot/sailbot21-22/sailbot_ws/src/sailbot' with build type 'ament_python'
[2.302s] Level 1:colcon.colcon_core.shell:create_environment_hook('sailbot', 'ament_prefix_path')
[2.307s] INFO:colcon.colcon_core.shell:Creating environment hook '/home/sailbot/sailbot21-22/install/sailbot/share/sailbot/hook/ament_prefix_path.ps1'
[2.310s] INFO:colcon.colcon_core.shell:Creating environment descriptor '/home/sailbot/sailbot21-22/install/sailbot/share/sailbot/hook/ament_prefix_path.dsv'
[2.312s] INFO:colcon.colcon_core.shell:Creating environment hook '/home/sailbot/sailbot21-22/install/sailbot/share/sailbot/hook/ament_prefix_path.sh'
[2.317s] INFO:colcon.colcon_core.shell:Skip shell extension 'powershell' for command environment: Not usable outside of PowerShell
[2.317s] DEBUG:colcon.colcon_core.shell:Skip shell extension 'dsv' for command environment
[2.327s] DEBUG:colcon.colcon_core.shell:Ignoring prefix path '/opt/ros/dashing'
[3.721s] INFO:colcon.colcon_core.task.python.build:Building Python package in '/home/sailbot/sailbot21-22/sailbot_ws/src/low_level'
[3.725s] INFO:colcon.colcon_core.shell:Skip shell extension 'powershell' for command environment: Not usable outside of PowerShell
[3.725s] DEBUG:colcon.colcon_core.shell:Skip shell extension 'dsv' for command environment
[3.736s] DEBUG:colcon.colcon_core.shell:Ignoring prefix path '/opt/ros/dashing'
[5.127s] INFO:colcon.colcon_core.task.python.build:Building Python package in '/home/sailbot/sailbot21-22/sailbot_ws/src/sailbot'
[5.131s] INFO:colcon.colcon_core.shell:Skip shell extension 'powershell' for command environment: Not usable outside of PowerShell
[5.131s] DEBUG:colcon.colcon_core.shell:Skip shell extension 'dsv' for command environment
[5.142s] DEBUG:colcon.colcon_core.shell:Ignoring prefix path '/opt/ros/dashing'
[5.161s] DEBUG:colcon.colcon_core.event_handler.log_command:Invoking command in '/home/sailbot/sailbot21-22/sailbot_ws/src/low_level': PYTHONPATH=/home/sailbot/sailbot21-22/install/low_level/lib/python3.6/site-packages:${PYTHONPATH} /usr/bin/python3 setup.py egg_info --egg-base ../../../build/low_level build --build-base /home/sailbot/sailbot21-22/build/low_level/build install --prefix /home/sailbot/sailbot21-22/install/low_level --record /home/sailbot/sailbot21-22/build/low_level/install.log --single-version-externally-managed
[5.183s] DEBUG:colcon.colcon_core.event_handler.log_command:Invoking command in '/home/sailbot/sailbot21-22/sailbot_ws/src/sailbot': PYTHONPATH=/home/sailbot/sailbot21-22/install/sailbot/lib/python3.6/site-packages:${PYTHONPATH} /usr/bin/python3 setup.py egg_info --egg-base ../../../build/sailbot build --build-base /home/sailbot/sailbot21-22/build/sailbot/build install --prefix /home/sailbot/sailbot21-22/install/sailbot --record /home/sailbot/sailbot21-22/build/sailbot/install.log --single-version-externally-managed
[6.803s] DEBUG:colcon.colcon_core.event_handler.log_command:Invoked command in '/home/sailbot/sailbot21-22/sailbot_ws/src/low_level' returned '0': PYTHONPATH=/home/sailbot/sailbot21-22/install/low_level/lib/python3.6/site-packages:${PYTHONPATH} /usr/bin/python3 setup.py egg_info --egg-base ../../../build/low_level build --build-base /home/sailbot/sailbot21-22/build/low_level/build install --prefix /home/sailbot/sailbot21-22/install/low_level --record /home/sailbot/sailbot21-22/build/low_level/install.log --single-version-externally-managed
[6.818s] Level 1:colcon.colcon_core.environment:checking '/home/sailbot/sailbot21-22/install/low_level' for CMake module files
[6.821s] Level 1:colcon.colcon_core.environment:checking '/home/sailbot/sailbot21-22/install/low_level' for CMake config files
[6.825s] Level 1:colcon.colcon_core.environment:checking '/home/sailbot/sailbot21-22/install/low_level/lib'
[6.826s] Level 1:colcon.colcon_core.environment:checking '/home/sailbot/sailbot21-22/install/low_level/bin'
[6.826s] Level 1:colcon.colcon_core.environment:checking '/home/sailbot/sailbot21-22/install/low_level/lib/pkgconfig/low_level.pc'
[6.827s] Level 1:colcon.colcon_core.environment:checking '/home/sailbot/sailbot21-22/install/low_level/lib/python3.6/site-packages'
[6.827s] Level 1:colcon.colcon_core.shell:create_environment_hook('low_level', 'pythonpath')
[6.831s] INFO:colcon.colcon_core.shell:Creating environment hook '/home/sailbot/sailbot21-22/install/low_level/share/low_level/hook/pythonpath.ps1'
[6.832s] INFO:colcon.colcon_core.shell:Creating environment descriptor '/home/sailbot/sailbot21-22/install/low_level/share/low_level/hook/pythonpath.dsv'
[6.834s] INFO:colcon.colcon_core.shell:Creating environment hook '/home/sailbot/sailbot21-22/install/low_level/share/low_level/hook/pythonpath.sh'
[6.835s] Level 1:colcon.colcon_core.environment:create_environment_scripts_only(low_level)
[6.839s] INFO:colcon.colcon_core.shell:Creating package script '/home/sailbot/sailbot21-22/install/low_level/share/low_level/package.ps1'
[6.844s] INFO:colcon.colcon_core.shell:Creating package descriptor '/home/sailbot/sailbot21-22/install/low_level/share/low_level/package.dsv'
[6.846s] INFO:colcon.colcon_core.shell:Creating package script '/home/sailbot/sailbot21-22/install/low_level/share/low_level/package.sh'
[6.851s] INFO:colcon.colcon_core.shell:Creating package script '/home/sailbot/sailbot21-22/install/low_level/share/low_level/package.bash'
[6.855s] INFO:colcon.colcon_core.shell:Creating package script '/home/sailbot/sailbot21-22/install/low_level/share/low_level/package.zsh'
[6.859s] Level 1:colcon.colcon_core.environment:create_file_with_runtime_dependencies(/home/sailbot/sailbot21-22/install/low_level/share/colcon-core/packages/low_level)
[6.869s] Level 1:colcon.colcon_core.environment:checking '/home/sailbot/sailbot21-22/install/sailbot' for CMake module files
[6.870s] DEBUG:colcon.colcon_core.event_handler.log_command:Invoked command in '/home/sailbot/sailbot21-22/sailbot_ws/src/sailbot' returned '0': PYTHONPATH=/home/sailbot/sailbot21-22/install/sailbot/lib/python3.6/site-packages:${PYTHONPATH} /usr/bin/python3 setup.py egg_info --egg-base ../../../build/sailbot build --build-base /home/sailbot/sailbot21-22/build/sailbot/build install --prefix /home/sailbot/sailbot21-22/install/sailbot --record /home/sailbot/sailbot21-22/build/sailbot/install.log --single-version-externally-managed
[6.873s] Level 1:colcon.colcon_core.environment:checking '/home/sailbot/sailbot21-22/install/sailbot' for CMake config files
[6.877s] Level 1:colcon.colcon_core.environment:checking '/home/sailbot/sailbot21-22/install/sailbot/lib'
[6.878s] Level 1:colcon.colcon_core.environment:checking '/home/sailbot/sailbot21-22/install/sailbot/bin'
[6.879s] Level 1:colcon.colcon_core.environment:checking '/home/sailbot/sailbot21-22/install/sailbot/lib/pkgconfig/sailbot.pc'
[6.879s] Level 1:colcon.colcon_core.environment:checking '/home/sailbot/sailbot21-22/install/sailbot/lib/python3.6/site-packages'
[6.879s] Level 1:colcon.colcon_core.shell:create_environment_hook('sailbot', 'pythonpath')
[6.883s] INFO:colcon.colcon_core.shell:Creating environment hook '/home/sailbot/sailbot21-22/install/sailbot/share/sailbot/hook/pythonpath.ps1'
[6.884s] INFO:colcon.colcon_core.shell:Creating environment descriptor '/home/sailbot/sailbot21-22/install/sailbot/share/sailbot/hook/pythonpath.dsv'
[6.886s] INFO:colcon.colcon_core.shell:Creating environment hook '/home/sailbot/sailbot21-22/install/sailbot/share/sailbot/hook/pythonpath.sh'
[6.887s] Level 1:colcon.colcon_core.environment:create_environment_scripts_only(sailbot)
[6.891s] INFO:colcon.colcon_core.shell:Creating package script '/home/sailbot/sailbot21-22/install/sailbot/share/sailbot/package.ps1'
[6.893s] INFO:colcon.colcon_core.shell:Creating package descriptor '/home/sailbot/sailbot21-22/install/sailbot/share/sailbot/package.dsv'
[6.895s] INFO:colcon.colcon_core.shell:Creating package script '/home/sailbot/sailbot21-22/install/sailbot/share/sailbot/package.sh'
[6.897s] INFO:colcon.colcon_core.shell:Creating package script '/home/sailbot/sailbot21-22/install/sailbot/share/sailbot/package.bash'
[6.898s] INFO:colcon.colcon_core.shell:Creating package script '/home/sailbot/sailbot21-22/install/sailbot/share/sailbot/package.zsh'
[6.899s] Level 1:colcon.colcon_core.environment:create_file_with_runtime_dependencies(/home/sailbot/sailbot21-22/install/sailbot/share/colcon-core/packages/sailbot)
[6.900s] DEBUG:colcon.colcon_parallel_executor.executor.parallel:closing loop
[6.902s] DEBUG:colcon.colcon_parallel_executor.executor.parallel:loop closed
[6.903s] DEBUG:colcon.colcon_parallel_executor.executor.parallel:run_until_complete finished with '0'
[6.903s] DEBUG:colcon.colcon_core.event_reactor:joining thread
[6.930s] INFO:colcon.colcon_core.plugin_system:Skipping extension 'colcon_notification.desktop_notification.terminal_notifier': Not used on non-Darwin systems
[6.930s] INFO:colcon.colcon_core.plugin_system:Skipping extension 'colcon_notification.desktop_notification.win32': Not used on non-Windows systems
[6.931s] INFO:colcon.colcon_notification.desktop_notification:Sending desktop notification using 'notify2'
[6.964s] DEBUG:colcon.colcon_notification.desktop_notification.notify2:Failed to initialize notify2: org.freedesktop.DBus.Error.Spawn.ChildExited: Process org.freedesktop.Notifications exited with status 1
[6.965s] DEBUG:colcon.colcon_core.event_reactor:joined thread
[6.969s] INFO:colcon.colcon_core.shell:Creating prefix script '/home/sailbot/sailbot21-22/install/local_setup.ps1'
[6.974s] INFO:colcon.colcon_core.shell:Creating prefix util module '/home/sailbot/sailbot21-22/install/_local_setup_util_ps1.py'
[6.983s] INFO:colcon.colcon_core.shell:Creating prefix chain script '/home/sailbot/sailbot21-22/install/setup.ps1'
[6.997s] INFO:colcon.colcon_core.shell:Creating prefix script '/home/sailbot/sailbot21-22/install/local_setup.sh'
[7.000s] INFO:colcon.colcon_core.shell:Creating prefix util module '/home/sailbot/sailbot21-22/install/_local_setup_util_sh.py'
[7.001s] INFO:colcon.colcon_core.shell:Creating prefix chain script '/home/sailbot/sailbot21-22/install/setup.sh'
[7.016s] INFO:colcon.colcon_core.shell:Creating prefix script '/home/sailbot/sailbot21-22/install/local_setup.bash'
[7.018s] INFO:colcon.colcon_core.shell:Creating prefix chain script '/home/sailbot/sailbot21-22/install/setup.bash'
[7.033s] INFO:colcon.colcon_core.shell:Creating prefix script '/home/sailbot/sailbot21-22/install/local_setup.zsh'
[7.035s] INFO:colcon.colcon_core.shell:Creating prefix chain script '/home/sailbot/sailbot21-22/install/setup.zsh'
