[3.060s] Invoking command in '/home/sailbot/sailbot21-22/sailbot_ws/src/low_level': PYTHONPATH=/home/sailbot/sailbot21-22/install/low_level/lib/python3.6/site-packages:${PYTHONPATH} /usr/bin/python3 setup.py egg_info --egg-base ../../../build/low_level build --build-base /home/sailbot/sailbot21-22/build/low_level/build install --prefix /home/sailbot/sailbot21-22/install/low_level --record /home/sailbot/sailbot21-22/build/low_level/install.log --single-version-externally-managed
[4.279s] /home/sailbot/.local/lib/python3.6/site-packages/setuptools/dist.py:720: UserWarning: Usage of dash-separated 'script-dir' will not be supported in future versions. Please use the underscore name 'script_dir' instead
[4.280s]   % (opt, underscore_opt)
[4.281s] /home/sailbot/.local/lib/python3.6/site-packages/setuptools/dist.py:720: UserWarning: Usage of dash-separated 'install-scripts' will not be supported in future versions. Please use the underscore name 'install_scripts' instead
[4.281s]   % (opt, underscore_opt)
[4.447s] running egg_info
[4.451s] creating ../../../build/low_level/low_level.egg-info
[4.453s] writing ../../../build/low_level/low_level.egg-info/PKG-INFO
[4.454s] writing dependency_links to ../../../build/low_level/low_level.egg-info/dependency_links.txt
[4.455s] writing entry points to ../../../build/low_level/low_level.egg-info/entry_points.txt
[4.456s] writing requirements to ../../../build/low_level/low_level.egg-info/requires.txt
[4.457s] writing top-level names to ../../../build/low_level/low_level.egg-info/top_level.txt
[4.458s] writing manifest file '../../../build/low_level/low_level.egg-info/SOURCES.txt'
[4.465s] reading manifest file '../../../build/low_level/low_level.egg-info/SOURCES.txt'
[4.471s] writing manifest file '../../../build/low_level/low_level.egg-info/SOURCES.txt'
[4.472s] running build
[4.473s] running build_py
[4.475s] creating /home/sailbot/sailbot21-22/build/low_level/build
[4.476s] creating /home/sailbot/sailbot21-22/build/low_level/build/lib
[4.476s] creating /home/sailbot/sailbot21-22/build/low_level/build/lib/low_level
[4.477s] copying low_level/desired_heading_publisher.py -> /home/sailbot/sailbot21-22/build/low_level/build/lib/low_level
[4.481s] copying low_level/rudder_test.py -> /home/sailbot/sailbot21-22/build/low_level/build/lib/low_level
[4.482s] copying low_level/lat_long_publisher.py -> /home/sailbot/sailbot21-22/build/low_level/build/lib/low_level
[4.484s] copying low_level/standalone_trim_tab_state_publisher.py -> /home/sailbot/sailbot21-22/build/low_level/build/lib/low_level
[4.484s] copying low_level/__init__.py -> /home/sailbot/sailbot21-22/build/low_level/build/lib/low_level
[4.485s] copying low_level/point_to_point.py -> /home/sailbot/sailbot21-22/build/low_level/build/lib/low_level
[4.487s] copying low_level/rudder_control.py -> /home/sailbot/sailbot21-22/build/low_level/build/lib/low_level
[4.488s] running install
[4.489s] /home/sailbot/.local/lib/python3.6/site-packages/setuptools/command/install.py:37: SetuptoolsDeprecationWarning: setup.py install is deprecated. Use build and pip and other standards-based tools.
[4.490s]   setuptools.SetuptoolsDeprecationWarning,
[4.493s] running install_lib
[4.495s] creating /home/sailbot/sailbot21-22/install/low_level/lib/python3.6/site-packages/low_level
[4.496s] copying /home/sailbot/sailbot21-22/build/low_level/build/lib/low_level/desired_heading_publisher.py -> /home/sailbot/sailbot21-22/install/low_level/lib/python3.6/site-packages/low_level
[4.497s] copying /home/sailbot/sailbot21-22/build/low_level/build/lib/low_level/rudder_test.py -> /home/sailbot/sailbot21-22/install/low_level/lib/python3.6/site-packages/low_level
[4.498s] copying /home/sailbot/sailbot21-22/build/low_level/build/lib/low_level/lat_long_publisher.py -> /home/sailbot/sailbot21-22/install/low_level/lib/python3.6/site-packages/low_level
[4.498s] copying /home/sailbot/sailbot21-22/build/low_level/build/lib/low_level/standalone_trim_tab_state_publisher.py -> /home/sailbot/sailbot21-22/install/low_level/lib/python3.6/site-packages/low_level
[4.499s] copying /home/sailbot/sailbot21-22/build/low_level/build/lib/low_level/__init__.py -> /home/sailbot/sailbot21-22/install/low_level/lib/python3.6/site-packages/low_level
[4.500s] copying /home/sailbot/sailbot21-22/build/low_level/build/lib/low_level/point_to_point.py -> /home/sailbot/sailbot21-22/install/low_level/lib/python3.6/site-packages/low_level
[4.501s] copying /home/sailbot/sailbot21-22/build/low_level/build/lib/low_level/rudder_control.py -> /home/sailbot/sailbot21-22/install/low_level/lib/python3.6/site-packages/low_level
[4.505s] byte-compiling /home/sailbot/sailbot21-22/install/low_level/lib/python3.6/site-packages/low_level/desired_heading_publisher.py to desired_heading_publisher.cpython-36.pyc
[4.509s] byte-compiling /home/sailbot/sailbot21-22/install/low_level/lib/python3.6/site-packages/low_level/rudder_test.py to rudder_test.cpython-36.pyc
[4.512s] byte-compiling /home/sailbot/sailbot21-22/install/low_level/lib/python3.6/site-packages/low_level/lat_long_publisher.py to lat_long_publisher.cpython-36.pyc
[4.513s] byte-compiling /home/sailbot/sailbot21-22/install/low_level/lib/python3.6/site-packages/low_level/standalone_trim_tab_state_publisher.py to standalone_trim_tab_state_publisher.cpython-36.pyc
[4.515s] byte-compiling /home/sailbot/sailbot21-22/install/low_level/lib/python3.6/site-packages/low_level/__init__.py to __init__.cpython-36.pyc
[4.516s] byte-compiling /home/sailbot/sailbot21-22/install/low_level/lib/python3.6/site-packages/low_level/point_to_point.py to point_to_point.cpython-36.pyc
[4.517s] byte-compiling /home/sailbot/sailbot21-22/install/low_level/lib/python3.6/site-packages/low_level/rudder_control.py to rudder_control.cpython-36.pyc
[4.518s] running install_data
[4.520s] creating /home/sailbot/sailbot21-22/install/low_level/share/ament_index
[4.522s] creating /home/sailbot/sailbot21-22/install/low_level/share/ament_index/resource_index
[4.522s] creating /home/sailbot/sailbot21-22/install/low_level/share/ament_index/resource_index/packages
[4.523s] copying resource/low_level -> /home/sailbot/sailbot21-22/install/low_level/share/ament_index/resource_index/packages
[4.524s] copying package.xml -> /home/sailbot/sailbot21-22/install/low_level/share/low_level
[4.525s] creating /home/sailbot/sailbot21-22/install/low_level/share/low_level/launch
[4.525s] copying launch/rudder_test.py -> /home/sailbot/sailbot21-22/install/low_level/share/low_level/launch
[4.526s] copying launch/point2point_test.py -> /home/sailbot/sailbot21-22/install/low_level/share/low_level/launch
[4.526s] running install_egg_info
[4.534s] Copying ../../../build/low_level/low_level.egg-info to /home/sailbot/sailbot21-22/install/low_level/lib/python3.6/site-packages/low_level-0.0.0-py3.6.egg-info
[4.538s] running install_scripts
[4.636s] Installing desired_heading script to /home/sailbot/sailbot21-22/install/low_level/lib/low_level
[4.637s] Installing point2point script to /home/sailbot/sailbot21-22/install/low_level/lib/low_level
[4.638s] Installing rudder_control script to /home/sailbot/sailbot21-22/install/low_level/lib/low_level
[4.638s] Installing rudder_test script to /home/sailbot/sailbot21-22/install/low_level/lib/low_level
[4.639s] Installing target_location script to /home/sailbot/sailbot21-22/install/low_level/lib/low_level
[4.639s] Installing tt_state_pub script to /home/sailbot/sailbot21-22/install/low_level/lib/low_level
[4.640s] writing list of installed files to '/home/sailbot/sailbot21-22/build/low_level/install.log'
[4.760s] Invoked command in '/home/sailbot/sailbot21-22/sailbot_ws/src/low_level' returned '0': PYTHONPATH=/home/sailbot/sailbot21-22/install/low_level/lib/python3.6/site-packages:${PYTHONPATH} /usr/bin/python3 setup.py egg_info --egg-base ../../../build/low_level build --build-base /home/sailbot/sailbot21-22/build/low_level/build install --prefix /home/sailbot/sailbot21-22/install/low_level --record /home/sailbot/sailbot21-22/build/low_level/install.log --single-version-externally-managed
