[2.947s] Invoking command in '/home/sailbot/sailbot21-22/sailbot_ws/src/sailbot': PYTHONPATH=/home/sailbot/sailbot21-22/install/sailbot/lib/python3.6/site-packages:${PYTHONPATH} /usr/bin/python3 setup.py egg_info --egg-base ../../../build/sailbot build --build-base /home/sailbot/sailbot21-22/build/sailbot/build install --prefix /home/sailbot/sailbot21-22/install/sailbot --record /home/sailbot/sailbot21-22/build/sailbot/install.log --single-version-externally-managed
[4.158s] /home/sailbot/.local/lib/python3.6/site-packages/setuptools/dist.py:720: UserWarning: Usage of dash-separated 'script-dir' will not be supported in future versions. Please use the underscore name 'script_dir' instead
[4.159s]   % (opt, underscore_opt)
[4.159s] /home/sailbot/.local/lib/python3.6/site-packages/setuptools/dist.py:720: UserWarning: Usage of dash-separated 'install-scripts' will not be supported in future versions. Please use the underscore name 'install_scripts' instead
[4.160s]   % (opt, underscore_opt)
[4.329s] running egg_info
[4.332s] creating ../../../build/sailbot/sailbot.egg-info
[4.334s] writing ../../../build/sailbot/sailbot.egg-info/PKG-INFO
[4.335s] writing dependency_links to ../../../build/sailbot/sailbot.egg-info/dependency_links.txt
[4.337s] writing entry points to ../../../build/sailbot/sailbot.egg-info/entry_points.txt
[4.338s] writing requirements to ../../../build/sailbot/sailbot.egg-info/requires.txt
[4.340s] writing top-level names to ../../../build/sailbot/sailbot.egg-info/top_level.txt
[4.341s] writing manifest file '../../../build/sailbot/sailbot.egg-info/SOURCES.txt'
[4.344s] reading manifest file '../../../build/sailbot/sailbot.egg-info/SOURCES.txt'
[4.350s] writing manifest file '../../../build/sailbot/sailbot.egg-info/SOURCES.txt'
[4.356s] running build
[4.356s] running build_py
[4.358s] creating /home/sailbot/sailbot21-22/build/sailbot/build
[4.359s] creating /home/sailbot/sailbot21-22/build/sailbot/build/lib
[4.360s] creating /home/sailbot/sailbot21-22/build/sailbot/build/lib/sailbot
[4.361s] copying sailbot/trim_tab_comms.py -> /home/sailbot/sailbot21-22/build/sailbot/build/lib/sailbot
[4.362s] copying sailbot/airmar_reader.py -> /home/sailbot/sailbot21-22/build/sailbot/build/lib/sailbot
[4.364s] copying sailbot/serial_rc_receiver.py -> /home/sailbot/sailbot21-22/build/sailbot/build/lib/sailbot
[4.365s] copying sailbot/highlvlpathing.py -> /home/sailbot/sailbot21-22/build/sailbot/build/lib/sailbot
[4.367s] copying sailbot/__init__.py -> /home/sailbot/sailbot21-22/build/sailbot/build/lib/sailbot
[4.368s] copying sailbot/debug_interface.py -> /home/sailbot/sailbot21-22/build/sailbot/build/lib/sailbot
[4.369s] copying sailbot/pwm_controller.py -> /home/sailbot/sailbot21-22/build/sailbot/build/lib/sailbot
[4.370s] copying sailbot/control_system.py -> /home/sailbot/sailbot21-22/build/sailbot/build/lib/sailbot
[4.374s] creating /home/sailbot/sailbot21-22/build/sailbot/build/lib/sailbot/autonomous
[4.374s] copying sailbot/autonomous/highlvlpathing.py -> /home/sailbot/sailbot21-22/build/sailbot/build/lib/sailbot/autonomous
[4.375s] copying sailbot/autonomous/__init__.py -> /home/sailbot/sailbot21-22/build/sailbot/build/lib/sailbot/autonomous
[4.376s] copying sailbot/autonomous/p2p.py -> /home/sailbot/sailbot21-22/build/sailbot/build/lib/sailbot/autonomous
[4.377s] running install
[4.378s] /home/sailbot/.local/lib/python3.6/site-packages/setuptools/command/install.py:37: SetuptoolsDeprecationWarning: setup.py install is deprecated. Use build and pip and other standards-based tools.
[4.378s]   setuptools.SetuptoolsDeprecationWarning,
[4.380s] running install_lib
[4.385s] creating /home/sailbot/sailbot21-22/install/sailbot/lib/python3.6/site-packages/sailbot
[4.386s] copying /home/sailbot/sailbot21-22/build/sailbot/build/lib/sailbot/trim_tab_comms.py -> /home/sailbot/sailbot21-22/install/sailbot/lib/python3.6/site-packages/sailbot
[4.387s] copying /home/sailbot/sailbot21-22/build/sailbot/build/lib/sailbot/airmar_reader.py -> /home/sailbot/sailbot21-22/install/sailbot/lib/python3.6/site-packages/sailbot
[4.388s] copying /home/sailbot/sailbot21-22/build/sailbot/build/lib/sailbot/serial_rc_receiver.py -> /home/sailbot/sailbot21-22/install/sailbot/lib/python3.6/site-packages/sailbot
[4.388s] copying /home/sailbot/sailbot21-22/build/sailbot/build/lib/sailbot/highlvlpathing.py -> /home/sailbot/sailbot21-22/install/sailbot/lib/python3.6/site-packages/sailbot
[4.390s] copying /home/sailbot/sailbot21-22/build/sailbot/build/lib/sailbot/__init__.py -> /home/sailbot/sailbot21-22/install/sailbot/lib/python3.6/site-packages/sailbot
[4.390s] copying /home/sailbot/sailbot21-22/build/sailbot/build/lib/sailbot/debug_interface.py -> /home/sailbot/sailbot21-22/install/sailbot/lib/python3.6/site-packages/sailbot
[4.391s] copying /home/sailbot/sailbot21-22/build/sailbot/build/lib/sailbot/pwm_controller.py -> /home/sailbot/sailbot21-22/install/sailbot/lib/python3.6/site-packages/sailbot
[4.391s] creating /home/sailbot/sailbot21-22/install/sailbot/lib/python3.6/site-packages/sailbot/autonomous
[4.393s] copying /home/sailbot/sailbot21-22/build/sailbot/build/lib/sailbot/autonomous/highlvlpathing.py -> /home/sailbot/sailbot21-22/install/sailbot/lib/python3.6/site-packages/sailbot/autonomous
[4.394s] copying /home/sailbot/sailbot21-22/build/sailbot/build/lib/sailbot/autonomous/__init__.py -> /home/sailbot/sailbot21-22/install/sailbot/lib/python3.6/site-packages/sailbot/autonomous
[4.394s] copying /home/sailbot/sailbot21-22/build/sailbot/build/lib/sailbot/autonomous/p2p.py -> /home/sailbot/sailbot21-22/install/sailbot/lib/python3.6/site-packages/sailbot/autonomous
[4.396s] copying /home/sailbot/sailbot21-22/build/sailbot/build/lib/sailbot/control_system.py -> /home/sailbot/sailbot21-22/install/sailbot/lib/python3.6/site-packages/sailbot
[4.397s] byte-compiling /home/sailbot/sailbot21-22/install/sailbot/lib/python3.6/site-packages/sailbot/trim_tab_comms.py to trim_tab_comms.cpython-36.pyc
[4.399s] byte-compiling /home/sailbot/sailbot21-22/install/sailbot/lib/python3.6/site-packages/sailbot/airmar_reader.py to airmar_reader.cpython-36.pyc
[4.400s] byte-compiling /home/sailbot/sailbot21-22/install/sailbot/lib/python3.6/site-packages/sailbot/serial_rc_receiver.py to serial_rc_receiver.cpython-36.pyc
[4.402s] byte-compiling /home/sailbot/sailbot21-22/install/sailbot/lib/python3.6/site-packages/sailbot/highlvlpathing.py to highlvlpathing.cpython-36.pyc
[4.410s] byte-compiling /home/sailbot/sailbot21-22/install/sailbot/lib/python3.6/site-packages/sailbot/__init__.py to __init__.cpython-36.pyc
[4.410s] byte-compiling /home/sailbot/sailbot21-22/install/sailbot/lib/python3.6/site-packages/sailbot/debug_interface.py to debug_interface.cpython-36.pyc
[4.411s] byte-compiling /home/sailbot/sailbot21-22/install/sailbot/lib/python3.6/site-packages/sailbot/pwm_controller.py to pwm_controller.cpython-36.pyc
[4.412s] byte-compiling /home/sailbot/sailbot21-22/install/sailbot/lib/python3.6/site-packages/sailbot/autonomous/highlvlpathing.py to highlvlpathing.cpython-36.pyc
[4.415s] byte-compiling /home/sailbot/sailbot21-22/install/sailbot/lib/python3.6/site-packages/sailbot/autonomous/__init__.py to __init__.cpython-36.pyc
[4.416s] byte-compiling /home/sailbot/sailbot21-22/install/sailbot/lib/python3.6/site-packages/sailbot/autonomous/p2p.py to p2p.cpython-36.pyc
[4.420s] byte-compiling /home/sailbot/sailbot21-22/install/sailbot/lib/python3.6/site-packages/sailbot/control_system.py to control_system.cpython-36.pyc
[4.426s] running install_data
[4.428s] creating /home/sailbot/sailbot21-22/install/sailbot/share/ament_index
[4.429s] creating /home/sailbot/sailbot21-22/install/sailbot/share/ament_index/resource_index
[4.429s] creating /home/sailbot/sailbot21-22/install/sailbot/share/ament_index/resource_index/packages
[4.430s] copying resource/sailbot -> /home/sailbot/sailbot21-22/install/sailbot/share/ament_index/resource_index/packages
[4.430s] copying package.xml -> /home/sailbot/sailbot21-22/install/sailbot/share/sailbot
[4.431s] creating /home/sailbot/sailbot21-22/install/sailbot/share/sailbot/launch
[4.432s] copying launch/full_debug.py -> /home/sailbot/sailbot21-22/install/sailbot/share/sailbot/launch
[4.432s] copying launch/full_launch.py -> /home/sailbot/sailbot21-22/install/sailbot/share/sailbot/launch
[4.433s] running install_egg_info
[4.437s] Copying ../../../build/sailbot/sailbot.egg-info to /home/sailbot/sailbot21-22/install/sailbot/lib/python3.6/site-packages/sailbot-1.0.0-py3.6.egg-info
[4.442s] running install_scripts
[4.529s] Installing airmar_reader script to /home/sailbot/sailbot21-22/install/sailbot/lib/sailbot
[4.530s] Installing control_system script to /home/sailbot/sailbot21-22/install/sailbot/lib/sailbot
[4.530s] Installing debug_interface script to /home/sailbot/sailbot21-22/install/sailbot/lib/sailbot
[4.531s] Installing pwm_controller script to /home/sailbot/sailbot21-22/install/sailbot/lib/sailbot
[4.532s] Installing serial_rc_receiver script to /home/sailbot/sailbot21-22/install/sailbot/lib/sailbot
[4.532s] Installing trim_tab_comms script to /home/sailbot/sailbot21-22/install/sailbot/lib/sailbot
[4.534s] writing list of installed files to '/home/sailbot/sailbot21-22/build/sailbot/install.log'
[4.695s] Invoked command in '/home/sailbot/sailbot21-22/sailbot_ws/src/sailbot' returned '0': PYTHONPATH=/home/sailbot/sailbot21-22/install/sailbot/lib/python3.6/site-packages:${PYTHONPATH} /usr/bin/python3 setup.py egg_info --egg-base ../../../build/sailbot build --build-base /home/sailbot/sailbot21-22/build/sailbot/build install --prefix /home/sailbot/sailbot21-22/install/sailbot --record /home/sailbot/sailbot21-22/build/sailbot/install.log --single-version-externally-managed
