[1.791s] DEBUG:colcon:Command line arguments: ['/usr/bin/colcon', 'build']
[1.792s] DEBUG:colcon:Parsed command line arguments: Namespace(ament_cmake_args=None, base_paths=['.'], build_base='build', catkin_cmake_args=None, catkin_skip_building_tests=False, cmake_args=None, cmake_clean_cache=False, cmake_clean_first=False, cmake_force_configure=False, cmake_target=None, cmake_target_skip_unavailable=False, continue_on_error=False, event_handlers=None, executor='parallel', ignore_user_meta=False, install_base='install', log_base=None, log_level=None, main=<bound method BuildVerb.main of <colcon_core.verb.build.BuildVerb object at 0x7fab116e80>>, merge_install=False, metas=['./colcon.meta'], packages_above=None, packages_above_and_dependencies=None, packages_above_depth=None, packages_end=None, packages_ignore=None, packages_ignore_regex=None, packages_select=None, packages_select_build_failed=False, packages_select_by_dep=None, packages_select_regex=None, packages_select_test_failures=False, packages_skip=None, packages_skip_build_finished=False, packages_skip_by_dep=None, packages_skip_regex=None, packages_skip_test_passed=False, packages_skip_up_to=None, packages_start=None, packages_up_to=None, packages_up_to_regex=None, parallel_workers=4, paths=None, symlink_install=False, test_result_base=None, verb_extension=<colcon_core.verb.build.BuildVerb object at 0x7fab116e80>, verb_name='build', verb_parser=<colcon_defaults.argument_parser.defaults.DefaultArgumentsDecorator object at 0x7faaf70828>)
[1.824s] Level 1:colcon.colcon_core.package_discovery:discover_packages(colcon_meta) check parameters
[1.824s] Level 1:colcon.colcon_core.package_discovery:discover_packages(recursive) check parameters
[1.825s] Level 1:colcon.colcon_core.package_discovery:discover_packages(ignore) check parameters
[1.825s] Level 1:colcon.colcon_core.package_discovery:discover_packages(path) check parameters
[1.825s] Level 1:colcon.colcon_core.package_discovery:discover_packages(colcon_meta) discover
[1.827s] Level 1:colcon.colcon_core.package_discovery:discover_packages(recursive) discover
[1.827s] INFO:colcon.colcon_core.package_discovery:Crawling recursively for packages in '/home/sailbot/sailbot21-22'
[1.827s] Level 1:colcon.colcon_core.package_identification:_identify(.) by extensions ['ignore', 'ignore_ament_install']
[1.828s] Level 1:colcon.colcon_core.package_identification:_identify(.) by extension 'ignore'
[1.828s] Level 1:colcon.colcon_core.package_identification:_identify(.) by extension 'ignore_ament_install'
[1.829s] Level 1:colcon.colcon_core.package_identification:_identify(.) by extensions ['colcon_pkg']
[1.829s] Level 1:colcon.colcon_core.package_identification:_identify(.) by extension 'colcon_pkg'
[1.829s] Level 1:colcon.colcon_core.package_identification:_identify(.) by extensions ['colcon_meta']
[1.829s] Level 1:colcon.colcon_core.package_identification:_identify(.) by extension 'colcon_meta'
[1.829s] Level 1:colcon.colcon_core.package_identification:_identify(.) by extensions ['ros']
[1.830s] Level 1:colcon.colcon_core.package_identification:_identify(.) by extension 'ros'
[2.285s] Level 1:colcon.colcon_core.package_identification:_identify(.) by extensions ['cmake', 'python']
[2.285s] Level 1:colcon.colcon_core.package_identification:_identify(.) by extension 'cmake'
[2.285s] Level 1:colcon.colcon_core.package_identification:_identify(.) by extension 'python'
[2.286s] Level 1:colcon.colcon_core.package_identification:_identify(.) by extensions ['python_setup_py']
[2.286s] Level 1:colcon.colcon_core.package_identification:_identify(.) by extension 'python_setup_py'
[2.287s] Level 1:colcon.colcon_core.package_identification:_identify(build) by extensions ['ignore', 'ignore_ament_install']
[2.287s] Level 1:colcon.colcon_core.package_identification:_identify(build) by extension 'ignore'
[2.287s] Level 1:colcon.colcon_core.package_identification:_identify(build) ignored
[2.289s] Level 1:colcon.colcon_core.package_identification:_identify(install) by extensions ['ignore', 'ignore_ament_install']
[2.290s] Level 1:colcon.colcon_core.package_identification:_identify(install) by extension 'ignore'
[2.290s] Level 1:colcon.colcon_core.package_identification:_identify(install) ignored
[2.291s] Level 1:colcon.colcon_core.package_identification:_identify(log) by extensions ['ignore', 'ignore_ament_install']
[2.291s] Level 1:colcon.colcon_core.package_identification:_identify(log) by extension 'ignore'
[2.292s] Level 1:colcon.colcon_core.package_identification:_identify(log) ignored
[2.292s] Level 1:colcon.colcon_core.package_identification:_identify(sailbot_ws) by extensions ['ignore', 'ignore_ament_install']
[2.293s] Level 1:colcon.colcon_core.package_identification:_identify(sailbot_ws) by extension 'ignore'
[2.293s] Level 1:colcon.colcon_core.package_identification:_identify(sailbot_ws) by extension 'ignore_ament_install'
[2.293s] Level 1:colcon.colcon_core.package_identification:_identify(sailbot_ws) by extensions ['colcon_pkg']
[2.294s] Level 1:colcon.colcon_core.package_identification:_identify(sailbot_ws) by extension 'colcon_pkg'
[2.294s] Level 1:colcon.colcon_core.package_identification:_identify(sailbot_ws) by extensions ['colcon_meta']
[2.294s] Level 1:colcon.colcon_core.package_identification:_identify(sailbot_ws) by extension 'colcon_meta'
[2.294s] Level 1:colcon.colcon_core.package_identification:_identify(sailbot_ws) by extensions ['ros']
[2.295s] Level 1:colcon.colcon_core.package_identification:_identify(sailbot_ws) by extension 'ros'
[2.295s] Level 1:colcon.colcon_core.package_identification:_identify(sailbot_ws) by extensions ['cmake', 'python']
[2.295s] Level 1:colcon.colcon_core.package_identification:_identify(sailbot_ws) by extension 'cmake'
[2.296s] Level 1:colcon.colcon_core.package_identification:_identify(sailbot_ws) by extension 'python'
[2.296s] Level 1:colcon.colcon_core.package_identification:_identify(sailbot_ws) by extensions ['python_setup_py']
[2.296s] Level 1:colcon.colcon_core.package_identification:_identify(sailbot_ws) by extension 'python_setup_py'
[2.297s] Level 1:colcon.colcon_core.package_identification:_identify(sailbot_ws/build) by extensions ['ignore', 'ignore_ament_install']
[2.298s] Level 1:colcon.colcon_core.package_identification:_identify(sailbot_ws/build) by extension 'ignore'
[2.298s] Level 1:colcon.colcon_core.package_identification:_identify(sailbot_ws/build) ignored
[2.299s] Level 1:colcon.colcon_core.package_identification:_identify(sailbot_ws/install) by extensions ['ignore', 'ignore_ament_install']
[2.299s] Level 1:colcon.colcon_core.package_identification:_identify(sailbot_ws/install) by extension 'ignore'
[2.300s] Level 1:colcon.colcon_core.package_identification:_identify(sailbot_ws/install) ignored
[2.301s] Level 1:colcon.colcon_core.package_identification:_identify(sailbot_ws/log) by extensions ['ignore', 'ignore_ament_install']
[2.302s] Level 1:colcon.colcon_core.package_identification:_identify(sailbot_ws/log) by extension 'ignore'
[2.302s] Level 1:colcon.colcon_core.package_identification:_identify(sailbot_ws/log) ignored
[2.303s] Level 1:colcon.colcon_core.package_identification:_identify(sailbot_ws/src) by extensions ['ignore', 'ignore_ament_install']
[2.303s] Level 1:colcon.colcon_core.package_identification:_identify(sailbot_ws/src) by extension 'ignore'
[2.304s] Level 1:colcon.colcon_core.package_identification:_identify(sailbot_ws/src) by extension 'ignore_ament_install'
[2.304s] Level 1:colcon.colcon_core.package_identification:_identify(sailbot_ws/src) by extensions ['colcon_pkg']
[2.304s] Level 1:colcon.colcon_core.package_identification:_identify(sailbot_ws/src) by extension 'colcon_pkg'
[2.305s] Level 1:colcon.colcon_core.package_identification:_identify(sailbot_ws/src) by extensions ['colcon_meta']
[2.305s] Level 1:colcon.colcon_core.package_identification:_identify(sailbot_ws/src) by extension 'colcon_meta'
[2.305s] Level 1:colcon.colcon_core.package_identification:_identify(sailbot_ws/src) by extensions ['ros']
[2.305s] Level 1:colcon.colcon_core.package_identification:_identify(sailbot_ws/src) by extension 'ros'
[2.306s] Level 1:colcon.colcon_core.package_identification:_identify(sailbot_ws/src) by extensions ['cmake', 'python']
[2.306s] Level 1:colcon.colcon_core.package_identification:_identify(sailbot_ws/src) by extension 'cmake'
[2.307s] Level 1:colcon.colcon_core.package_identification:_identify(sailbot_ws/src) by extension 'python'
[2.307s] Level 1:colcon.colcon_core.package_identification:_identify(sailbot_ws/src) by extensions ['python_setup_py']
[2.307s] Level 1:colcon.colcon_core.package_identification:_identify(sailbot_ws/src) by extension 'python_setup_py'
[2.308s] Level 1:colcon.colcon_core.package_identification:_identify(sailbot_ws/src/low_level) by extensions ['ignore', 'ignore_ament_install']
[2.308s] Level 1:colcon.colcon_core.package_identification:_identify(sailbot_ws/src/low_level) by extension 'ignore'
[2.308s] Level 1:colcon.colcon_core.package_identification:_identify(sailbot_ws/src/low_level) by extension 'ignore_ament_install'
[2.309s] Level 1:colcon.colcon_core.package_identification:_identify(sailbot_ws/src/low_level) by extensions ['colcon_pkg']
[2.309s] Level 1:colcon.colcon_core.package_identification:_identify(sailbot_ws/src/low_level) by extension 'colcon_pkg'
[2.309s] Level 1:colcon.colcon_core.package_identification:_identify(sailbot_ws/src/low_level) by extensions ['colcon_meta']
[2.309s] Level 1:colcon.colcon_core.package_identification:_identify(sailbot_ws/src/low_level) by extension 'colcon_meta'
[2.310s] Level 1:colcon.colcon_core.package_identification:_identify(sailbot_ws/src/low_level) by extensions ['ros']
[2.310s] Level 1:colcon.colcon_core.package_identification:_identify(sailbot_ws/src/low_level) by extension 'ros'
[2.322s] DEBUG:colcon.colcon_core.package_identification:Package 'sailbot_ws/src/low_level' with type 'ros.ament_python' and name 'low_level'
[2.323s] Level 1:colcon.colcon_core.package_identification:_identify(sailbot_ws/src/sailbot) by extensions ['ignore', 'ignore_ament_install']
[2.323s] Level 1:colcon.colcon_core.package_identification:_identify(sailbot_ws/src/sailbot) by extension 'ignore'
[2.323s] Level 1:colcon.colcon_core.package_identification:_identify(sailbot_ws/src/sailbot) by extension 'ignore_ament_install'
[2.324s] Level 1:colcon.colcon_core.package_identification:_identify(sailbot_ws/src/sailbot) by extensions ['colcon_pkg']
[2.324s] Level 1:colcon.colcon_core.package_identification:_identify(sailbot_ws/src/sailbot) by extension 'colcon_pkg'
[2.324s] Level 1:colcon.colcon_core.package_identification:_identify(sailbot_ws/src/sailbot) by extensions ['colcon_meta']
[2.325s] Level 1:colcon.colcon_core.package_identification:_identify(sailbot_ws/src/sailbot) by extension 'colcon_meta'
[2.325s] Level 1:colcon.colcon_core.package_identification:_identify(sailbot_ws/src/sailbot) by extensions ['ros']
[2.325s] Level 1:colcon.colcon_core.package_identification:_identify(sailbot_ws/src/sailbot) by extension 'ros'
[2.330s] DEBUG:colcon.colcon_core.package_identification:Package 'sailbot_ws/src/sailbot' with type 'ros.ament_python' and name 'sailbot'
[2.330s] Level 1:colcon.colcon_core.package_discovery:discover_packages(recursive) using defaults
[2.331s] Level 1:colcon.colcon_core.package_discovery:discover_packages(ignore) discover
[2.331s] Level 1:colcon.colcon_core.package_discovery:discover_packages(ignore) using defaults
[2.332s] Level 1:colcon.colcon_core.package_discovery:discover_packages(path) discover
[2.332s] Level 1:colcon.colcon_core.package_discovery:discover_packages(path) using defaults
[2.465s] Level 5:colcon.colcon_core.verb:set package 'low_level' build argument 'cmake_args' from command line to 'None'
[2.465s] Level 5:colcon.colcon_core.verb:set package 'low_level' build argument 'cmake_target' from command line to 'None'
[2.466s] Level 5:colcon.colcon_core.verb:set package 'low_level' build argument 'cmake_target_skip_unavailable' from command line to 'False'
[2.466s] Level 5:colcon.colcon_core.verb:set package 'low_level' build argument 'cmake_clean_cache' from command line to 'False'
[2.466s] Level 5:colcon.colcon_core.verb:set package 'low_level' build argument 'cmake_clean_first' from command line to 'False'
[2.466s] Level 5:colcon.colcon_core.verb:set package 'low_level' build argument 'cmake_force_configure' from command line to 'False'
[2.467s] Level 5:colcon.colcon_core.verb:set package 'low_level' build argument 'ament_cmake_args' from command line to 'None'
[2.467s] Level 5:colcon.colcon_core.verb:set package 'low_level' build argument 'catkin_cmake_args' from command line to 'None'
[2.467s] Level 5:colcon.colcon_core.verb:set package 'low_level' build argument 'catkin_skip_building_tests' from command line to 'False'
[2.467s] DEBUG:colcon.colcon_core.verb:Building package 'low_level' with the following arguments: {'ament_cmake_args': None, 'build_base': '/home/sailbot/sailbot21-22/build/low_level', 'catkin_cmake_args': None, 'catkin_skip_building_tests': False, 'cmake_args': None, 'cmake_clean_cache': False, 'cmake_clean_first': False, 'cmake_force_configure': False, 'cmake_target': None, 'cmake_target_skip_unavailable': False, 'install_base': '/home/sailbot/sailbot21-22/install/low_level', 'merge_install': False, 'path': '/home/sailbot/sailbot21-22/sailbot_ws/src/low_level', 'symlink_install': False, 'test_result_base': None}
[2.490s] Level 5:colcon.colcon_core.verb:set package 'sailbot' build argument 'cmake_args' from command line to 'None'
[2.491s] Level 5:colcon.colcon_core.verb:set package 'sailbot' build argument 'cmake_target' from command line to 'None'
[2.491s] Level 5:colcon.colcon_core.verb:set package 'sailbot' build argument 'cmake_target_skip_unavailable' from command line to 'False'
[2.491s] Level 5:colcon.colcon_core.verb:set package 'sailbot' build argument 'cmake_clean_cache' from command line to 'False'
[2.491s] Level 5:colcon.colcon_core.verb:set package 'sailbot' build argument 'cmake_clean_first' from command line to 'False'
[2.491s] Level 5:colcon.colcon_core.verb:set package 'sailbot' build argument 'cmake_force_configure' from command line to 'False'
[2.492s] Level 5:colcon.colcon_core.verb:set package 'sailbot' build argument 'ament_cmake_args' from command line to 'None'
[2.492s] Level 5:colcon.colcon_core.verb:set package 'sailbot' build argument 'catkin_cmake_args' from command line to 'None'
[2.492s] Level 5:colcon.colcon_core.verb:set package 'sailbot' build argument 'catkin_skip_building_tests' from command line to 'False'
[2.492s] DEBUG:colcon.colcon_core.verb:Building package 'sailbot' with the following arguments: {'ament_cmake_args': None, 'build_base': '/home/sailbot/sailbot21-22/build/sailbot', 'catkin_cmake_args': None, 'catkin_skip_building_tests': False, 'cmake_args': None, 'cmake_clean_cache': False, 'cmake_clean_first': False, 'cmake_force_configure': False, 'cmake_target': None, 'cmake_target_skip_unavailable': False, 'install_base': '/home/sailbot/sailbot21-22/install/sailbot', 'merge_install': False, 'path': '/home/sailbot/sailbot21-22/sailbot_ws/src/sailbot', 'symlink_install': False, 'test_result_base': None}
[2.494s] INFO:colcon.colcon_core.executor:Executing jobs using 'parallel' executor
[2.507s] DEBUG:colcon.colcon_parallel_executor.executor.parallel:run_until_complete
[2.508s] INFO:colcon.colcon_ros.task.ament_python.build:Building ROS package in '/home/sailbot/sailbot21-22/sailbot_ws/src/low_level' with build type 'ament_python'
[2.509s] Level 1:colcon.colcon_core.shell:create_environment_hook('low_level', 'ament_prefix_path')
[2.528s] INFO:colcon.colcon_core.plugin_system:Skipping extension 'colcon_core.shell.bat': Not used on non-Windows systems
[2.530s] INFO:colcon.colcon_core.shell:Creating environment hook '/home/sailbot/sailbot21-22/install/low_level/share/low_level/hook/ament_prefix_path.ps1'
[2.534s] INFO:colcon.colcon_core.shell:Creating environment descriptor '/home/sailbot/sailbot21-22/install/low_level/share/low_level/hook/ament_prefix_path.dsv'
[2.537s] INFO:colcon.colcon_core.shell:Creating environment hook '/home/sailbot/sailbot21-22/install/low_level/share/low_level/hook/ament_prefix_path.sh'
[2.544s] INFO:colcon.colcon_core.shell:Skip shell extension 'powershell' for command environment: Not usable outside of PowerShell
[2.544s] DEBUG:colcon.colcon_core.shell:Skip shell extension 'dsv' for command environment
[2.560s] DEBUG:colcon.colcon_core.shell:Ignoring prefix path '/opt/ros/dashing'
[2.570s] INFO:colcon.colcon_ros.task.ament_python.build:Building ROS package in '/home/sailbot/sailbot21-22/sailbot_ws/src/sailbot' with build type 'ament_python'
[2.571s] Level 1:colcon.colcon_core.shell:create_environment_hook('sailbot', 'ament_prefix_path')
[2.576s] INFO:colcon.colcon_core.shell:Creating environment hook '/home/sailbot/sailbot21-22/install/sailbot/share/sailbot/hook/ament_prefix_path.ps1'
[2.579s] INFO:colcon.colcon_core.shell:Creating environment descriptor '/home/sailbot/sailbot21-22/install/sailbot/share/sailbot/hook/ament_prefix_path.dsv'
[2.581s] INFO:colcon.colcon_core.shell:Creating environment hook '/home/sailbot/sailbot21-22/install/sailbot/share/sailbot/hook/ament_prefix_path.sh'
[2.586s] INFO:colcon.colcon_core.shell:Skip shell extension 'powershell' for command environment: Not usable outside of PowerShell
[2.586s] DEBUG:colcon.colcon_core.shell:Skip shell extension 'dsv' for command environment
[2.598s] DEBUG:colcon.colcon_core.shell:Ignoring prefix path '/opt/ros/dashing'
[4.042s] INFO:colcon.colcon_core.task.python.build:Building Python package in '/home/sailbot/sailbot21-22/sailbot_ws/src/low_level'
[4.046s] INFO:colcon.colcon_core.shell:Skip shell extension 'powershell' for command environment: Not usable outside of PowerShell
[4.047s] DEBUG:colcon.colcon_core.shell:Skip shell extension 'dsv' for command environment
[4.057s] DEBUG:colcon.colcon_core.shell:Ignoring prefix path '/opt/ros/dashing'
[5.445s] INFO:colcon.colcon_core.task.python.build:Building Python package in '/home/sailbot/sailbot21-22/sailbot_ws/src/sailbot'
[5.449s] INFO:colcon.colcon_core.shell:Skip shell extension 'powershell' for command environment: Not usable outside of PowerShell
[5.450s] DEBUG:colcon.colcon_core.shell:Skip shell extension 'dsv' for command environment
[5.460s] DEBUG:colcon.colcon_core.shell:Ignoring prefix path '/opt/ros/dashing'
[5.480s] DEBUG:colcon.colcon_core.event_handler.log_command:Invoking command in '/home/sailbot/sailbot21-22/sailbot_ws/src/low_level': PYTHONPATH=/home/sailbot/sailbot21-22/install/low_level/lib/python3.6/site-packages:${PYTHONPATH} /usr/bin/python3 setup.py egg_info --egg-base ../../../build/low_level build --build-base /home/sailbot/sailbot21-22/build/low_level/build install --prefix /home/sailbot/sailbot21-22/install/low_level --record /home/sailbot/sailbot21-22/build/low_level/install.log --single-version-externally-managed
[5.500s] DEBUG:colcon.colcon_core.event_handler.log_command:Invoking command in '/home/sailbot/sailbot21-22/sailbot_ws/src/sailbot': PYTHONPATH=/home/sailbot/sailbot21-22/install/sailbot/lib/python3.6/site-packages:${PYTHONPATH} /usr/bin/python3 setup.py egg_info --egg-base ../../../build/sailbot build --build-base /home/sailbot/sailbot21-22/build/sailbot/build install --prefix /home/sailbot/sailbot21-22/install/sailbot --record /home/sailbot/sailbot21-22/build/sailbot/install.log --single-version-externally-managed
[7.113s] DEBUG:colcon.colcon_core.event_handler.log_command:Invoked command in '/home/sailbot/sailbot21-22/sailbot_ws/src/low_level' returned '0': PYTHONPATH=/home/sailbot/sailbot21-22/install/low_level/lib/python3.6/site-packages:${PYTHONPATH} /usr/bin/python3 setup.py egg_info --egg-base ../../../build/low_level build --build-base /home/sailbot/sailbot21-22/build/low_level/build install --prefix /home/sailbot/sailbot21-22/install/low_level --record /home/sailbot/sailbot21-22/build/low_level/install.log --single-version-externally-managed
[7.130s] Level 1:colcon.colcon_core.environment:checking '/home/sailbot/sailbot21-22/install/low_level' for CMake module files
[7.133s] Level 1:colcon.colcon_core.environment:checking '/home/sailbot/sailbot21-22/install/low_level' for CMake config files
[7.138s] Level 1:colcon.colcon_core.environment:checking '/home/sailbot/sailbot21-22/install/low_level/lib'
[7.139s] Level 1:colcon.colcon_core.environment:checking '/home/sailbot/sailbot21-22/install/low_level/bin'
[7.140s] Level 1:colcon.colcon_core.environment:checking '/home/sailbot/sailbot21-22/install/low_level/lib/pkgconfig/low_level.pc'
[7.140s] Level 1:colcon.colcon_core.environment:checking '/home/sailbot/sailbot21-22/install/low_level/lib/python3.6/site-packages'
[7.140s] Level 1:colcon.colcon_core.shell:create_environment_hook('low_level', 'pythonpath')
[7.144s] INFO:colcon.colcon_core.shell:Creating environment hook '/home/sailbot/sailbot21-22/install/low_level/share/low_level/hook/pythonpath.ps1'
[7.147s] INFO:colcon.colcon_core.shell:Creating environment descriptor '/home/sailbot/sailbot21-22/install/low_level/share/low_level/hook/pythonpath.dsv'
[7.148s] INFO:colcon.colcon_core.shell:Creating environment hook '/home/sailbot/sailbot21-22/install/low_level/share/low_level/hook/pythonpath.sh'
[7.150s] Level 1:colcon.colcon_core.environment:create_environment_scripts_only(low_level)
[7.154s] INFO:colcon.colcon_core.shell:Creating package script '/home/sailbot/sailbot21-22/install/low_level/share/low_level/package.ps1'
[7.159s] INFO:colcon.colcon_core.shell:Creating package descriptor '/home/sailbot/sailbot21-22/install/low_level/share/low_level/package.dsv'
[7.162s] INFO:colcon.colcon_core.shell:Creating package script '/home/sailbot/sailbot21-22/install/low_level/share/low_level/package.sh'
[7.166s] INFO:colcon.colcon_core.shell:Creating package script '/home/sailbot/sailbot21-22/install/low_level/share/low_level/package.bash'
[7.170s] INFO:colcon.colcon_core.shell:Creating package script '/home/sailbot/sailbot21-22/install/low_level/share/low_level/package.zsh'
[7.174s] Level 1:colcon.colcon_core.environment:create_file_with_runtime_dependencies(/home/sailbot/sailbot21-22/install/low_level/share/colcon-core/packages/low_level)
[7.183s] Level 1:colcon.colcon_core.environment:checking '/home/sailbot/sailbot21-22/install/sailbot' for CMake module files
[7.187s] DEBUG:colcon.colcon_core.event_handler.log_command:Invoked command in '/home/sailbot/sailbot21-22/sailbot_ws/src/sailbot' returned '0': PYTHONPATH=/home/sailbot/sailbot21-22/install/sailbot/lib/python3.6/site-packages:${PYTHONPATH} /usr/bin/python3 setup.py egg_info --egg-base ../../../build/sailbot build --build-base /home/sailbot/sailbot21-22/build/sailbot/build install --prefix /home/sailbot/sailbot21-22/install/sailbot --record /home/sailbot/sailbot21-22/build/sailbot/install.log --single-version-externally-managed
[7.188s] Level 1:colcon.colcon_core.environment:checking '/home/sailbot/sailbot21-22/install/sailbot' for CMake config files
[7.193s] Level 1:colcon.colcon_core.environment:checking '/home/sailbot/sailbot21-22/install/sailbot/lib'
[7.193s] Level 1:colcon.colcon_core.environment:checking '/home/sailbot/sailbot21-22/install/sailbot/bin'
[7.193s] Level 1:colcon.colcon_core.environment:checking '/home/sailbot/sailbot21-22/install/sailbot/lib/pkgconfig/sailbot.pc'
[7.194s] Level 1:colcon.colcon_core.environment:checking '/home/sailbot/sailbot21-22/install/sailbot/lib/python3.6/site-packages'
[7.194s] Level 1:colcon.colcon_core.shell:create_environment_hook('sailbot', 'pythonpath')
[7.197s] INFO:colcon.colcon_core.shell:Creating environment hook '/home/sailbot/sailbot21-22/install/sailbot/share/sailbot/hook/pythonpath.ps1'
[7.199s] INFO:colcon.colcon_core.shell:Creating environment descriptor '/home/sailbot/sailbot21-22/install/sailbot/share/sailbot/hook/pythonpath.dsv'
[7.200s] INFO:colcon.colcon_core.shell:Creating environment hook '/home/sailbot/sailbot21-22/install/sailbot/share/sailbot/hook/pythonpath.sh'
[7.202s] Level 1:colcon.colcon_core.environment:create_environment_scripts_only(sailbot)
[7.205s] INFO:colcon.colcon_core.shell:Creating package script '/home/sailbot/sailbot21-22/install/sailbot/share/sailbot/package.ps1'
[7.207s] INFO:colcon.colcon_core.shell:Creating package descriptor '/home/sailbot/sailbot21-22/install/sailbot/share/sailbot/package.dsv'
[7.209s] INFO:colcon.colcon_core.shell:Creating package script '/home/sailbot/sailbot21-22/install/sailbot/share/sailbot/package.sh'
[7.211s] INFO:colcon.colcon_core.shell:Creating package script '/home/sailbot/sailbot21-22/install/sailbot/share/sailbot/package.bash'
[7.212s] INFO:colcon.colcon_core.shell:Creating package script '/home/sailbot/sailbot21-22/install/sailbot/share/sailbot/package.zsh'
[7.214s] Level 1:colcon.colcon_core.environment:create_file_with_runtime_dependencies(/home/sailbot/sailbot21-22/install/sailbot/share/colcon-core/packages/sailbot)
[7.215s] DEBUG:colcon.colcon_parallel_executor.executor.parallel:closing loop
[7.216s] DEBUG:colcon.colcon_parallel_executor.executor.parallel:loop closed
[7.217s] DEBUG:colcon.colcon_parallel_executor.executor.parallel:run_until_complete finished with '0'
[7.217s] DEBUG:colcon.colcon_core.event_reactor:joining thread
[7.245s] INFO:colcon.colcon_core.plugin_system:Skipping extension 'colcon_notification.desktop_notification.terminal_notifier': Not used on non-Darwin systems
[7.246s] INFO:colcon.colcon_core.plugin_system:Skipping extension 'colcon_notification.desktop_notification.win32': Not used on non-Windows systems
[7.246s] INFO:colcon.colcon_notification.desktop_notification:Sending desktop notification using 'notify2'
[7.278s] DEBUG:colcon.colcon_notification.desktop_notification.notify2:Failed to initialize notify2: org.freedesktop.DBus.Error.Spawn.ChildExited: Process org.freedesktop.Notifications exited with status 1
[7.279s] DEBUG:colcon.colcon_core.event_reactor:joined thread
[7.282s] INFO:colcon.colcon_core.shell:Creating prefix script '/home/sailbot/sailbot21-22/install/local_setup.ps1'
[7.289s] INFO:colcon.colcon_core.shell:Creating prefix util module '/home/sailbot/sailbot21-22/install/_local_setup_util_ps1.py'
[7.297s] INFO:colcon.colcon_core.shell:Creating prefix chain script '/home/sailbot/sailbot21-22/install/setup.ps1'
[7.311s] INFO:colcon.colcon_core.shell:Creating prefix script '/home/sailbot/sailbot21-22/install/local_setup.sh'
[7.314s] INFO:colcon.colcon_core.shell:Creating prefix util module '/home/sailbot/sailbot21-22/install/_local_setup_util_sh.py'
[7.316s] INFO:colcon.colcon_core.shell:Creating prefix chain script '/home/sailbot/sailbot21-22/install/setup.sh'
[7.331s] INFO:colcon.colcon_core.shell:Creating prefix script '/home/sailbot/sailbot21-22/install/local_setup.bash'
[7.333s] INFO:colcon.colcon_core.shell:Creating prefix chain script '/home/sailbot/sailbot21-22/install/setup.bash'
[7.348s] INFO:colcon.colcon_core.shell:Creating prefix script '/home/sailbot/sailbot21-22/install/local_setup.zsh'
[7.350s] INFO:colcon.colcon_core.shell:Creating prefix chain script '/home/sailbot/sailbot21-22/install/setup.zsh'
