[3.322s] Invoking command in '/home/sailbot/sailbot21-22/sailbot_ws/src/sailbot': PYTHONPATH=/home/sailbot/sailbot21-22/install/sailbot/lib/python3.6/site-packages:${PYTHONPATH} /usr/bin/python3 setup.py egg_info --egg-base ../../../build/sailbot build --build-base /home/sailbot/sailbot21-22/build/sailbot/build install --prefix /home/sailbot/sailbot21-22/install/sailbot --record /home/sailbot/sailbot21-22/build/sailbot/install.log --single-version-externally-managed
[4.835s] /home/sailbot/.local/lib/python3.6/site-packages/setuptools/dist.py:720: UserWarning: Usage of dash-separated 'script-dir' will not be supported in future versions. Please use the underscore name 'script_dir' instead
[4.836s]   % (opt, underscore_opt)
[4.839s] /home/sailbot/.local/lib/python3.6/site-packages/setuptools/dist.py:720: UserWarning: Usage of dash-separated 'install-scripts' will not be supported in future versions. Please use the underscore name 'install_scripts' instead
[4.840s]   % (opt, underscore_opt)
[5.040s] running egg_info
[5.043s] writing ../../../build/sailbot/sailbot.egg-info/PKG-INFO
[5.047s] writing dependency_links to ../../../build/sailbot/sailbot.egg-info/dependency_links.txt
[5.048s] writing entry points to ../../../build/sailbot/sailbot.egg-info/entry_points.txt
[5.048s] writing requirements to ../../../build/sailbot/sailbot.egg-info/requires.txt
[5.049s] writing top-level names to ../../../build/sailbot/sailbot.egg-info/top_level.txt
[5.058s] reading manifest file '../../../build/sailbot/sailbot.egg-info/SOURCES.txt'
[5.066s] writing manifest file '../../../build/sailbot/sailbot.egg-info/SOURCES.txt'
[5.067s] running build
[5.068s] running build_py
[5.074s] copying sailbot/airmar_reader.py -> /home/sailbot/sailbot21-22/build/sailbot/build/lib/sailbot
[5.087s] running install
[5.087s] /home/sailbot/.local/lib/python3.6/site-packages/setuptools/command/install.py:37: SetuptoolsDeprecationWarning: setup.py install is deprecated. Use build and pip and other standards-based tools.
[5.088s]   setuptools.SetuptoolsDeprecationWarning,
[5.089s] running install_lib
[5.090s] copying /home/sailbot/sailbot21-22/build/sailbot/build/lib/sailbot/airmar_reader.py -> /home/sailbot/sailbot21-22/install/sailbot/lib/python3.6/site-packages/sailbot
[5.109s] byte-compiling /home/sailbot/sailbot21-22/install/sailbot/lib/python3.6/site-packages/sailbot/debug_interface.py to debug_interface.cpython-36.pyc
[5.110s] byte-compiling /home/sailbot/sailbot21-22/install/sailbot/lib/python3.6/site-packages/sailbot/battery_monitor.py to battery_monitor.cpython-36.pyc
[5.112s] running install_data
[5.122s] running install_egg_info
[5.131s] removing '/home/sailbot/sailbot21-22/install/sailbot/lib/python3.6/site-packages/sailbot-1.0.0-py3.6.egg-info' (and everything under it)
[5.132s] Copying ../../../build/sailbot/sailbot.egg-info to /home/sailbot/sailbot21-22/install/sailbot/lib/python3.6/site-packages/sailbot-1.0.0-py3.6.egg-info
[5.139s] running install_scripts
[5.246s] Installing airmar_reader script to /home/sailbot/sailbot21-22/install/sailbot/lib/sailbot
[5.249s] Installing battery_monitor script to /home/sailbot/sailbot21-22/install/sailbot/lib/sailbot
[5.250s] Installing control_system script to /home/sailbot/sailbot21-22/install/sailbot/lib/sailbot
[5.251s] Installing debug_interface script to /home/sailbot/sailbot21-22/install/sailbot/lib/sailbot
[5.251s] Installing pwm_controller script to /home/sailbot/sailbot21-22/install/sailbot/lib/sailbot
[5.252s] Installing serial_rc_receiver script to /home/sailbot/sailbot21-22/install/sailbot/lib/sailbot
[5.253s] Installing trim_tab_comms script to /home/sailbot/sailbot21-22/install/sailbot/lib/sailbot
[5.255s] writing list of installed files to '/home/sailbot/sailbot21-22/build/sailbot/install.log'
[5.459s] Invoked command in '/home/sailbot/sailbot21-22/sailbot_ws/src/sailbot' returned '0': PYTHONPATH=/home/sailbot/sailbot21-22/install/sailbot/lib/python3.6/site-packages:${PYTHONPATH} /usr/bin/python3 setup.py egg_info --egg-base ../../../build/sailbot build --build-base /home/sailbot/sailbot21-22/build/sailbot/build install --prefix /home/sailbot/sailbot21-22/install/sailbot --record /home/sailbot/sailbot21-22/build/sailbot/install.log --single-version-externally-managed
