[3.089s] Invoking command in '/home/sailbot/sailbot21-22/sailbot_ws/src/sailbot': PYTHONPATH=/home/sailbot/sailbot21-22/install/sailbot/lib/python3.6/site-packages:${PYTHONPATH} /usr/bin/python3 setup.py egg_info --egg-base ../../../build/sailbot build --build-base /home/sailbot/sailbot21-22/build/sailbot/build install --prefix /home/sailbot/sailbot21-22/install/sailbot --record /home/sailbot/sailbot21-22/build/sailbot/install.log --single-version-externally-managed
[4.338s] /home/sailbot/.local/lib/python3.6/site-packages/setuptools/dist.py:720: UserWarning: Usage of dash-separated 'script-dir' will not be supported in future versions. Please use the underscore name 'script_dir' instead
[4.339s]   % (opt, underscore_opt)
[4.340s] /home/sailbot/.local/lib/python3.6/site-packages/setuptools/dist.py:720: UserWarning: Usage of dash-separated 'install-scripts' will not be supported in future versions. Please use the underscore name 'install_scripts' instead
[4.341s]   % (opt, underscore_opt)
[4.533s] running egg_info
[4.537s] writing ../../../build/sailbot/sailbot.egg-info/PKG-INFO
[4.539s] writing dependency_links to ../../../build/sailbot/sailbot.egg-info/dependency_links.txt
[4.541s] writing entry points to ../../../build/sailbot/sailbot.egg-info/entry_points.txt
[4.541s] writing requirements to ../../../build/sailbot/sailbot.egg-info/requires.txt
[4.542s] writing top-level names to ../../../build/sailbot/sailbot.egg-info/top_level.txt
[4.550s] reading manifest file '../../../build/sailbot/sailbot.egg-info/SOURCES.txt'
[4.559s] writing manifest file '../../../build/sailbot/sailbot.egg-info/SOURCES.txt'
[4.560s] running build
[4.560s] running build_py
[4.567s] running install
[4.567s] /home/sailbot/.local/lib/python3.6/site-packages/setuptools/command/install.py:37: SetuptoolsDeprecationWarning: setup.py install is deprecated. Use build and pip and other standards-based tools.
[4.568s]   setuptools.SetuptoolsDeprecationWarning,
[4.569s] running install_lib
[4.576s] byte-compiling /home/sailbot/sailbot21-22/install/sailbot/lib/python3.6/site-packages/sailbot/trim_tab_comms.py to trim_tab_comms.cpython-36.pyc
[4.581s] byte-compiling /home/sailbot/sailbot21-22/install/sailbot/lib/python3.6/site-packages/sailbot/airmar_reader.py to airmar_reader.cpython-36.pyc
[4.584s] byte-compiling /home/sailbot/sailbot21-22/install/sailbot/lib/python3.6/site-packages/sailbot/serial_rc_receiver.py to serial_rc_receiver.cpython-36.pyc
[4.589s] byte-compiling /home/sailbot/sailbot21-22/install/sailbot/lib/python3.6/site-packages/sailbot/highlvlpathing.py to highlvlpathing.cpython-36.pyc
[4.600s] byte-compiling /home/sailbot/sailbot21-22/install/sailbot/lib/python3.6/site-packages/sailbot/__init__.py to __init__.cpython-36.pyc
[4.601s] byte-compiling /home/sailbot/sailbot21-22/install/sailbot/lib/python3.6/site-packages/sailbot/pwm_controller.py to pwm_controller.cpython-36.pyc
[4.605s] byte-compiling /home/sailbot/sailbot21-22/install/sailbot/lib/python3.6/site-packages/sailbot/autonomous/highlvlpathing.py to highlvlpathing.cpython-36.pyc
[4.615s] byte-compiling /home/sailbot/sailbot21-22/install/sailbot/lib/python3.6/site-packages/sailbot/autonomous/__init__.py to __init__.cpython-36.pyc
[4.616s] byte-compiling /home/sailbot/sailbot21-22/install/sailbot/lib/python3.6/site-packages/sailbot/autonomous/p2p.py to p2p.cpython-36.pyc
[4.621s] byte-compiling /home/sailbot/sailbot21-22/install/sailbot/lib/python3.6/site-packages/sailbot/control_system.py to control_system.cpython-36.pyc
[4.630s] byte-compiling /home/sailbot/sailbot21-22/install/sailbot/lib/python3.6/site-packages/sailbot/battery_monitor.py to battery_monitor.cpython-36.pyc
[4.631s] running install_data
[4.635s] running install_egg_info
[4.642s] removing '/home/sailbot/sailbot21-22/install/sailbot/lib/python3.6/site-packages/sailbot-1.0.0-py3.6.egg-info' (and everything under it)
[4.643s] Copying ../../../build/sailbot/sailbot.egg-info to /home/sailbot/sailbot21-22/install/sailbot/lib/python3.6/site-packages/sailbot-1.0.0-py3.6.egg-info
[4.647s] running install_scripts
[4.743s] Installing airmar_reader script to /home/sailbot/sailbot21-22/install/sailbot/lib/sailbot
[4.744s] Installing battery_monitor script to /home/sailbot/sailbot21-22/install/sailbot/lib/sailbot
[4.745s] Installing control_system script to /home/sailbot/sailbot21-22/install/sailbot/lib/sailbot
[4.746s] Installing debug_interface script to /home/sailbot/sailbot21-22/install/sailbot/lib/sailbot
[4.747s] Installing pwm_controller script to /home/sailbot/sailbot21-22/install/sailbot/lib/sailbot
[4.747s] Installing serial_rc_receiver script to /home/sailbot/sailbot21-22/install/sailbot/lib/sailbot
[4.748s] Installing trim_tab_comms script to /home/sailbot/sailbot21-22/install/sailbot/lib/sailbot
[4.750s] writing list of installed files to '/home/sailbot/sailbot21-22/build/sailbot/install.log'
[4.874s] Invoked command in '/home/sailbot/sailbot21-22/sailbot_ws/src/sailbot' returned '0': PYTHONPATH=/home/sailbot/sailbot21-22/install/sailbot/lib/python3.6/site-packages:${PYTHONPATH} /usr/bin/python3 setup.py egg_info --egg-base ../../../build/sailbot build --build-base /home/sailbot/sailbot21-22/build/sailbot/build install --prefix /home/sailbot/sailbot21-22/install/sailbot --record /home/sailbot/sailbot21-22/build/sailbot/install.log --single-version-externally-managed
