[3.172s] Invoking command in '/home/sailbot/sailbot21-22/sailbot_ws/src/low_level': PYTHONPATH=/home/sailbot/sailbot21-22/install/low_level/lib/python3.6/site-packages:${PYTHONPATH} /usr/bin/python3 setup.py egg_info --egg-base ../../../build/low_level build --build-base /home/sailbot/sailbot21-22/build/low_level/build install --prefix /home/sailbot/sailbot21-22/install/low_level --record /home/sailbot/sailbot21-22/build/low_level/install.log --single-version-externally-managed
[4.545s] /home/sailbot/.local/lib/python3.6/site-packages/setuptools/dist.py:720: UserWarning: Usage of dash-separated 'script-dir' will not be supported in future versions. Please use the underscore name 'script_dir' instead
[4.545s]   % (opt, underscore_opt)
[4.547s] /home/sailbot/.local/lib/python3.6/site-packages/setuptools/dist.py:720: UserWarning: Usage of dash-separated 'install-scripts' will not be supported in future versions. Please use the underscore name 'install_scripts' instead
[4.548s]   % (opt, underscore_opt)
[4.729s] running egg_info
[4.733s] writing ../../../build/low_level/low_level.egg-info/PKG-INFO
[4.733s] writing dependency_links to ../../../build/low_level/low_level.egg-info/dependency_links.txt
[4.734s] writing entry points to ../../../build/low_level/low_level.egg-info/entry_points.txt
[4.736s] writing requirements to ../../../build/low_level/low_level.egg-info/requires.txt
[4.736s] writing top-level names to ../../../build/low_level/low_level.egg-info/top_level.txt
[4.744s] reading manifest file '../../../build/low_level/low_level.egg-info/SOURCES.txt'
[4.751s] writing manifest file '../../../build/low_level/low_level.egg-info/SOURCES.txt'
[4.752s] running build
[4.752s] running build_py
[4.756s] running install
[4.756s] /home/sailbot/.local/lib/python3.6/site-packages/setuptools/command/install.py:37: SetuptoolsDeprecationWarning: setup.py install is deprecated. Use build and pip and other standards-based tools.
[4.758s]   setuptools.SetuptoolsDeprecationWarning,
[4.759s] running install_lib
[4.764s] running install_data
[4.767s] running install_egg_info
[4.776s] removing '/home/sailbot/sailbot21-22/install/low_level/lib/python3.6/site-packages/low_level-0.0.0-py3.6.egg-info' (and everything under it)
[4.778s] Copying ../../../build/low_level/low_level.egg-info to /home/sailbot/sailbot21-22/install/low_level/lib/python3.6/site-packages/low_level-0.0.0-py3.6.egg-info
[4.782s] running install_scripts
[4.869s] Installing desired_heading script to /home/sailbot/sailbot21-22/install/low_level/lib/low_level
[4.870s] Installing point2point script to /home/sailbot/sailbot21-22/install/low_level/lib/low_level
[4.871s] Installing rudder_control script to /home/sailbot/sailbot21-22/install/low_level/lib/low_level
[4.873s] Installing rudder_test script to /home/sailbot/sailbot21-22/install/low_level/lib/low_level
[4.874s] Installing target_location script to /home/sailbot/sailbot21-22/install/low_level/lib/low_level
[4.875s] Installing tt_state_pub script to /home/sailbot/sailbot21-22/install/low_level/lib/low_level
[4.876s] writing list of installed files to '/home/sailbot/sailbot21-22/build/low_level/install.log'
[5.045s] Invoked command in '/home/sailbot/sailbot21-22/sailbot_ws/src/low_level' returned '0': PYTHONPATH=/home/sailbot/sailbot21-22/install/low_level/lib/python3.6/site-packages:${PYTHONPATH} /usr/bin/python3 setup.py egg_info --egg-base ../../../build/low_level build --build-base /home/sailbot/sailbot21-22/build/low_level/build install --prefix /home/sailbot/sailbot21-22/install/low_level --record /home/sailbot/sailbot21-22/build/low_level/install.log --single-version-externally-managed
