[2.979s] Invoking command in '/home/sailbot/sailbot21-22/sailbot_ws/src/low_level': PYTHONPATH=/home/sailbot/sailbot21-22/install/low_level/lib/python3.6/site-packages:${PYTHONPATH} /usr/bin/python3 setup.py egg_info --egg-base ../../../build/low_level build --build-base /home/sailbot/sailbot21-22/build/low_level/build install --prefix /home/sailbot/sailbot21-22/install/low_level --record /home/sailbot/sailbot21-22/build/low_level/install.log --single-version-externally-managed
[4.200s] /home/sailbot/.local/lib/python3.6/site-packages/setuptools/dist.py:720: UserWarning: Usage of dash-separated 'script-dir' will not be supported in future versions. Please use the underscore name 'script_dir' instead
[4.201s]   % (opt, underscore_opt)
[4.202s] /home/sailbot/.local/lib/python3.6/site-packages/setuptools/dist.py:720: UserWarning: Usage of dash-separated 'install-scripts' will not be supported in future versions. Please use the underscore name 'install_scripts' instead
[4.203s]   % (opt, underscore_opt)
[4.373s] running egg_info
[4.376s] creating ../../../build/low_level/low_level.egg-info
[4.377s] writing ../../../build/low_level/low_level.egg-info/PKG-INFO
[4.377s] writing dependency_links to ../../../build/low_level/low_level.egg-info/dependency_links.txt
[4.378s] writing entry points to ../../../build/low_level/low_level.egg-info/entry_points.txt
[4.379s] writing requirements to ../../../build/low_level/low_level.egg-info/requires.txt
[4.380s] writing top-level names to ../../../build/low_level/low_level.egg-info/top_level.txt
[4.380s] writing manifest file '../../../build/low_level/low_level.egg-info/SOURCES.txt'
[4.388s] reading manifest file '../../../build/low_level/low_level.egg-info/SOURCES.txt'
[4.397s] writing manifest file '../../../build/low_level/low_level.egg-info/SOURCES.txt'
[4.397s] running build
[4.398s] running build_py
[4.399s] creating /home/sailbot/sailbot21-22/build/low_level/build
[4.399s] creating /home/sailbot/sailbot21-22/build/low_level/build/lib
[4.400s] creating /home/sailbot/sailbot21-22/build/low_level/build/lib/low_level
[4.401s] copying low_level/desired_heading_publisher.py -> /home/sailbot/sailbot21-22/build/low_level/build/lib/low_level
[4.401s] copying low_level/rudder_test.py -> /home/sailbot/sailbot21-22/build/low_level/build/lib/low_level
[4.402s] copying low_level/lat_long_publisher.py -> /home/sailbot/sailbot21-22/build/low_level/build/lib/low_level
[4.403s] copying low_level/standalone_trim_tab_state_publisher.py -> /home/sailbot/sailbot21-22/build/low_level/build/lib/low_level
[4.404s] copying low_level/__init__.py -> /home/sailbot/sailbot21-22/build/low_level/build/lib/low_level
[4.405s] copying low_level/target_generation.py -> /home/sailbot/sailbot21-22/build/low_level/build/lib/low_level
[4.405s] copying low_level/point_to_point.py -> /home/sailbot/sailbot21-22/build/low_level/build/lib/low_level
[4.406s] copying low_level/rudder_control.py -> /home/sailbot/sailbot21-22/build/low_level/build/lib/low_level
[4.407s] copying low_level/station_keeping_target_gen.py -> /home/sailbot/sailbot21-22/build/low_level/build/lib/low_level
[4.409s] running install
[4.410s] /home/sailbot/.local/lib/python3.6/site-packages/setuptools/command/install.py:37: SetuptoolsDeprecationWarning: setup.py install is deprecated. Use build and pip and other standards-based tools.
[4.411s]   setuptools.SetuptoolsDeprecationWarning,
[4.416s] running install_lib
[4.419s] creating /home/sailbot/sailbot21-22/install/low_level/lib/python3.6/site-packages/low_level
[4.419s] copying /home/sailbot/sailbot21-22/build/low_level/build/lib/low_level/desired_heading_publisher.py -> /home/sailbot/sailbot21-22/install/low_level/lib/python3.6/site-packages/low_level
[4.421s] copying /home/sailbot/sailbot21-22/build/low_level/build/lib/low_level/rudder_test.py -> /home/sailbot/sailbot21-22/install/low_level/lib/python3.6/site-packages/low_level
[4.421s] copying /home/sailbot/sailbot21-22/build/low_level/build/lib/low_level/lat_long_publisher.py -> /home/sailbot/sailbot21-22/install/low_level/lib/python3.6/site-packages/low_level
[4.422s] copying /home/sailbot/sailbot21-22/build/low_level/build/lib/low_level/standalone_trim_tab_state_publisher.py -> /home/sailbot/sailbot21-22/install/low_level/lib/python3.6/site-packages/low_level
[4.424s] copying /home/sailbot/sailbot21-22/build/low_level/build/lib/low_level/__init__.py -> /home/sailbot/sailbot21-22/install/low_level/lib/python3.6/site-packages/low_level
[4.424s] copying /home/sailbot/sailbot21-22/build/low_level/build/lib/low_level/target_generation.py -> /home/sailbot/sailbot21-22/install/low_level/lib/python3.6/site-packages/low_level
[4.426s] copying /home/sailbot/sailbot21-22/build/low_level/build/lib/low_level/point_to_point.py -> /home/sailbot/sailbot21-22/install/low_level/lib/python3.6/site-packages/low_level
[4.427s] copying /home/sailbot/sailbot21-22/build/low_level/build/lib/low_level/rudder_control.py -> /home/sailbot/sailbot21-22/install/low_level/lib/python3.6/site-packages/low_level
[4.428s] copying /home/sailbot/sailbot21-22/build/low_level/build/lib/low_level/station_keeping_target_gen.py -> /home/sailbot/sailbot21-22/install/low_level/lib/python3.6/site-packages/low_level
[4.429s] byte-compiling /home/sailbot/sailbot21-22/install/low_level/lib/python3.6/site-packages/low_level/desired_heading_publisher.py to desired_heading_publisher.cpython-36.pyc
[4.432s] byte-compiling /home/sailbot/sailbot21-22/install/low_level/lib/python3.6/site-packages/low_level/rudder_test.py to rudder_test.cpython-36.pyc
[4.433s] byte-compiling /home/sailbot/sailbot21-22/install/low_level/lib/python3.6/site-packages/low_level/lat_long_publisher.py to lat_long_publisher.cpython-36.pyc
[4.436s] byte-compiling /home/sailbot/sailbot21-22/install/low_level/lib/python3.6/site-packages/low_level/standalone_trim_tab_state_publisher.py to standalone_trim_tab_state_publisher.cpython-36.pyc
[4.437s] byte-compiling /home/sailbot/sailbot21-22/install/low_level/lib/python3.6/site-packages/low_level/__init__.py to __init__.cpython-36.pyc
[4.437s] byte-compiling /home/sailbot/sailbot21-22/install/low_level/lib/python3.6/site-packages/low_level/target_generation.py to target_generation.cpython-36.pyc
[4.440s] byte-compiling /home/sailbot/sailbot21-22/install/low_level/lib/python3.6/site-packages/low_level/point_to_point.py to point_to_point.cpython-36.pyc
[4.444s] byte-compiling /home/sailbot/sailbot21-22/install/low_level/lib/python3.6/site-packages/low_level/rudder_control.py to rudder_control.cpython-36.pyc
[4.447s] byte-compiling /home/sailbot/sailbot21-22/install/low_level/lib/python3.6/site-packages/low_level/station_keeping_target_gen.py to station_keeping_target_gen.cpython-36.pyc
[4.448s] running install_data
[4.449s] creating /home/sailbot/sailbot21-22/install/low_level/share/ament_index
[4.450s] creating /home/sailbot/sailbot21-22/install/low_level/share/ament_index/resource_index
[4.450s] creating /home/sailbot/sailbot21-22/install/low_level/share/ament_index/resource_index/packages
[4.451s] copying resource/low_level -> /home/sailbot/sailbot21-22/install/low_level/share/ament_index/resource_index/packages
[4.452s] copying package.xml -> /home/sailbot/sailbot21-22/install/low_level/share/low_level
[4.453s] creating /home/sailbot/sailbot21-22/install/low_level/share/low_level/launch
[4.453s] copying launch/auto_nav.py -> /home/sailbot/sailbot21-22/install/low_level/share/low_level/launch
[4.454s] copying launch/rudder_test.py -> /home/sailbot/sailbot21-22/install/low_level/share/low_level/launch
[4.455s] copying launch/station_keeping.py -> /home/sailbot/sailbot21-22/install/low_level/share/low_level/launch
[4.455s] copying launch/point2point_test.py -> /home/sailbot/sailbot21-22/install/low_level/share/low_level/launch
[4.456s] running install_egg_info
[4.460s] Copying ../../../build/low_level/low_level.egg-info to /home/sailbot/sailbot21-22/install/low_level/lib/python3.6/site-packages/low_level-0.0.0-py3.6.egg-info
[4.464s] running install_scripts
[4.550s] Installing desired_heading script to /home/sailbot/sailbot21-22/install/low_level/lib/low_level
[4.551s] Installing point2point script to /home/sailbot/sailbot21-22/install/low_level/lib/low_level
[4.552s] Installing rudder_control script to /home/sailbot/sailbot21-22/install/low_level/lib/low_level
[4.552s] Installing rudder_test script to /home/sailbot/sailbot21-22/install/low_level/lib/low_level
[4.553s] Installing station_target_gen script to /home/sailbot/sailbot21-22/install/low_level/lib/low_level
[4.554s] Installing target_gen script to /home/sailbot/sailbot21-22/install/low_level/lib/low_level
[4.554s] Installing target_location script to /home/sailbot/sailbot21-22/install/low_level/lib/low_level
[4.554s] Installing tt_state_pub script to /home/sailbot/sailbot21-22/install/low_level/lib/low_level
[4.555s] writing list of installed files to '/home/sailbot/sailbot21-22/build/low_level/install.log'
[4.676s] Invoked command in '/home/sailbot/sailbot21-22/sailbot_ws/src/low_level' returned '0': PYTHONPATH=/home/sailbot/sailbot21-22/install/low_level/lib/python3.6/site-packages:${PYTHONPATH} /usr/bin/python3 setup.py egg_info --egg-base ../../../build/low_level build --build-base /home/sailbot/sailbot21-22/build/low_level/build install --prefix /home/sailbot/sailbot21-22/install/low_level --record /home/sailbot/sailbot21-22/build/low_level/install.log --single-version-externally-managed
