[3.156s] Invoking command in '/home/sailbot/sailbot21-22/sailbot_ws/src/low_level': PYTHONPATH=/home/sailbot/sailbot21-22/install/low_level/lib/python3.6/site-packages:${PYTHONPATH} /usr/bin/python3 setup.py egg_info --egg-base ../../../build/low_level build --build-base /home/sailbot/sailbot21-22/build/low_level/build install --prefix /home/sailbot/sailbot21-22/install/low_level --record /home/sailbot/sailbot21-22/build/low_level/install.log --single-version-externally-managed
[4.416s] /home/sailbot/.local/lib/python3.6/site-packages/setuptools/dist.py:720: UserWarning: Usage of dash-separated 'script-dir' will not be supported in future versions. Please use the underscore name 'script_dir' instead
[4.416s]   % (opt, underscore_opt)
[4.418s] /home/sailbot/.local/lib/python3.6/site-packages/setuptools/dist.py:720: UserWarning: Usage of dash-separated 'install-scripts' will not be supported in future versions. Please use the underscore name 'install_scripts' instead
[4.418s]   % (opt, underscore_opt)
[4.597s] running egg_info
[4.603s] writing ../../../build/low_level/low_level.egg-info/PKG-INFO
[4.603s] writing dependency_links to ../../../build/low_level/low_level.egg-info/dependency_links.txt
[4.604s] writing entry points to ../../../build/low_level/low_level.egg-info/entry_points.txt
[4.604s] writing requirements to ../../../build/low_level/low_level.egg-info/requires.txt
[4.605s] writing top-level names to ../../../build/low_level/low_level.egg-info/top_level.txt
[4.611s] reading manifest file '../../../build/low_level/low_level.egg-info/SOURCES.txt'
[4.618s] writing manifest file '../../../build/low_level/low_level.egg-info/SOURCES.txt'
[4.619s] running build
[4.619s] running build_py
[4.622s] running install
[4.623s] /home/sailbot/.local/lib/python3.6/site-packages/setuptools/command/install.py:37: SetuptoolsDeprecationWarning: setup.py install is deprecated. Use build and pip and other standards-based tools.
[4.624s]   setuptools.SetuptoolsDeprecationWarning,
[4.626s] running install_lib
[4.631s] byte-compiling /home/sailbot/sailbot21-22/install/low_level/lib/python3.6/site-packages/low_level/desired_heading_publisher.py to desired_heading_publisher.cpython-36.pyc
[4.632s] byte-compiling /home/sailbot/sailbot21-22/install/low_level/lib/python3.6/site-packages/low_level/rudder_test.py to rudder_test.cpython-36.pyc
[4.634s] byte-compiling /home/sailbot/sailbot21-22/install/low_level/lib/python3.6/site-packages/low_level/lat_long_publisher.py to lat_long_publisher.cpython-36.pyc
[4.635s] byte-compiling /home/sailbot/sailbot21-22/install/low_level/lib/python3.6/site-packages/low_level/standalone_trim_tab_state_publisher.py to standalone_trim_tab_state_publisher.cpython-36.pyc
[4.639s] byte-compiling /home/sailbot/sailbot21-22/install/low_level/lib/python3.6/site-packages/low_level/__init__.py to __init__.cpython-36.pyc
[4.640s] byte-compiling /home/sailbot/sailbot21-22/install/low_level/lib/python3.6/site-packages/low_level/rudder_control.py to rudder_control.cpython-36.pyc
[4.644s] running install_data
[4.647s] running install_egg_info
[4.654s] removing '/home/sailbot/sailbot21-22/install/low_level/lib/python3.6/site-packages/low_level-0.0.0-py3.6.egg-info' (and everything under it)
[4.656s] Copying ../../../build/low_level/low_level.egg-info to /home/sailbot/sailbot21-22/install/low_level/lib/python3.6/site-packages/low_level-0.0.0-py3.6.egg-info
[4.669s] running install_scripts
[4.748s] Installing desired_heading script to /home/sailbot/sailbot21-22/install/low_level/lib/low_level
[4.749s] Installing point2point script to /home/sailbot/sailbot21-22/install/low_level/lib/low_level
[4.750s] Installing rudder_control script to /home/sailbot/sailbot21-22/install/low_level/lib/low_level
[4.750s] Installing rudder_test script to /home/sailbot/sailbot21-22/install/low_level/lib/low_level
[4.751s] Installing target_location script to /home/sailbot/sailbot21-22/install/low_level/lib/low_level
[4.752s] Installing tt_state_pub script to /home/sailbot/sailbot21-22/install/low_level/lib/low_level
[4.752s] writing list of installed files to '/home/sailbot/sailbot21-22/build/low_level/install.log'
[4.870s] Invoked command in '/home/sailbot/sailbot21-22/sailbot_ws/src/low_level' returned '0': PYTHONPATH=/home/sailbot/sailbot21-22/install/low_level/lib/python3.6/site-packages:${PYTHONPATH} /usr/bin/python3 setup.py egg_info --egg-base ../../../build/low_level build --build-base /home/sailbot/sailbot21-22/build/low_level/build install --prefix /home/sailbot/sailbot21-22/install/low_level --record /home/sailbot/sailbot21-22/build/low_level/install.log --single-version-externally-managed
