[3.023s] Invoking command in '/home/sailbot/sailbot21-22/sailbot_ws/src/low_level': PYTHONPATH=/home/sailbot/sailbot21-22/install/low_level/lib/python3.6/site-packages:${PYTHONPATH} /usr/bin/python3 setup.py egg_info --egg-base ../../../build/low_level build --build-base /home/sailbot/sailbot21-22/build/low_level/build install --prefix /home/sailbot/sailbot21-22/install/low_level --record /home/sailbot/sailbot21-22/build/low_level/install.log --single-version-externally-managed
[4.258s] /home/sailbot/.local/lib/python3.6/site-packages/setuptools/dist.py:720: UserWarning: Usage of dash-separated 'script-dir' will not be supported in future versions. Please use the underscore name 'script_dir' instead
[4.258s]   % (opt, underscore_opt)
[4.259s] /home/sailbot/.local/lib/python3.6/site-packages/setuptools/dist.py:720: UserWarning: Usage of dash-separated 'install-scripts' will not be supported in future versions. Please use the underscore name 'install_scripts' instead
[4.260s]   % (opt, underscore_opt)
[4.432s] running egg_info
[4.435s] writing ../../../build/low_level/low_level.egg-info/PKG-INFO
[4.438s] writing dependency_links to ../../../build/low_level/low_level.egg-info/dependency_links.txt
[4.438s] writing entry points to ../../../build/low_level/low_level.egg-info/entry_points.txt
[4.439s] writing requirements to ../../../build/low_level/low_level.egg-info/requires.txt
[4.440s] writing top-level names to ../../../build/low_level/low_level.egg-info/top_level.txt
[4.446s] reading manifest file '../../../build/low_level/low_level.egg-info/SOURCES.txt'
[4.454s] writing manifest file '../../../build/low_level/low_level.egg-info/SOURCES.txt'
[4.454s] running build
[4.455s] running build_py
[4.457s] running install
[4.458s] /home/sailbot/.local/lib/python3.6/site-packages/setuptools/command/install.py:37: SetuptoolsDeprecationWarning: setup.py install is deprecated. Use build and pip and other standards-based tools.
[4.458s]   setuptools.SetuptoolsDeprecationWarning,
[4.459s] running install_lib
[4.465s] byte-compiling /home/sailbot/sailbot21-22/install/low_level/lib/python3.6/site-packages/low_level/standalone_trim_tab_state_publisher.py to standalone_trim_tab_state_publisher.cpython-36.pyc
[4.468s] byte-compiling /home/sailbot/sailbot21-22/install/low_level/lib/python3.6/site-packages/low_level/point_to_point.py to point_to_point.cpython-36.pyc
[4.473s] running install_data
[4.474s] running install_egg_info
[4.481s] removing '/home/sailbot/sailbot21-22/install/low_level/lib/python3.6/site-packages/low_level-0.0.0-py3.6.egg-info' (and everything under it)
[4.482s] Copying ../../../build/low_level/low_level.egg-info to /home/sailbot/sailbot21-22/install/low_level/lib/python3.6/site-packages/low_level-0.0.0-py3.6.egg-info
[4.486s] running install_scripts
[4.571s] Installing desired_heading script to /home/sailbot/sailbot21-22/install/low_level/lib/low_level
[4.573s] Installing point2point script to /home/sailbot/sailbot21-22/install/low_level/lib/low_level
[4.573s] Installing rudder_control script to /home/sailbot/sailbot21-22/install/low_level/lib/low_level
[4.574s] Installing rudder_test script to /home/sailbot/sailbot21-22/install/low_level/lib/low_level
[4.574s] Installing target_location script to /home/sailbot/sailbot21-22/install/low_level/lib/low_level
[4.575s] Installing tt_state_pub script to /home/sailbot/sailbot21-22/install/low_level/lib/low_level
[4.576s] writing list of installed files to '/home/sailbot/sailbot21-22/build/low_level/install.log'
[4.705s] Invoked command in '/home/sailbot/sailbot21-22/sailbot_ws/src/low_level' returned '0': PYTHONPATH=/home/sailbot/sailbot21-22/install/low_level/lib/python3.6/site-packages:${PYTHONPATH} /usr/bin/python3 setup.py egg_info --egg-base ../../../build/low_level build --build-base /home/sailbot/sailbot21-22/build/low_level/build install --prefix /home/sailbot/sailbot21-22/install/low_level --record /home/sailbot/sailbot21-22/build/low_level/install.log --single-version-externally-managed
