[2.983s] Invoking command in '/home/sailbot/sailbot21-22/sailbot_ws/src/low_level': PYTHONPATH=/home/sailbot/sailbot21-22/install/low_level/lib/python3.6/site-packages:${PYTHONPATH} /usr/bin/python3 setup.py egg_info --egg-base ../../../build/low_level build --build-base /home/sailbot/sailbot21-22/build/low_level/build install --prefix /home/sailbot/sailbot21-22/install/low_level --record /home/sailbot/sailbot21-22/build/low_level/install.log --single-version-externally-managed
[4.212s] /home/sailbot/.local/lib/python3.6/site-packages/setuptools/dist.py:720: UserWarning: Usage of dash-separated 'script-dir' will not be supported in future versions. Please use the underscore name 'script_dir' instead
[4.212s]   % (opt, underscore_opt)
[4.213s] /home/sailbot/.local/lib/python3.6/site-packages/setuptools/dist.py:720: UserWarning: Usage of dash-separated 'install-scripts' will not be supported in future versions. Please use the underscore name 'install_scripts' instead
[4.214s]   % (opt, underscore_opt)
[4.390s] running egg_info
[4.393s] creating ../../../build/low_level/low_level.egg-info
[4.394s] writing ../../../build/low_level/low_level.egg-info/PKG-INFO
[4.395s] writing dependency_links to ../../../build/low_level/low_level.egg-info/dependency_links.txt
[4.395s] writing entry points to ../../../build/low_level/low_level.egg-info/entry_points.txt
[4.397s] writing requirements to ../../../build/low_level/low_level.egg-info/requires.txt
[4.398s] writing top-level names to ../../../build/low_level/low_level.egg-info/top_level.txt
[4.399s] writing manifest file '../../../build/low_level/low_level.egg-info/SOURCES.txt'
[4.404s] reading manifest file '../../../build/low_level/low_level.egg-info/SOURCES.txt'
[4.411s] writing manifest file '../../../build/low_level/low_level.egg-info/SOURCES.txt'
[4.412s] running build
[4.413s] running build_py
[4.413s] creating /home/sailbot/sailbot21-22/build/low_level/build
[4.414s] creating /home/sailbot/sailbot21-22/build/low_level/build/lib
[4.415s] creating /home/sailbot/sailbot21-22/build/low_level/build/lib/low_level
[4.415s] copying low_level/desired_heading_publisher.py -> /home/sailbot/sailbot21-22/build/low_level/build/lib/low_level
[4.416s] copying low_level/rudder_test.py -> /home/sailbot/sailbot21-22/build/low_level/build/lib/low_level
[4.417s] copying low_level/lat_long_publisher.py -> /home/sailbot/sailbot21-22/build/low_level/build/lib/low_level
[4.418s] copying low_level/standalone_trim_tab_state_publisher.py -> /home/sailbot/sailbot21-22/build/low_level/build/lib/low_level
[4.418s] copying low_level/__init__.py -> /home/sailbot/sailbot21-22/build/low_level/build/lib/low_level
[4.419s] copying low_level/target_generation.py -> /home/sailbot/sailbot21-22/build/low_level/build/lib/low_level
[4.420s] copying low_level/point_to_point.py -> /home/sailbot/sailbot21-22/build/low_level/build/lib/low_level
[4.421s] copying low_level/rudder_control.py -> /home/sailbot/sailbot21-22/build/low_level/build/lib/low_level
[4.423s] copying low_level/station_keeping_target_gen.py -> /home/sailbot/sailbot21-22/build/low_level/build/lib/low_level
[4.427s] running install
[4.428s] /home/sailbot/.local/lib/python3.6/site-packages/setuptools/command/install.py:37: SetuptoolsDeprecationWarning: setup.py install is deprecated. Use build and pip and other standards-based tools.
[4.429s]   setuptools.SetuptoolsDeprecationWarning,
[4.432s] running install_lib
[4.436s] creating /home/sailbot/sailbot21-22/install/low_level/lib/python3.6/site-packages/low_level
[4.437s] copying /home/sailbot/sailbot21-22/build/low_level/build/lib/low_level/desired_heading_publisher.py -> /home/sailbot/sailbot21-22/install/low_level/lib/python3.6/site-packages/low_level
[4.439s] copying /home/sailbot/sailbot21-22/build/low_level/build/lib/low_level/rudder_test.py -> /home/sailbot/sailbot21-22/install/low_level/lib/python3.6/site-packages/low_level
[4.440s] copying /home/sailbot/sailbot21-22/build/low_level/build/lib/low_level/lat_long_publisher.py -> /home/sailbot/sailbot21-22/install/low_level/lib/python3.6/site-packages/low_level
[4.441s] copying /home/sailbot/sailbot21-22/build/low_level/build/lib/low_level/standalone_trim_tab_state_publisher.py -> /home/sailbot/sailbot21-22/install/low_level/lib/python3.6/site-packages/low_level
[4.442s] copying /home/sailbot/sailbot21-22/build/low_level/build/lib/low_level/__init__.py -> /home/sailbot/sailbot21-22/install/low_level/lib/python3.6/site-packages/low_level
[4.442s] copying /home/sailbot/sailbot21-22/build/low_level/build/lib/low_level/target_generation.py -> /home/sailbot/sailbot21-22/install/low_level/lib/python3.6/site-packages/low_level
[4.443s] copying /home/sailbot/sailbot21-22/build/low_level/build/lib/low_level/point_to_point.py -> /home/sailbot/sailbot21-22/install/low_level/lib/python3.6/site-packages/low_level
[4.445s] copying /home/sailbot/sailbot21-22/build/low_level/build/lib/low_level/rudder_control.py -> /home/sailbot/sailbot21-22/install/low_level/lib/python3.6/site-packages/low_level
[4.446s] copying /home/sailbot/sailbot21-22/build/low_level/build/lib/low_level/station_keeping_target_gen.py -> /home/sailbot/sailbot21-22/install/low_level/lib/python3.6/site-packages/low_level
[4.447s] byte-compiling /home/sailbot/sailbot21-22/install/low_level/lib/python3.6/site-packages/low_level/desired_heading_publisher.py to desired_heading_publisher.cpython-36.pyc
[4.448s] byte-compiling /home/sailbot/sailbot21-22/install/low_level/lib/python3.6/site-packages/low_level/rudder_test.py to rudder_test.cpython-36.pyc
[4.451s] byte-compiling /home/sailbot/sailbot21-22/install/low_level/lib/python3.6/site-packages/low_level/lat_long_publisher.py to lat_long_publisher.cpython-36.pyc
[4.454s] byte-compiling /home/sailbot/sailbot21-22/install/low_level/lib/python3.6/site-packages/low_level/standalone_trim_tab_state_publisher.py to standalone_trim_tab_state_publisher.cpython-36.pyc
[4.458s] byte-compiling /home/sailbot/sailbot21-22/install/low_level/lib/python3.6/site-packages/low_level/__init__.py to __init__.cpython-36.pyc
[4.459s] byte-compiling /home/sailbot/sailbot21-22/install/low_level/lib/python3.6/site-packages/low_level/target_generation.py to target_generation.cpython-36.pyc
[4.460s] byte-compiling /home/sailbot/sailbot21-22/install/low_level/lib/python3.6/site-packages/low_level/point_to_point.py to point_to_point.cpython-36.pyc
[4.461s] byte-compiling /home/sailbot/sailbot21-22/install/low_level/lib/python3.6/site-packages/low_level/rudder_control.py to rudder_control.cpython-36.pyc
[4.463s] byte-compiling /home/sailbot/sailbot21-22/install/low_level/lib/python3.6/site-packages/low_level/station_keeping_target_gen.py to station_keeping_target_gen.cpython-36.pyc
[4.463s] running install_data
[4.465s] creating /home/sailbot/sailbot21-22/install/low_level/share/ament_index
[4.465s] creating /home/sailbot/sailbot21-22/install/low_level/share/ament_index/resource_index
[4.466s] creating /home/sailbot/sailbot21-22/install/low_level/share/ament_index/resource_index/packages
[4.466s] copying resource/low_level -> /home/sailbot/sailbot21-22/install/low_level/share/ament_index/resource_index/packages
[4.467s] copying package.xml -> /home/sailbot/sailbot21-22/install/low_level/share/low_level
[4.467s] creating /home/sailbot/sailbot21-22/install/low_level/share/low_level/launch
[4.468s] copying launch/auto_nav.py -> /home/sailbot/sailbot21-22/install/low_level/share/low_level/launch
[4.469s] copying launch/rudder_test.py -> /home/sailbot/sailbot21-22/install/low_level/share/low_level/launch
[4.469s] copying launch/station_keeping.py -> /home/sailbot/sailbot21-22/install/low_level/share/low_level/launch
[4.470s] copying launch/point2point_test.py -> /home/sailbot/sailbot21-22/install/low_level/share/low_level/launch
[4.470s] running install_egg_info
[4.472s] Copying ../../../build/low_level/low_level.egg-info to /home/sailbot/sailbot21-22/install/low_level/lib/python3.6/site-packages/low_level-0.0.0-py3.6.egg-info
[4.474s] running install_scripts
[4.555s] Installing desired_heading script to /home/sailbot/sailbot21-22/install/low_level/lib/low_level
[4.556s] Installing point2point script to /home/sailbot/sailbot21-22/install/low_level/lib/low_level
[4.556s] Installing rudder_control script to /home/sailbot/sailbot21-22/install/low_level/lib/low_level
[4.557s] Installing rudder_test script to /home/sailbot/sailbot21-22/install/low_level/lib/low_level
[4.558s] Installing station_target_gen script to /home/sailbot/sailbot21-22/install/low_level/lib/low_level
[4.558s] Installing target_gen script to /home/sailbot/sailbot21-22/install/low_level/lib/low_level
[4.559s] Installing target_location script to /home/sailbot/sailbot21-22/install/low_level/lib/low_level
[4.560s] Installing tt_state_pub script to /home/sailbot/sailbot21-22/install/low_level/lib/low_level
[4.560s] writing list of installed files to '/home/sailbot/sailbot21-22/build/low_level/install.log'
[4.685s] Invoked command in '/home/sailbot/sailbot21-22/sailbot_ws/src/low_level' returned '0': PYTHONPATH=/home/sailbot/sailbot21-22/install/low_level/lib/python3.6/site-packages:${PYTHONPATH} /usr/bin/python3 setup.py egg_info --egg-base ../../../build/low_level build --build-base /home/sailbot/sailbot21-22/build/low_level/build install --prefix /home/sailbot/sailbot21-22/install/low_level --record /home/sailbot/sailbot21-22/build/low_level/install.log --single-version-externally-managed
