[2.997s] Invoking command in '/home/sailbot/sailbot21-22/sailbot_ws/src/low_level': PYTHONPATH=/home/sailbot/sailbot21-22/install/low_level/lib/python3.6/site-packages:${PYTHONPATH} /usr/bin/python3 setup.py egg_info --egg-base ../../../build/low_level build --build-base /home/sailbot/sailbot21-22/build/low_level/build install --prefix /home/sailbot/sailbot21-22/install/low_level --record /home/sailbot/sailbot21-22/build/low_level/install.log --single-version-externally-managed
[4.235s] /home/sailbot/.local/lib/python3.6/site-packages/setuptools/dist.py:720: UserWarning: Usage of dash-separated 'script-dir' will not be supported in future versions. Please use the underscore name 'script_dir' instead
[4.236s]   % (opt, underscore_opt)
[4.237s] /home/sailbot/.local/lib/python3.6/site-packages/setuptools/dist.py:720: UserWarning: Usage of dash-separated 'install-scripts' will not be supported in future versions. Please use the underscore name 'install_scripts' instead
[4.238s]   % (opt, underscore_opt)
[4.412s] running egg_info
[4.416s] writing ../../../build/low_level/low_level.egg-info/PKG-INFO
[4.416s] writing dependency_links to ../../../build/low_level/low_level.egg-info/dependency_links.txt
[4.417s] writing entry points to ../../../build/low_level/low_level.egg-info/entry_points.txt
[4.418s] writing requirements to ../../../build/low_level/low_level.egg-info/requires.txt
[4.419s] writing top-level names to ../../../build/low_level/low_level.egg-info/top_level.txt
[4.427s] reading manifest file '../../../build/low_level/low_level.egg-info/SOURCES.txt'
[4.434s] writing manifest file '../../../build/low_level/low_level.egg-info/SOURCES.txt'
[4.435s] running build
[4.435s] running build_py
[4.439s] /home/sailbot/.local/lib/python3.6/site-packages/setuptools/command/install.py:37: SetuptoolsDeprecationWarning: setup.py install is deprecated. Use build and pip and other standards-based tools.
[4.440s]   setuptools.SetuptoolsDeprecationWarning,
[4.441s] running install
[4.441s] running install_lib
[4.446s] byte-compiling /home/sailbot/sailbot21-22/install/low_level/lib/python3.6/site-packages/low_level/standalone_trim_tab_state_publisher.py to standalone_trim_tab_state_publisher.cpython-36.pyc
[4.449s] running install_data
[4.452s] running install_egg_info
[4.461s] removing '/home/sailbot/sailbot21-22/install/low_level/lib/python3.6/site-packages/low_level-0.0.0-py3.6.egg-info' (and everything under it)
[4.462s] Copying ../../../build/low_level/low_level.egg-info to /home/sailbot/sailbot21-22/install/low_level/lib/python3.6/site-packages/low_level-0.0.0-py3.6.egg-info
[4.466s] running install_scripts
[4.552s] Installing desired_heading script to /home/sailbot/sailbot21-22/install/low_level/lib/low_level
[4.553s] Installing point2point script to /home/sailbot/sailbot21-22/install/low_level/lib/low_level
[4.553s] Installing rudder_control script to /home/sailbot/sailbot21-22/install/low_level/lib/low_level
[4.554s] Installing rudder_test script to /home/sailbot/sailbot21-22/install/low_level/lib/low_level
[4.555s] Installing target_location script to /home/sailbot/sailbot21-22/install/low_level/lib/low_level
[4.555s] Installing tt_state_pub script to /home/sailbot/sailbot21-22/install/low_level/lib/low_level
[4.556s] writing list of installed files to '/home/sailbot/sailbot21-22/build/low_level/install.log'
[4.673s] Invoked command in '/home/sailbot/sailbot21-22/sailbot_ws/src/low_level' returned '0': PYTHONPATH=/home/sailbot/sailbot21-22/install/low_level/lib/python3.6/site-packages:${PYTHONPATH} /usr/bin/python3 setup.py egg_info --egg-base ../../../build/low_level build --build-base /home/sailbot/sailbot21-22/build/low_level/build install --prefix /home/sailbot/sailbot21-22/install/low_level --record /home/sailbot/sailbot21-22/build/low_level/install.log --single-version-externally-managed
