/home/sailbot/.local/lib/python3.6/site-packages/setuptools/dist.py:720: UserWarning: Usage of dash-separated 'script-dir' will not be supported in future versions. Please use the underscore name 'script_dir' instead
  % (opt, underscore_opt)
/home/sailbot/.local/lib/python3.6/site-packages/setuptools/dist.py:720: UserWarning: Usage of dash-separated 'install-scripts' will not be supported in future versions. Please use the underscore name 'install_scripts' instead
  % (opt, underscore_opt)
running egg_info
creating ../../../build/sailbot/sailbot.egg-info
writing ../../../build/sailbot/sailbot.egg-info/PKG-INFO
writing dependency_links to ../../../build/sailbot/sailbot.egg-info/dependency_links.txt
writing entry points to ../../../build/sailbot/sailbot.egg-info/entry_points.txt
writing requirements to ../../../build/sailbot/sailbot.egg-info/requires.txt
writing top-level names to ../../../build/sailbot/sailbot.egg-info/top_level.txt
writing manifest file '../../../build/sailbot/sailbot.egg-info/SOURCES.txt'
reading manifest file '../../../build/sailbot/sailbot.egg-info/SOURCES.txt'
writing manifest file '../../../build/sailbot/sailbot.egg-info/SOURCES.txt'
running build
running build_py
creating /home/sailbot/sailbot21-22/build/sailbot/build
creating /home/sailbot/sailbot21-22/build/sailbot/build/lib
creating /home/sailbot/sailbot21-22/build/sailbot/build/lib/sailbot
copying sailbot/trim_tab_comms.py -> /home/sailbot/sailbot21-22/build/sailbot/build/lib/sailbot
copying sailbot/airmar_reader.py -> /home/sailbot/sailbot21-22/build/sailbot/build/lib/sailbot
copying sailbot/serial_rc_receiver.py -> /home/sailbot/sailbot21-22/build/sailbot/build/lib/sailbot
copying sailbot/highlvlpathing.py -> /home/sailbot/sailbot21-22/build/sailbot/build/lib/sailbot
copying sailbot/__init__.py -> /home/sailbot/sailbot21-22/build/sailbot/build/lib/sailbot
copying sailbot/debug_interface.py -> /home/sailbot/sailbot21-22/build/sailbot/build/lib/sailbot
copying sailbot/pwm_controller.py -> /home/sailbot/sailbot21-22/build/sailbot/build/lib/sailbot
copying sailbot/control_system.py -> /home/sailbot/sailbot21-22/build/sailbot/build/lib/sailbot
copying sailbot/battery_monitor.py -> /home/sailbot/sailbot21-22/build/sailbot/build/lib/sailbot
creating /home/sailbot/sailbot21-22/build/sailbot/build/lib/sailbot/autonomous
copying sailbot/autonomous/highlvlpathing.py -> /home/sailbot/sailbot21-22/build/sailbot/build/lib/sailbot/autonomous
copying sailbot/autonomous/__init__.py -> /home/sailbot/sailbot21-22/build/sailbot/build/lib/sailbot/autonomous
copying sailbot/autonomous/p2p.py -> /home/sailbot/sailbot21-22/build/sailbot/build/lib/sailbot/autonomous
running install
/home/sailbot/.local/lib/python3.6/site-packages/setuptools/command/install.py:37: SetuptoolsDeprecationWarning: setup.py install is deprecated. Use build and pip and other standards-based tools.
  setuptools.SetuptoolsDeprecationWarning,
running install_lib
running install_data
running install_egg_info
removing '/home/sailbot/sailbot21-22/install/sailbot/lib/python3.6/site-packages/sailbot-1.0.0-py3.6.egg-info' (and everything under it)
Copying ../../../build/sailbot/sailbot.egg-info to /home/sailbot/sailbot21-22/install/sailbot/lib/python3.6/site-packages/sailbot-1.0.0-py3.6.egg-info
running install_scripts
Installing airmar_reader script to /home/sailbot/sailbot21-22/install/sailbot/lib/sailbot
Installing battery_monitor script to /home/sailbot/sailbot21-22/install/sailbot/lib/sailbot
Installing control_system script to /home/sailbot/sailbot21-22/install/sailbot/lib/sailbot
Installing debug_interface script to /home/sailbot/sailbot21-22/install/sailbot/lib/sailbot
Installing pwm_controller script to /home/sailbot/sailbot21-22/install/sailbot/lib/sailbot
Installing serial_rc_receiver script to /home/sailbot/sailbot21-22/install/sailbot/lib/sailbot
Installing trim_tab_comms script to /home/sailbot/sailbot21-22/install/sailbot/lib/sailbot
writing list of installed files to '/home/sailbot/sailbot21-22/build/sailbot/install.log'
