[3.015s] Invoking command in '/home/sailbot/sailbot21-22/sailbot_ws/src/sailbot': PYTHONPATH=/home/sailbot/sailbot21-22/install/sailbot/lib/python3.6/site-packages:${PYTHONPATH} /usr/bin/python3 setup.py egg_info --egg-base ../../../build/sailbot build --build-base /home/sailbot/sailbot21-22/build/sailbot/build install --prefix /home/sailbot/sailbot21-22/install/sailbot --record /home/sailbot/sailbot21-22/build/sailbot/install.log --single-version-externally-managed
[4.236s] /home/sailbot/.local/lib/python3.6/site-packages/setuptools/dist.py:720: UserWarning: Usage of dash-separated 'script-dir' will not be supported in future versions. Please use the underscore name 'script_dir' instead
[4.237s]   % (opt, underscore_opt)
[4.238s] /home/sailbot/.local/lib/python3.6/site-packages/setuptools/dist.py:720: UserWarning: Usage of dash-separated 'install-scripts' will not be supported in future versions. Please use the underscore name 'install_scripts' instead
[4.239s]   % (opt, underscore_opt)
[4.411s] running egg_info
[4.413s] creating ../../../build/sailbot/sailbot.egg-info
[4.414s] writing ../../../build/sailbot/sailbot.egg-info/PKG-INFO
[4.416s] writing dependency_links to ../../../build/sailbot/sailbot.egg-info/dependency_links.txt
[4.417s] writing entry points to ../../../build/sailbot/sailbot.egg-info/entry_points.txt
[4.418s] writing requirements to ../../../build/sailbot/sailbot.egg-info/requires.txt
[4.418s] writing top-level names to ../../../build/sailbot/sailbot.egg-info/top_level.txt
[4.419s] writing manifest file '../../../build/sailbot/sailbot.egg-info/SOURCES.txt'
[4.427s] reading manifest file '../../../build/sailbot/sailbot.egg-info/SOURCES.txt'
[4.432s] writing manifest file '../../../build/sailbot/sailbot.egg-info/SOURCES.txt'
[4.434s] running build
[4.435s] running build_py
[4.436s] creating /home/sailbot/sailbot21-22/build/sailbot/build
[4.437s] creating /home/sailbot/sailbot21-22/build/sailbot/build/lib
[4.437s] creating /home/sailbot/sailbot21-22/build/sailbot/build/lib/sailbot
[4.438s] copying sailbot/trim_tab_comms.py -> /home/sailbot/sailbot21-22/build/sailbot/build/lib/sailbot
[4.439s] copying sailbot/airmar_reader.py -> /home/sailbot/sailbot21-22/build/sailbot/build/lib/sailbot
[4.440s] copying sailbot/serial_rc_receiver.py -> /home/sailbot/sailbot21-22/build/sailbot/build/lib/sailbot
[4.440s] copying sailbot/highlvlpathing.py -> /home/sailbot/sailbot21-22/build/sailbot/build/lib/sailbot
[4.441s] copying sailbot/__init__.py -> /home/sailbot/sailbot21-22/build/sailbot/build/lib/sailbot
[4.441s] copying sailbot/debug_interface.py -> /home/sailbot/sailbot21-22/build/sailbot/build/lib/sailbot
[4.442s] copying sailbot/pwm_controller.py -> /home/sailbot/sailbot21-22/build/sailbot/build/lib/sailbot
[4.443s] copying sailbot/control_system.py -> /home/sailbot/sailbot21-22/build/sailbot/build/lib/sailbot
[4.443s] copying sailbot/battery_monitor.py -> /home/sailbot/sailbot21-22/build/sailbot/build/lib/sailbot
[4.445s] creating /home/sailbot/sailbot21-22/build/sailbot/build/lib/sailbot/autonomous
[4.445s] copying sailbot/autonomous/highlvlpathing.py -> /home/sailbot/sailbot21-22/build/sailbot/build/lib/sailbot/autonomous
[4.446s] copying sailbot/autonomous/__init__.py -> /home/sailbot/sailbot21-22/build/sailbot/build/lib/sailbot/autonomous
[4.446s] copying sailbot/autonomous/p2p.py -> /home/sailbot/sailbot21-22/build/sailbot/build/lib/sailbot/autonomous
[4.449s] running install
[4.450s] /home/sailbot/.local/lib/python3.6/site-packages/setuptools/command/install.py:37: SetuptoolsDeprecationWarning: setup.py install is deprecated. Use build and pip and other standards-based tools.
[4.450s]   setuptools.SetuptoolsDeprecationWarning,
[4.451s] running install_lib
[4.459s] running install_data
[4.462s] running install_egg_info
[4.469s] removing '/home/sailbot/sailbot21-22/install/sailbot/lib/python3.6/site-packages/sailbot-1.0.0-py3.6.egg-info' (and everything under it)
[4.470s] Copying ../../../build/sailbot/sailbot.egg-info to /home/sailbot/sailbot21-22/install/sailbot/lib/python3.6/site-packages/sailbot-1.0.0-py3.6.egg-info
[4.474s] running install_scripts
[4.559s] Installing airmar_reader script to /home/sailbot/sailbot21-22/install/sailbot/lib/sailbot
[4.560s] Installing battery_monitor script to /home/sailbot/sailbot21-22/install/sailbot/lib/sailbot
[4.561s] Installing control_system script to /home/sailbot/sailbot21-22/install/sailbot/lib/sailbot
[4.562s] Installing debug_interface script to /home/sailbot/sailbot21-22/install/sailbot/lib/sailbot
[4.563s] Installing pwm_controller script to /home/sailbot/sailbot21-22/install/sailbot/lib/sailbot
[4.564s] Installing serial_rc_receiver script to /home/sailbot/sailbot21-22/install/sailbot/lib/sailbot
[4.564s] Installing trim_tab_comms script to /home/sailbot/sailbot21-22/install/sailbot/lib/sailbot
[4.566s] writing list of installed files to '/home/sailbot/sailbot21-22/build/sailbot/install.log'
[4.748s] Invoked command in '/home/sailbot/sailbot21-22/sailbot_ws/src/sailbot' returned '0': PYTHONPATH=/home/sailbot/sailbot21-22/install/sailbot/lib/python3.6/site-packages:${PYTHONPATH} /usr/bin/python3 setup.py egg_info --egg-base ../../../build/sailbot build --build-base /home/sailbot/sailbot21-22/build/sailbot/build install --prefix /home/sailbot/sailbot21-22/install/sailbot --record /home/sailbot/sailbot21-22/build/sailbot/install.log --single-version-externally-managed
