running egg_info
creating ../../../build/low_level/low_level.egg-info
writing ../../../build/low_level/low_level.egg-info/PKG-INFO
writing dependency_links to ../../../build/low_level/low_level.egg-info/dependency_links.txt
writing entry points to ../../../build/low_level/low_level.egg-info/entry_points.txt
writing requirements to ../../../build/low_level/low_level.egg-info/requires.txt
writing top-level names to ../../../build/low_level/low_level.egg-info/top_level.txt
writing manifest file '../../../build/low_level/low_level.egg-info/SOURCES.txt'
reading manifest file '../../../build/low_level/low_level.egg-info/SOURCES.txt'
writing manifest file '../../../build/low_level/low_level.egg-info/SOURCES.txt'
running build
running build_py
creating /home/sailbot/sailbot21-22/build/low_level/build
creating /home/sailbot/sailbot21-22/build/low_level/build/lib
creating /home/sailbot/sailbot21-22/build/low_level/build/lib/low_level
copying low_level/desired_heading_publisher.py -> /home/sailbot/sailbot21-22/build/low_level/build/lib/low_level
copying low_level/rudder_test.py -> /home/sailbot/sailbot21-22/build/low_level/build/lib/low_level
copying low_level/lat_long_publisher.py -> /home/sailbot/sailbot21-22/build/low_level/build/lib/low_level
copying low_level/standalone_trim_tab_state_publisher.py -> /home/sailbot/sailbot21-22/build/low_level/build/lib/low_level
copying low_level/__init__.py -> /home/sailbot/sailbot21-22/build/low_level/build/lib/low_level
copying low_level/point_to_point.py -> /home/sailbot/sailbot21-22/build/low_level/build/lib/low_level
copying low_level/rudder_control.py -> /home/sailbot/sailbot21-22/build/low_level/build/lib/low_level
running install
running install_lib
running install_data
running install_egg_info
removing '/home/sailbot/sailbot21-22/install/low_level/lib/python3.6/site-packages/low_level-0.0.0-py3.6.egg-info' (and everything under it)
Copying ../../../build/low_level/low_level.egg-info to /home/sailbot/sailbot21-22/install/low_level/lib/python3.6/site-packages/low_level-0.0.0-py3.6.egg-info
running install_scripts
Installing desired_heading script to /home/sailbot/sailbot21-22/install/low_level/lib/low_level
Installing point2point script to /home/sailbot/sailbot21-22/install/low_level/lib/low_level
Installing rudder_control script to /home/sailbot/sailbot21-22/install/low_level/lib/low_level
Installing rudder_test script to /home/sailbot/sailbot21-22/install/low_level/lib/low_level
Installing target_location script to /home/sailbot/sailbot21-22/install/low_level/lib/low_level
Installing tt_state_pub script to /home/sailbot/sailbot21-22/install/low_level/lib/low_level
writing list of installed files to '/home/sailbot/sailbot21-22/build/low_level/install.log'
