[3.043s] Invoking command in '/home/sailbot/sailbot21-22/sailbot_ws/src/low_level': PYTHONPATH=/home/sailbot/sailbot21-22/install/low_level/lib/python3.6/site-packages:${PYTHONPATH} /usr/bin/python3 setup.py egg_info --egg-base ../../../build/low_level build --build-base /home/sailbot/sailbot21-22/build/low_level/build install --prefix /home/sailbot/sailbot21-22/install/low_level --record /home/sailbot/sailbot21-22/build/low_level/install.log --single-version-externally-managed
[4.277s] /home/sailbot/.local/lib/python3.6/site-packages/setuptools/dist.py:720: UserWarning: Usage of dash-separated 'script-dir' will not be supported in future versions. Please use the underscore name 'script_dir' instead
[4.277s]   % (opt, underscore_opt)
[4.279s] /home/sailbot/.local/lib/python3.6/site-packages/setuptools/dist.py:720: UserWarning: Usage of dash-separated 'install-scripts' will not be supported in future versions. Please use the underscore name 'install_scripts' instead
[4.279s]   % (opt, underscore_opt)
[4.452s] running egg_info
[4.455s] creating ../../../build/low_level/low_level.egg-info
[4.456s] writing ../../../build/low_level/low_level.egg-info/PKG-INFO
[4.457s] writing dependency_links to ../../../build/low_level/low_level.egg-info/dependency_links.txt
[4.458s] writing entry points to ../../../build/low_level/low_level.egg-info/entry_points.txt
[4.459s] writing requirements to ../../../build/low_level/low_level.egg-info/requires.txt
[4.459s] writing top-level names to ../../../build/low_level/low_level.egg-info/top_level.txt
[4.460s] writing manifest file '../../../build/low_level/low_level.egg-info/SOURCES.txt'
[4.468s] reading manifest file '../../../build/low_level/low_level.egg-info/SOURCES.txt'
[4.474s] writing manifest file '../../../build/low_level/low_level.egg-info/SOURCES.txt'
[4.475s] running build
[4.475s] running build_py
[4.476s] creating /home/sailbot/sailbot21-22/build/low_level/build
[4.477s] creating /home/sailbot/sailbot21-22/build/low_level/build/lib
[4.478s] creating /home/sailbot/sailbot21-22/build/low_level/build/lib/low_level
[4.478s] copying low_level/desired_heading_publisher.py -> /home/sailbot/sailbot21-22/build/low_level/build/lib/low_level
[4.480s] copying low_level/rudder_test.py -> /home/sailbot/sailbot21-22/build/low_level/build/lib/low_level
[4.481s] copying low_level/lat_long_publisher.py -> /home/sailbot/sailbot21-22/build/low_level/build/lib/low_level
[4.482s] copying low_level/standalone_trim_tab_state_publisher.py -> /home/sailbot/sailbot21-22/build/low_level/build/lib/low_level
[4.482s] copying low_level/__init__.py -> /home/sailbot/sailbot21-22/build/low_level/build/lib/low_level
[4.483s] copying low_level/point_to_point.py -> /home/sailbot/sailbot21-22/build/low_level/build/lib/low_level
[4.483s] copying low_level/rudder_control.py -> /home/sailbot/sailbot21-22/build/low_level/build/lib/low_level
[4.486s] running install
[4.488s] /home/sailbot/.local/lib/python3.6/site-packages/setuptools/command/install.py:37: SetuptoolsDeprecationWarning: setup.py install is deprecated. Use build and pip and other standards-based tools.
[4.489s]   setuptools.SetuptoolsDeprecationWarning,
[4.491s] running install_lib
[4.495s] running install_data
[4.497s] running install_egg_info
[4.504s] removing '/home/sailbot/sailbot21-22/install/low_level/lib/python3.6/site-packages/low_level-0.0.0-py3.6.egg-info' (and everything under it)
[4.505s] Copying ../../../build/low_level/low_level.egg-info to /home/sailbot/sailbot21-22/install/low_level/lib/python3.6/site-packages/low_level-0.0.0-py3.6.egg-info
[4.509s] running install_scripts
[4.595s] Installing desired_heading script to /home/sailbot/sailbot21-22/install/low_level/lib/low_level
[4.596s] Installing point2point script to /home/sailbot/sailbot21-22/install/low_level/lib/low_level
[4.597s] Installing rudder_control script to /home/sailbot/sailbot21-22/install/low_level/lib/low_level
[4.597s] Installing rudder_test script to /home/sailbot/sailbot21-22/install/low_level/lib/low_level
[4.598s] Installing target_location script to /home/sailbot/sailbot21-22/install/low_level/lib/low_level
[4.598s] Installing tt_state_pub script to /home/sailbot/sailbot21-22/install/low_level/lib/low_level
[4.599s] writing list of installed files to '/home/sailbot/sailbot21-22/build/low_level/install.log'
[4.721s] Invoked command in '/home/sailbot/sailbot21-22/sailbot_ws/src/low_level' returned '0': PYTHONPATH=/home/sailbot/sailbot21-22/install/low_level/lib/python3.6/site-packages:${PYTHONPATH} /usr/bin/python3 setup.py egg_info --egg-base ../../../build/low_level build --build-base /home/sailbot/sailbot21-22/build/low_level/build install --prefix /home/sailbot/sailbot21-22/install/low_level --record /home/sailbot/sailbot21-22/build/low_level/install.log --single-version-externally-managed
