[3.124s] Invoking command in '/home/sailbot/sailbot21-22/sailbot_ws/src/low_level': PYTHONPATH=/home/sailbot/sailbot21-22/install/low_level/lib/python3.6/site-packages:${PYTHONPATH} /usr/bin/python3 setup.py egg_info --egg-base ../../../build/low_level build --build-base /home/sailbot/sailbot21-22/build/low_level/build install --prefix /home/sailbot/sailbot21-22/install/low_level --record /home/sailbot/sailbot21-22/build/low_level/install.log --single-version-externally-managed
[4.380s] /home/sailbot/.local/lib/python3.6/site-packages/setuptools/dist.py:720: UserWarning: Usage of dash-separated 'script-dir' will not be supported in future versions. Please use the underscore name 'script_dir' instead
[4.381s]   % (opt, underscore_opt)
[4.382s] /home/sailbot/.local/lib/python3.6/site-packages/setuptools/dist.py:720: UserWarning: Usage of dash-separated 'install-scripts' will not be supported in future versions. Please use the underscore name 'install_scripts' instead
[4.383s]   % (opt, underscore_opt)
[4.564s] running egg_info
[4.567s] writing ../../../build/low_level/low_level.egg-info/PKG-INFO
[4.569s] writing dependency_links to ../../../build/low_level/low_level.egg-info/dependency_links.txt
[4.570s] writing entry points to ../../../build/low_level/low_level.egg-info/entry_points.txt
[4.570s] writing requirements to ../../../build/low_level/low_level.egg-info/requires.txt
[4.571s] writing top-level names to ../../../build/low_level/low_level.egg-info/top_level.txt
[4.579s] reading manifest file '../../../build/low_level/low_level.egg-info/SOURCES.txt'
[4.587s] writing manifest file '../../../build/low_level/low_level.egg-info/SOURCES.txt'
[4.588s] running build
[4.588s] running build_py
[4.590s] copying low_level/point_to_point.py -> /home/sailbot/sailbot21-22/build/low_level/build/lib/low_level
[4.592s] running install
[4.593s] /home/sailbot/.local/lib/python3.6/site-packages/setuptools/command/install.py:37: SetuptoolsDeprecationWarning: setup.py install is deprecated. Use build and pip and other standards-based tools.
[4.593s]   setuptools.SetuptoolsDeprecationWarning,
[4.595s] running install_lib
[4.601s] copying /home/sailbot/sailbot21-22/build/low_level/build/lib/low_level/point_to_point.py -> /home/sailbot/sailbot21-22/install/low_level/lib/python3.6/site-packages/low_level
[4.604s] byte-compiling /home/sailbot/sailbot21-22/install/low_level/lib/python3.6/site-packages/low_level/desired_heading_publisher.py to desired_heading_publisher.cpython-36.pyc
[4.605s] byte-compiling /home/sailbot/sailbot21-22/install/low_level/lib/python3.6/site-packages/low_level/rudder_test.py to rudder_test.cpython-36.pyc
[4.606s] byte-compiling /home/sailbot/sailbot21-22/install/low_level/lib/python3.6/site-packages/low_level/lat_long_publisher.py to lat_long_publisher.cpython-36.pyc
[4.607s] byte-compiling /home/sailbot/sailbot21-22/install/low_level/lib/python3.6/site-packages/low_level/standalone_trim_tab_state_publisher.py to standalone_trim_tab_state_publisher.cpython-36.pyc
[4.610s] byte-compiling /home/sailbot/sailbot21-22/install/low_level/lib/python3.6/site-packages/low_level/__init__.py to __init__.cpython-36.pyc
[4.611s] byte-compiling /home/sailbot/sailbot21-22/install/low_level/lib/python3.6/site-packages/low_level/point_to_point.py to point_to_point.cpython-36.pyc
[4.615s] byte-compiling /home/sailbot/sailbot21-22/install/low_level/lib/python3.6/site-packages/low_level/rudder_control.py to rudder_control.cpython-36.pyc
[4.622s] running install_data
[4.627s] running install_egg_info
[4.631s] removing '/home/sailbot/sailbot21-22/install/low_level/lib/python3.6/site-packages/low_level-0.0.0-py3.6.egg-info' (and everything under it)
[4.632s] Copying ../../../build/low_level/low_level.egg-info to /home/sailbot/sailbot21-22/install/low_level/lib/python3.6/site-packages/low_level-0.0.0-py3.6.egg-info
[4.636s] running install_scripts
[4.726s] Installing desired_heading script to /home/sailbot/sailbot21-22/install/low_level/lib/low_level
[4.727s] Installing point2point script to /home/sailbot/sailbot21-22/install/low_level/lib/low_level
[4.728s] Installing rudder_control script to /home/sailbot/sailbot21-22/install/low_level/lib/low_level
[4.729s] Installing rudder_test script to /home/sailbot/sailbot21-22/install/low_level/lib/low_level
[4.730s] Installing target_location script to /home/sailbot/sailbot21-22/install/low_level/lib/low_level
[4.730s] Installing tt_state_pub script to /home/sailbot/sailbot21-22/install/low_level/lib/low_level
[4.731s] writing list of installed files to '/home/sailbot/sailbot21-22/build/low_level/install.log'
[4.848s] Invoked command in '/home/sailbot/sailbot21-22/sailbot_ws/src/low_level' returned '0': PYTHONPATH=/home/sailbot/sailbot21-22/install/low_level/lib/python3.6/site-packages:${PYTHONPATH} /usr/bin/python3 setup.py egg_info --egg-base ../../../build/low_level build --build-base /home/sailbot/sailbot21-22/build/low_level/build install --prefix /home/sailbot/sailbot21-22/install/low_level --record /home/sailbot/sailbot21-22/build/low_level/install.log --single-version-externally-managed
