[3.050s] Invoking command in '/home/sailbot/sailbot21-22/sailbot_ws/src/sailbot': PYTHONPATH=/home/sailbot/sailbot21-22/install/sailbot/lib/python3.6/site-packages:${PYTHONPATH} /usr/bin/python3 setup.py egg_info --egg-base ../../../build/sailbot build --build-base /home/sailbot/sailbot21-22/build/sailbot/build install --prefix /home/sailbot/sailbot21-22/install/sailbot --record /home/sailbot/sailbot21-22/build/sailbot/install.log --single-version-externally-managed
[4.296s] /home/sailbot/.local/lib/python3.6/site-packages/setuptools/dist.py:720: UserWarning: Usage of dash-separated 'script-dir' will not be supported in future versions. Please use the underscore name 'script_dir' instead
[4.296s]   % (opt, underscore_opt)
[4.298s] /home/sailbot/.local/lib/python3.6/site-packages/setuptools/dist.py:720: UserWarning: Usage of dash-separated 'install-scripts' will not be supported in future versions. Please use the underscore name 'install_scripts' instead
[4.299s]   % (opt, underscore_opt)
[4.477s] running egg_info
[4.481s] creating ../../../build/sailbot/sailbot.egg-info
[4.481s] writing ../../../build/sailbot/sailbot.egg-info/PKG-INFO
[4.482s] writing dependency_links to ../../../build/sailbot/sailbot.egg-info/dependency_links.txt
[4.483s] writing entry points to ../../../build/sailbot/sailbot.egg-info/entry_points.txt
[4.483s] writing requirements to ../../../build/sailbot/sailbot.egg-info/requires.txt
[4.484s] writing top-level names to ../../../build/sailbot/sailbot.egg-info/top_level.txt
[4.484s] writing manifest file '../../../build/sailbot/sailbot.egg-info/SOURCES.txt'
[4.499s] reading manifest file '../../../build/sailbot/sailbot.egg-info/SOURCES.txt'
[4.511s] writing manifest file '../../../build/sailbot/sailbot.egg-info/SOURCES.txt'
[4.512s] running build
[4.513s] running build_py
[4.514s] creating /home/sailbot/sailbot21-22/build/sailbot/build
[4.515s] creating /home/sailbot/sailbot21-22/build/sailbot/build/lib
[4.516s] creating /home/sailbot/sailbot21-22/build/sailbot/build/lib/sailbot
[4.518s] copying sailbot/trim_tab_comms.py -> /home/sailbot/sailbot21-22/build/sailbot/build/lib/sailbot
[4.521s] copying sailbot/airmar_reader.py -> /home/sailbot/sailbot21-22/build/sailbot/build/lib/sailbot
[4.522s] copying sailbot/serial_rc_receiver.py -> /home/sailbot/sailbot21-22/build/sailbot/build/lib/sailbot
[4.525s] copying sailbot/highlvlpathing.py -> /home/sailbot/sailbot21-22/build/sailbot/build/lib/sailbot
[4.527s] copying sailbot/__init__.py -> /home/sailbot/sailbot21-22/build/sailbot/build/lib/sailbot
[4.529s] copying sailbot/debug_interface.py -> /home/sailbot/sailbot21-22/build/sailbot/build/lib/sailbot
[4.532s] copying sailbot/pwm_controller.py -> /home/sailbot/sailbot21-22/build/sailbot/build/lib/sailbot
[4.533s] copying sailbot/control_system.py -> /home/sailbot/sailbot21-22/build/sailbot/build/lib/sailbot
[4.536s] creating /home/sailbot/sailbot21-22/build/sailbot/build/lib/sailbot/autonomous
[4.537s] copying sailbot/autonomous/highlvlpathing.py -> /home/sailbot/sailbot21-22/build/sailbot/build/lib/sailbot/autonomous
[4.538s] copying sailbot/autonomous/__init__.py -> /home/sailbot/sailbot21-22/build/sailbot/build/lib/sailbot/autonomous
[4.539s] copying sailbot/autonomous/p2p.py -> /home/sailbot/sailbot21-22/build/sailbot/build/lib/sailbot/autonomous
[4.541s] running install
[4.541s] /home/sailbot/.local/lib/python3.6/site-packages/setuptools/command/install.py:37: SetuptoolsDeprecationWarning: setup.py install is deprecated. Use build and pip and other standards-based tools.
[4.542s]   setuptools.SetuptoolsDeprecationWarning,
[4.544s] running install_lib
[4.544s] creating /home/sailbot/sailbot21-22/install/sailbot/lib/python3.6/site-packages/sailbot
[4.546s] copying /home/sailbot/sailbot21-22/build/sailbot/build/lib/sailbot/trim_tab_comms.py -> /home/sailbot/sailbot21-22/install/sailbot/lib/python3.6/site-packages/sailbot
[4.546s] copying /home/sailbot/sailbot21-22/build/sailbot/build/lib/sailbot/airmar_reader.py -> /home/sailbot/sailbot21-22/install/sailbot/lib/python3.6/site-packages/sailbot
[4.547s] copying /home/sailbot/sailbot21-22/build/sailbot/build/lib/sailbot/serial_rc_receiver.py -> /home/sailbot/sailbot21-22/install/sailbot/lib/python3.6/site-packages/sailbot
[4.548s] copying /home/sailbot/sailbot21-22/build/sailbot/build/lib/sailbot/highlvlpathing.py -> /home/sailbot/sailbot21-22/install/sailbot/lib/python3.6/site-packages/sailbot
[4.549s] copying /home/sailbot/sailbot21-22/build/sailbot/build/lib/sailbot/__init__.py -> /home/sailbot/sailbot21-22/install/sailbot/lib/python3.6/site-packages/sailbot
[4.550s] copying /home/sailbot/sailbot21-22/build/sailbot/build/lib/sailbot/debug_interface.py -> /home/sailbot/sailbot21-22/install/sailbot/lib/python3.6/site-packages/sailbot
[4.551s] copying /home/sailbot/sailbot21-22/build/sailbot/build/lib/sailbot/pwm_controller.py -> /home/sailbot/sailbot21-22/install/sailbot/lib/python3.6/site-packages/sailbot
[4.551s] creating /home/sailbot/sailbot21-22/install/sailbot/lib/python3.6/site-packages/sailbot/autonomous
[4.552s] copying /home/sailbot/sailbot21-22/build/sailbot/build/lib/sailbot/autonomous/highlvlpathing.py -> /home/sailbot/sailbot21-22/install/sailbot/lib/python3.6/site-packages/sailbot/autonomous
[4.553s] copying /home/sailbot/sailbot21-22/build/sailbot/build/lib/sailbot/autonomous/__init__.py -> /home/sailbot/sailbot21-22/install/sailbot/lib/python3.6/site-packages/sailbot/autonomous
[4.554s] copying /home/sailbot/sailbot21-22/build/sailbot/build/lib/sailbot/autonomous/p2p.py -> /home/sailbot/sailbot21-22/install/sailbot/lib/python3.6/site-packages/sailbot/autonomous
[4.555s] copying /home/sailbot/sailbot21-22/build/sailbot/build/lib/sailbot/control_system.py -> /home/sailbot/sailbot21-22/install/sailbot/lib/python3.6/site-packages/sailbot
[4.555s] byte-compiling /home/sailbot/sailbot21-22/install/sailbot/lib/python3.6/site-packages/sailbot/trim_tab_comms.py to trim_tab_comms.cpython-36.pyc
[4.557s] byte-compiling /home/sailbot/sailbot21-22/install/sailbot/lib/python3.6/site-packages/sailbot/airmar_reader.py to airmar_reader.cpython-36.pyc
[4.560s] byte-compiling /home/sailbot/sailbot21-22/install/sailbot/lib/python3.6/site-packages/sailbot/serial_rc_receiver.py to serial_rc_receiver.cpython-36.pyc
[4.565s] byte-compiling /home/sailbot/sailbot21-22/install/sailbot/lib/python3.6/site-packages/sailbot/highlvlpathing.py to highlvlpathing.cpython-36.pyc
[4.567s] byte-compiling /home/sailbot/sailbot21-22/install/sailbot/lib/python3.6/site-packages/sailbot/__init__.py to __init__.cpython-36.pyc
[4.567s] byte-compiling /home/sailbot/sailbot21-22/install/sailbot/lib/python3.6/site-packages/sailbot/debug_interface.py to debug_interface.cpython-36.pyc
[4.568s] byte-compiling /home/sailbot/sailbot21-22/install/sailbot/lib/python3.6/site-packages/sailbot/pwm_controller.py to pwm_controller.cpython-36.pyc
[4.568s] byte-compiling /home/sailbot/sailbot21-22/install/sailbot/lib/python3.6/site-packages/sailbot/autonomous/highlvlpathing.py to highlvlpathing.cpython-36.pyc
[4.569s] byte-compiling /home/sailbot/sailbot21-22/install/sailbot/lib/python3.6/site-packages/sailbot/autonomous/__init__.py to __init__.cpython-36.pyc
[4.569s] byte-compiling /home/sailbot/sailbot21-22/install/sailbot/lib/python3.6/site-packages/sailbot/autonomous/p2p.py to p2p.cpython-36.pyc
[4.570s] byte-compiling /home/sailbot/sailbot21-22/install/sailbot/lib/python3.6/site-packages/sailbot/control_system.py to control_system.cpython-36.pyc
[4.574s] running install_data
[4.576s] creating /home/sailbot/sailbot21-22/install/sailbot/share/ament_index
[4.578s] creating /home/sailbot/sailbot21-22/install/sailbot/share/ament_index/resource_index
[4.579s] creating /home/sailbot/sailbot21-22/install/sailbot/share/ament_index/resource_index/packages
[4.579s] copying resource/sailbot -> /home/sailbot/sailbot21-22/install/sailbot/share/ament_index/resource_index/packages
[4.580s] copying package.xml -> /home/sailbot/sailbot21-22/install/sailbot/share/sailbot
[4.580s] creating /home/sailbot/sailbot21-22/install/sailbot/share/sailbot/launch
[4.581s] copying launch/full_debug.py -> /home/sailbot/sailbot21-22/install/sailbot/share/sailbot/launch
[4.582s] copying launch/full_launch.py -> /home/sailbot/sailbot21-22/install/sailbot/share/sailbot/launch
[4.582s] running install_egg_info
[4.586s] Copying ../../../build/sailbot/sailbot.egg-info to /home/sailbot/sailbot21-22/install/sailbot/lib/python3.6/site-packages/sailbot-1.0.0-py3.6.egg-info
[4.590s] running install_scripts
[4.681s] Installing airmar_reader script to /home/sailbot/sailbot21-22/install/sailbot/lib/sailbot
[4.682s] Installing control_system script to /home/sailbot/sailbot21-22/install/sailbot/lib/sailbot
[4.682s] Installing debug_interface script to /home/sailbot/sailbot21-22/install/sailbot/lib/sailbot
[4.683s] Installing pwm_controller script to /home/sailbot/sailbot21-22/install/sailbot/lib/sailbot
[4.684s] Installing serial_rc_receiver script to /home/sailbot/sailbot21-22/install/sailbot/lib/sailbot
[4.685s] Installing trim_tab_comms script to /home/sailbot/sailbot21-22/install/sailbot/lib/sailbot
[4.686s] writing list of installed files to '/home/sailbot/sailbot21-22/build/sailbot/install.log'
[4.835s] Invoked command in '/home/sailbot/sailbot21-22/sailbot_ws/src/sailbot' returned '0': PYTHONPATH=/home/sailbot/sailbot21-22/install/sailbot/lib/python3.6/site-packages:${PYTHONPATH} /usr/bin/python3 setup.py egg_info --egg-base ../../../build/sailbot build --build-base /home/sailbot/sailbot21-22/build/sailbot/build install --prefix /home/sailbot/sailbot21-22/install/sailbot --record /home/sailbot/sailbot21-22/build/sailbot/install.log --single-version-externally-managed
