[2.908s] Invoking command in '/home/sailbot/sailbot21-22/sailbot_ws/src/low_level': PYTHONPATH=/home/sailbot/sailbot21-22/install/low_level/lib/python3.6/site-packages:${PYTHONPATH} /usr/bin/python3 setup.py egg_info --egg-base ../../../build/low_level build --build-base /home/sailbot/sailbot21-22/build/low_level/build install --prefix /home/sailbot/sailbot21-22/install/low_level --record /home/sailbot/sailbot21-22/build/low_level/install.log --single-version-externally-managed
[4.110s] /home/sailbot/.local/lib/python3.6/site-packages/setuptools/dist.py:720: UserWarning: Usage of dash-separated 'script-dir' will not be supported in future versions. Please use the underscore name 'script_dir' instead
[4.110s]   % (opt, underscore_opt)
[4.112s] /home/sailbot/.local/lib/python3.6/site-packages/setuptools/dist.py:720: UserWarning: Usage of dash-separated 'install-scripts' will not be supported in future versions. Please use the underscore name 'install_scripts' instead
[4.112s]   % (opt, underscore_opt)
[4.280s] running egg_info
[4.284s] writing ../../../build/low_level/low_level.egg-info/PKG-INFO
[4.284s] writing dependency_links to ../../../build/low_level/low_level.egg-info/dependency_links.txt
[4.285s] writing entry points to ../../../build/low_level/low_level.egg-info/entry_points.txt
[4.286s] writing requirements to ../../../build/low_level/low_level.egg-info/requires.txt
[4.286s] writing top-level names to ../../../build/low_level/low_level.egg-info/top_level.txt
[4.294s] reading manifest file '../../../build/low_level/low_level.egg-info/SOURCES.txt'
[4.302s] writing manifest file '../../../build/low_level/low_level.egg-info/SOURCES.txt'
[4.302s] running build
[4.303s] running build_py
[4.306s] running install
[4.306s] /home/sailbot/.local/lib/python3.6/site-packages/setuptools/command/install.py:37: SetuptoolsDeprecationWarning: setup.py install is deprecated. Use build and pip and other standards-based tools.
[4.307s]   setuptools.SetuptoolsDeprecationWarning,
[4.308s] running install_lib
[4.313s] byte-compiling /home/sailbot/sailbot21-22/install/low_level/lib/python3.6/site-packages/low_level/standalone_trim_tab_state_publisher.py to standalone_trim_tab_state_publisher.cpython-36.pyc
[4.317s] byte-compiling /home/sailbot/sailbot21-22/install/low_level/lib/python3.6/site-packages/low_level/point_to_point.py to point_to_point.cpython-36.pyc
[4.320s] running install_data
[4.323s] running install_egg_info
[4.331s] removing '/home/sailbot/sailbot21-22/install/low_level/lib/python3.6/site-packages/low_level-0.0.0-py3.6.egg-info' (and everything under it)
[4.333s] Copying ../../../build/low_level/low_level.egg-info to /home/sailbot/sailbot21-22/install/low_level/lib/python3.6/site-packages/low_level-0.0.0-py3.6.egg-info
[4.348s] running install_scripts
[4.429s] Installing desired_heading script to /home/sailbot/sailbot21-22/install/low_level/lib/low_level
[4.431s] Installing point2point script to /home/sailbot/sailbot21-22/install/low_level/lib/low_level
[4.431s] Installing rudder_control script to /home/sailbot/sailbot21-22/install/low_level/lib/low_level
[4.432s] Installing rudder_test script to /home/sailbot/sailbot21-22/install/low_level/lib/low_level
[4.433s] Installing target_location script to /home/sailbot/sailbot21-22/install/low_level/lib/low_level
[4.436s] Installing tt_state_pub script to /home/sailbot/sailbot21-22/install/low_level/lib/low_level
[4.437s] writing list of installed files to '/home/sailbot/sailbot21-22/build/low_level/install.log'
[4.550s] Invoked command in '/home/sailbot/sailbot21-22/sailbot_ws/src/low_level' returned '0': PYTHONPATH=/home/sailbot/sailbot21-22/install/low_level/lib/python3.6/site-packages:${PYTHONPATH} /usr/bin/python3 setup.py egg_info --egg-base ../../../build/low_level build --build-base /home/sailbot/sailbot21-22/build/low_level/build install --prefix /home/sailbot/sailbot21-22/install/low_level --record /home/sailbot/sailbot21-22/build/low_level/install.log --single-version-externally-managed
