[3.003s] Invoking command in '/home/sailbot/sailbot21-22/sailbot_ws/src/sailbot': PYTHONPATH=/home/sailbot/sailbot21-22/install/sailbot/lib/python3.6/site-packages:${PYTHONPATH} /usr/bin/python3 setup.py egg_info --egg-base ../../../build/sailbot build --build-base /home/sailbot/sailbot21-22/build/sailbot/build install --prefix /home/sailbot/sailbot21-22/install/sailbot --record /home/sailbot/sailbot21-22/build/sailbot/install.log --single-version-externally-managed
[4.236s] /home/sailbot/.local/lib/python3.6/site-packages/setuptools/dist.py:720: UserWarning: Usage of dash-separated 'script-dir' will not be supported in future versions. Please use the underscore name 'script_dir' instead
[4.236s]   % (opt, underscore_opt)
[4.239s] /home/sailbot/.local/lib/python3.6/site-packages/setuptools/dist.py:720: UserWarning: Usage of dash-separated 'install-scripts' will not be supported in future versions. Please use the underscore name 'install_scripts' instead
[4.239s]   % (opt, underscore_opt)
[4.412s] running egg_info
[4.416s] creating ../../../build/sailbot/sailbot.egg-info
[4.417s] writing ../../../build/sailbot/sailbot.egg-info/PKG-INFO
[4.419s] writing dependency_links to ../../../build/sailbot/sailbot.egg-info/dependency_links.txt
[4.421s] writing entry points to ../../../build/sailbot/sailbot.egg-info/entry_points.txt
[4.421s] writing requirements to ../../../build/sailbot/sailbot.egg-info/requires.txt
[4.422s] writing top-level names to ../../../build/sailbot/sailbot.egg-info/top_level.txt
[4.422s] writing manifest file '../../../build/sailbot/sailbot.egg-info/SOURCES.txt'
[4.428s] reading manifest file '../../../build/sailbot/sailbot.egg-info/SOURCES.txt'
[4.443s] writing manifest file '../../../build/sailbot/sailbot.egg-info/SOURCES.txt'
[4.445s] running build
[4.446s] running build_py
[4.451s] creating /home/sailbot/sailbot21-22/build/sailbot/build
[4.451s] creating /home/sailbot/sailbot21-22/build/sailbot/build/lib
[4.452s] creating /home/sailbot/sailbot21-22/build/sailbot/build/lib/sailbot
[4.454s] copying sailbot/trim_tab_comms.py -> /home/sailbot/sailbot21-22/build/sailbot/build/lib/sailbot
[4.455s] copying sailbot/airmar_reader.py -> /home/sailbot/sailbot21-22/build/sailbot/build/lib/sailbot
[4.456s] copying sailbot/serial_rc_receiver.py -> /home/sailbot/sailbot21-22/build/sailbot/build/lib/sailbot
[4.457s] copying sailbot/highlvlpathing.py -> /home/sailbot/sailbot21-22/build/sailbot/build/lib/sailbot
[4.458s] copying sailbot/__init__.py -> /home/sailbot/sailbot21-22/build/sailbot/build/lib/sailbot
[4.460s] copying sailbot/debug_interface.py -> /home/sailbot/sailbot21-22/build/sailbot/build/lib/sailbot
[4.460s] copying sailbot/pwm_controller.py -> /home/sailbot/sailbot21-22/build/sailbot/build/lib/sailbot
[4.461s] copying sailbot/control_system.py -> /home/sailbot/sailbot21-22/build/sailbot/build/lib/sailbot
[4.462s] copying sailbot/battery_monitor.py -> /home/sailbot/sailbot21-22/build/sailbot/build/lib/sailbot
[4.463s] creating /home/sailbot/sailbot21-22/build/sailbot/build/lib/sailbot/autonomous
[4.463s] copying sailbot/autonomous/highlvlpathing.py -> /home/sailbot/sailbot21-22/build/sailbot/build/lib/sailbot/autonomous
[4.464s] copying sailbot/autonomous/__init__.py -> /home/sailbot/sailbot21-22/build/sailbot/build/lib/sailbot/autonomous
[4.465s] copying sailbot/autonomous/p2p.py -> /home/sailbot/sailbot21-22/build/sailbot/build/lib/sailbot/autonomous
[4.468s] running install
[4.470s] /home/sailbot/.local/lib/python3.6/site-packages/setuptools/command/install.py:37: SetuptoolsDeprecationWarning: setup.py install is deprecated. Use build and pip and other standards-based tools.
[4.470s]   setuptools.SetuptoolsDeprecationWarning,
[4.472s] running install_lib
[4.474s] creating /home/sailbot/sailbot21-22/install/sailbot/lib/python3.6/site-packages/sailbot
[4.475s] copying /home/sailbot/sailbot21-22/build/sailbot/build/lib/sailbot/trim_tab_comms.py -> /home/sailbot/sailbot21-22/install/sailbot/lib/python3.6/site-packages/sailbot
[4.475s] copying /home/sailbot/sailbot21-22/build/sailbot/build/lib/sailbot/airmar_reader.py -> /home/sailbot/sailbot21-22/install/sailbot/lib/python3.6/site-packages/sailbot
[4.476s] copying /home/sailbot/sailbot21-22/build/sailbot/build/lib/sailbot/serial_rc_receiver.py -> /home/sailbot/sailbot21-22/install/sailbot/lib/python3.6/site-packages/sailbot
[4.477s] copying /home/sailbot/sailbot21-22/build/sailbot/build/lib/sailbot/highlvlpathing.py -> /home/sailbot/sailbot21-22/install/sailbot/lib/python3.6/site-packages/sailbot
[4.478s] copying /home/sailbot/sailbot21-22/build/sailbot/build/lib/sailbot/__init__.py -> /home/sailbot/sailbot21-22/install/sailbot/lib/python3.6/site-packages/sailbot
[4.478s] copying /home/sailbot/sailbot21-22/build/sailbot/build/lib/sailbot/debug_interface.py -> /home/sailbot/sailbot21-22/install/sailbot/lib/python3.6/site-packages/sailbot
[4.480s] copying /home/sailbot/sailbot21-22/build/sailbot/build/lib/sailbot/pwm_controller.py -> /home/sailbot/sailbot21-22/install/sailbot/lib/python3.6/site-packages/sailbot
[4.481s] creating /home/sailbot/sailbot21-22/install/sailbot/lib/python3.6/site-packages/sailbot/autonomous
[4.481s] copying /home/sailbot/sailbot21-22/build/sailbot/build/lib/sailbot/autonomous/highlvlpathing.py -> /home/sailbot/sailbot21-22/install/sailbot/lib/python3.6/site-packages/sailbot/autonomous
[4.482s] copying /home/sailbot/sailbot21-22/build/sailbot/build/lib/sailbot/autonomous/__init__.py -> /home/sailbot/sailbot21-22/install/sailbot/lib/python3.6/site-packages/sailbot/autonomous
[4.483s] copying /home/sailbot/sailbot21-22/build/sailbot/build/lib/sailbot/autonomous/p2p.py -> /home/sailbot/sailbot21-22/install/sailbot/lib/python3.6/site-packages/sailbot/autonomous
[4.484s] copying /home/sailbot/sailbot21-22/build/sailbot/build/lib/sailbot/control_system.py -> /home/sailbot/sailbot21-22/install/sailbot/lib/python3.6/site-packages/sailbot
[4.485s] copying /home/sailbot/sailbot21-22/build/sailbot/build/lib/sailbot/battery_monitor.py -> /home/sailbot/sailbot21-22/install/sailbot/lib/python3.6/site-packages/sailbot
[4.485s] byte-compiling /home/sailbot/sailbot21-22/install/sailbot/lib/python3.6/site-packages/sailbot/trim_tab_comms.py to trim_tab_comms.cpython-36.pyc
[4.486s] byte-compiling /home/sailbot/sailbot21-22/install/sailbot/lib/python3.6/site-packages/sailbot/airmar_reader.py to airmar_reader.cpython-36.pyc
[4.488s] byte-compiling /home/sailbot/sailbot21-22/install/sailbot/lib/python3.6/site-packages/sailbot/serial_rc_receiver.py to serial_rc_receiver.cpython-36.pyc
[4.493s] byte-compiling /home/sailbot/sailbot21-22/install/sailbot/lib/python3.6/site-packages/sailbot/highlvlpathing.py to highlvlpathing.cpython-36.pyc
[4.495s] byte-compiling /home/sailbot/sailbot21-22/install/sailbot/lib/python3.6/site-packages/sailbot/__init__.py to __init__.cpython-36.pyc
[4.495s] byte-compiling /home/sailbot/sailbot21-22/install/sailbot/lib/python3.6/site-packages/sailbot/debug_interface.py to debug_interface.cpython-36.pyc
[4.496s] byte-compiling /home/sailbot/sailbot21-22/install/sailbot/lib/python3.6/site-packages/sailbot/pwm_controller.py to pwm_controller.cpython-36.pyc
[4.497s] byte-compiling /home/sailbot/sailbot21-22/install/sailbot/lib/python3.6/site-packages/sailbot/autonomous/highlvlpathing.py to highlvlpathing.cpython-36.pyc
[4.500s] byte-compiling /home/sailbot/sailbot21-22/install/sailbot/lib/python3.6/site-packages/sailbot/autonomous/__init__.py to __init__.cpython-36.pyc
[4.505s] byte-compiling /home/sailbot/sailbot21-22/install/sailbot/lib/python3.6/site-packages/sailbot/autonomous/p2p.py to p2p.cpython-36.pyc
[4.506s] byte-compiling /home/sailbot/sailbot21-22/install/sailbot/lib/python3.6/site-packages/sailbot/control_system.py to control_system.cpython-36.pyc
[4.520s] byte-compiling /home/sailbot/sailbot21-22/install/sailbot/lib/python3.6/site-packages/sailbot/battery_monitor.py to battery_monitor.cpython-36.pyc
[4.520s] running install_data
[4.521s] creating /home/sailbot/sailbot21-22/install/sailbot/share/ament_index
[4.522s] creating /home/sailbot/sailbot21-22/install/sailbot/share/ament_index/resource_index
[4.523s] creating /home/sailbot/sailbot21-22/install/sailbot/share/ament_index/resource_index/packages
[4.523s] copying resource/sailbot -> /home/sailbot/sailbot21-22/install/sailbot/share/ament_index/resource_index/packages
[4.524s] copying package.xml -> /home/sailbot/sailbot21-22/install/sailbot/share/sailbot
[4.525s] creating /home/sailbot/sailbot21-22/install/sailbot/share/sailbot/launch
[4.525s] copying launch/full_debug.py -> /home/sailbot/sailbot21-22/install/sailbot/share/sailbot/launch
[4.529s] copying launch/full_launch.py -> /home/sailbot/sailbot21-22/install/sailbot/share/sailbot/launch
[4.530s] running install_egg_info
[4.531s] Copying ../../../build/sailbot/sailbot.egg-info to /home/sailbot/sailbot21-22/install/sailbot/lib/python3.6/site-packages/sailbot-1.0.0-py3.6.egg-info
[4.531s] running install_scripts
[4.619s] Installing airmar_reader script to /home/sailbot/sailbot21-22/install/sailbot/lib/sailbot
[4.620s] Installing battery_monitor script to /home/sailbot/sailbot21-22/install/sailbot/lib/sailbot
[4.621s] Installing control_system script to /home/sailbot/sailbot21-22/install/sailbot/lib/sailbot
[4.621s] Installing debug_interface script to /home/sailbot/sailbot21-22/install/sailbot/lib/sailbot
[4.622s] Installing pwm_controller script to /home/sailbot/sailbot21-22/install/sailbot/lib/sailbot
[4.623s] Installing serial_rc_receiver script to /home/sailbot/sailbot21-22/install/sailbot/lib/sailbot
[4.624s] Installing trim_tab_comms script to /home/sailbot/sailbot21-22/install/sailbot/lib/sailbot
[4.626s] writing list of installed files to '/home/sailbot/sailbot21-22/build/sailbot/install.log'
[4.773s] Invoked command in '/home/sailbot/sailbot21-22/sailbot_ws/src/sailbot' returned '0': PYTHONPATH=/home/sailbot/sailbot21-22/install/sailbot/lib/python3.6/site-packages:${PYTHONPATH} /usr/bin/python3 setup.py egg_info --egg-base ../../../build/sailbot build --build-base /home/sailbot/sailbot21-22/build/sailbot/build install --prefix /home/sailbot/sailbot21-22/install/sailbot --record /home/sailbot/sailbot21-22/build/sailbot/install.log --single-version-externally-managed
