[3.118s] Invoking command in '/home/sailbot/sailbot21-22/sailbot_ws/src/low_level': PYTHONPATH=/home/sailbot/sailbot21-22/install/low_level/lib/python3.6/site-packages:${PYTHONPATH} /usr/bin/python3 setup.py egg_info --egg-base ../../../build/low_level build --build-base /home/sailbot/sailbot21-22/build/low_level/build install --prefix /home/sailbot/sailbot21-22/install/low_level --record /home/sailbot/sailbot21-22/build/low_level/install.log --single-version-externally-managed
[4.382s] /home/sailbot/.local/lib/python3.6/site-packages/setuptools/dist.py:720: UserWarning: Usage of dash-separated 'script-dir' will not be supported in future versions. Please use the underscore name 'script_dir' instead
[4.382s]   % (opt, underscore_opt)
[4.383s] /home/sailbot/.local/lib/python3.6/site-packages/setuptools/dist.py:720: UserWarning: Usage of dash-separated 'install-scripts' will not be supported in future versions. Please use the underscore name 'install_scripts' instead
[4.384s]   % (opt, underscore_opt)
[4.560s] running egg_info
[4.563s] creating ../../../build/low_level/low_level.egg-info
[4.563s] writing ../../../build/low_level/low_level.egg-info/PKG-INFO
[4.564s] writing dependency_links to ../../../build/low_level/low_level.egg-info/dependency_links.txt
[4.565s] writing entry points to ../../../build/low_level/low_level.egg-info/entry_points.txt
[4.565s] writing requirements to ../../../build/low_level/low_level.egg-info/requires.txt
[4.566s] writing top-level names to ../../../build/low_level/low_level.egg-info/top_level.txt
[4.567s] writing manifest file '../../../build/low_level/low_level.egg-info/SOURCES.txt'
[4.574s] reading manifest file '../../../build/low_level/low_level.egg-info/SOURCES.txt'
[4.582s] writing manifest file '../../../build/low_level/low_level.egg-info/SOURCES.txt'
[4.583s] running build
[4.583s] running build_py
[4.584s] creating /home/sailbot/sailbot21-22/build/low_level/build
[4.585s] creating /home/sailbot/sailbot21-22/build/low_level/build/lib
[4.586s] creating /home/sailbot/sailbot21-22/build/low_level/build/lib/low_level
[4.586s] copying low_level/desired_heading_publisher.py -> /home/sailbot/sailbot21-22/build/low_level/build/lib/low_level
[4.587s] copying low_level/rudder_test.py -> /home/sailbot/sailbot21-22/build/low_level/build/lib/low_level
[4.588s] copying low_level/lat_long_publisher.py -> /home/sailbot/sailbot21-22/build/low_level/build/lib/low_level
[4.588s] copying low_level/standalone_trim_tab_state_publisher.py -> /home/sailbot/sailbot21-22/build/low_level/build/lib/low_level
[4.590s] copying low_level/__init__.py -> /home/sailbot/sailbot21-22/build/low_level/build/lib/low_level
[4.591s] copying low_level/target_generation.py -> /home/sailbot/sailbot21-22/build/low_level/build/lib/low_level
[4.591s] copying low_level/point_to_point.py -> /home/sailbot/sailbot21-22/build/low_level/build/lib/low_level
[4.592s] copying low_level/rudder_control.py -> /home/sailbot/sailbot21-22/build/low_level/build/lib/low_level
[4.592s] copying low_level/station_keeping_target_gen.py -> /home/sailbot/sailbot21-22/build/low_level/build/lib/low_level
[4.594s] running install
[4.596s] /home/sailbot/.local/lib/python3.6/site-packages/setuptools/command/install.py:37: SetuptoolsDeprecationWarning: setup.py install is deprecated. Use build and pip and other standards-based tools.
[4.596s]   setuptools.SetuptoolsDeprecationWarning,
[4.599s] running install_lib
[4.600s] creating /home/sailbot/sailbot21-22/install/low_level/lib/python3.6/site-packages/low_level
[4.601s] copying /home/sailbot/sailbot21-22/build/low_level/build/lib/low_level/desired_heading_publisher.py -> /home/sailbot/sailbot21-22/install/low_level/lib/python3.6/site-packages/low_level
[4.601s] copying /home/sailbot/sailbot21-22/build/low_level/build/lib/low_level/rudder_test.py -> /home/sailbot/sailbot21-22/install/low_level/lib/python3.6/site-packages/low_level
[4.602s] copying /home/sailbot/sailbot21-22/build/low_level/build/lib/low_level/lat_long_publisher.py -> /home/sailbot/sailbot21-22/install/low_level/lib/python3.6/site-packages/low_level
[4.603s] copying /home/sailbot/sailbot21-22/build/low_level/build/lib/low_level/standalone_trim_tab_state_publisher.py -> /home/sailbot/sailbot21-22/install/low_level/lib/python3.6/site-packages/low_level
[4.603s] copying /home/sailbot/sailbot21-22/build/low_level/build/lib/low_level/__init__.py -> /home/sailbot/sailbot21-22/install/low_level/lib/python3.6/site-packages/low_level
[4.604s] copying /home/sailbot/sailbot21-22/build/low_level/build/lib/low_level/target_generation.py -> /home/sailbot/sailbot21-22/install/low_level/lib/python3.6/site-packages/low_level
[4.604s] copying /home/sailbot/sailbot21-22/build/low_level/build/lib/low_level/point_to_point.py -> /home/sailbot/sailbot21-22/install/low_level/lib/python3.6/site-packages/low_level
[4.605s] copying /home/sailbot/sailbot21-22/build/low_level/build/lib/low_level/rudder_control.py -> /home/sailbot/sailbot21-22/install/low_level/lib/python3.6/site-packages/low_level
[4.605s] copying /home/sailbot/sailbot21-22/build/low_level/build/lib/low_level/station_keeping_target_gen.py -> /home/sailbot/sailbot21-22/install/low_level/lib/python3.6/site-packages/low_level
[4.607s] byte-compiling /home/sailbot/sailbot21-22/install/low_level/lib/python3.6/site-packages/low_level/desired_heading_publisher.py to desired_heading_publisher.cpython-36.pyc
[4.608s] byte-compiling /home/sailbot/sailbot21-22/install/low_level/lib/python3.6/site-packages/low_level/rudder_test.py to rudder_test.cpython-36.pyc
[4.609s] byte-compiling /home/sailbot/sailbot21-22/install/low_level/lib/python3.6/site-packages/low_level/lat_long_publisher.py to lat_long_publisher.cpython-36.pyc
[4.609s] byte-compiling /home/sailbot/sailbot21-22/install/low_level/lib/python3.6/site-packages/low_level/standalone_trim_tab_state_publisher.py to standalone_trim_tab_state_publisher.cpython-36.pyc
[4.612s] byte-compiling /home/sailbot/sailbot21-22/install/low_level/lib/python3.6/site-packages/low_level/__init__.py to __init__.cpython-36.pyc
[4.615s] byte-compiling /home/sailbot/sailbot21-22/install/low_level/lib/python3.6/site-packages/low_level/target_generation.py to target_generation.cpython-36.pyc
[4.618s] byte-compiling /home/sailbot/sailbot21-22/install/low_level/lib/python3.6/site-packages/low_level/point_to_point.py to point_to_point.cpython-36.pyc
[4.623s] byte-compiling /home/sailbot/sailbot21-22/install/low_level/lib/python3.6/site-packages/low_level/rudder_control.py to rudder_control.cpython-36.pyc
[4.627s] byte-compiling /home/sailbot/sailbot21-22/install/low_level/lib/python3.6/site-packages/low_level/station_keeping_target_gen.py to station_keeping_target_gen.cpython-36.pyc
[4.630s] running install_data
[4.633s] creating /home/sailbot/sailbot21-22/install/low_level/share/ament_index
[4.635s] creating /home/sailbot/sailbot21-22/install/low_level/share/ament_index/resource_index
[4.639s] creating /home/sailbot/sailbot21-22/install/low_level/share/ament_index/resource_index/packages
[4.641s] copying resource/low_level -> /home/sailbot/sailbot21-22/install/low_level/share/ament_index/resource_index/packages
[4.641s] copying package.xml -> /home/sailbot/sailbot21-22/install/low_level/share/low_level
[4.644s] creating /home/sailbot/sailbot21-22/install/low_level/share/low_level/launch
[4.646s] copying launch/auto_nav.py -> /home/sailbot/sailbot21-22/install/low_level/share/low_level/launch
[4.647s] copying launch/rudder_test.py -> /home/sailbot/sailbot21-22/install/low_level/share/low_level/launch
[4.649s] copying launch/station_keeping.py -> /home/sailbot/sailbot21-22/install/low_level/share/low_level/launch
[4.650s] copying launch/point2point_test.py -> /home/sailbot/sailbot21-22/install/low_level/share/low_level/launch
[4.652s] running install_egg_info
[4.656s] Copying ../../../build/low_level/low_level.egg-info to /home/sailbot/sailbot21-22/install/low_level/lib/python3.6/site-packages/low_level-0.0.0-py3.6.egg-info
[4.657s] running install_scripts
[4.727s] Installing desired_heading script to /home/sailbot/sailbot21-22/install/low_level/lib/low_level
[4.728s] Installing point2point script to /home/sailbot/sailbot21-22/install/low_level/lib/low_level
[4.729s] Installing rudder_control script to /home/sailbot/sailbot21-22/install/low_level/lib/low_level
[4.730s] Installing rudder_test script to /home/sailbot/sailbot21-22/install/low_level/lib/low_level
[4.730s] Installing station_target_gen script to /home/sailbot/sailbot21-22/install/low_level/lib/low_level
[4.731s] Installing target_gen script to /home/sailbot/sailbot21-22/install/low_level/lib/low_level
[4.731s] Installing target_location script to /home/sailbot/sailbot21-22/install/low_level/lib/low_level
[4.732s] Installing tt_state_pub script to /home/sailbot/sailbot21-22/install/low_level/lib/low_level
[4.732s] writing list of installed files to '/home/sailbot/sailbot21-22/build/low_level/install.log'
[4.858s] Invoked command in '/home/sailbot/sailbot21-22/sailbot_ws/src/low_level' returned '0': PYTHONPATH=/home/sailbot/sailbot21-22/install/low_level/lib/python3.6/site-packages:${PYTHONPATH} /usr/bin/python3 setup.py egg_info --egg-base ../../../build/low_level build --build-base /home/sailbot/sailbot21-22/build/low_level/build install --prefix /home/sailbot/sailbot21-22/install/low_level --record /home/sailbot/sailbot21-22/build/low_level/install.log --single-version-externally-managed
