[1.826s] DEBUG:colcon:Command line arguments: ['/usr/bin/colcon', 'build']
[1.826s] DEBUG:colcon:Parsed command line arguments: Namespace(ament_cmake_args=None, base_paths=['.'], build_base='build', catkin_cmake_args=None, catkin_skip_building_tests=False, cmake_args=None, cmake_clean_cache=False, cmake_clean_first=False, cmake_force_configure=False, cmake_target=None, cmake_target_skip_unavailable=False, continue_on_error=False, event_handlers=None, executor='parallel', ignore_user_meta=False, install_base='install', log_base=None, log_level=None, main=<bound method BuildVerb.main of <colcon_core.verb.build.BuildVerb object at 0x7f9e228898>>, merge_install=False, metas=['./colcon.meta'], packages_above=None, packages_above_and_dependencies=None, packages_above_depth=None, packages_end=None, packages_ignore=None, packages_ignore_regex=None, packages_select=None, packages_select_build_failed=False, packages_select_by_dep=None, packages_select_regex=None, packages_select_test_failures=False, packages_skip=None, packages_skip_build_finished=False, packages_skip_by_dep=None, packages_skip_regex=None, packages_skip_test_passed=False, packages_skip_up_to=None, packages_start=None, packages_up_to=None, packages_up_to_regex=None, parallel_workers=4, paths=None, symlink_install=False, test_result_base=None, verb_extension=<colcon_core.verb.build.BuildVerb object at 0x7f9e228898>, verb_name='build', verb_parser=<colcon_defaults.argument_parser.defaults.DefaultArgumentsDecorator object at 0x7f9e09d438>)
[1.867s] Level 1:colcon.colcon_core.package_discovery:discover_packages(colcon_meta) check parameters
[1.868s] Level 1:colcon.colcon_core.package_discovery:discover_packages(recursive) check parameters
[1.868s] Level 1:colcon.colcon_core.package_discovery:discover_packages(ignore) check parameters
[1.868s] Level 1:colcon.colcon_core.package_discovery:discover_packages(path) check parameters
[1.869s] Level 1:colcon.colcon_core.package_discovery:discover_packages(colcon_meta) discover
[1.870s] Level 1:colcon.colcon_core.package_discovery:discover_packages(recursive) discover
[1.870s] INFO:colcon.colcon_core.package_discovery:Crawling recursively for packages in '/home/sailbot/sailbot21-22'
[1.871s] Level 1:colcon.colcon_core.package_identification:_identify(.) by extensions ['ignore', 'ignore_ament_install']
[1.871s] Level 1:colcon.colcon_core.package_identification:_identify(.) by extension 'ignore'
[1.872s] Level 1:colcon.colcon_core.package_identification:_identify(.) by extension 'ignore_ament_install'
[1.872s] Level 1:colcon.colcon_core.package_identification:_identify(.) by extensions ['colcon_pkg']
[1.872s] Level 1:colcon.colcon_core.package_identification:_identify(.) by extension 'colcon_pkg'
[1.872s] Level 1:colcon.colcon_core.package_identification:_identify(.) by extensions ['colcon_meta']
[1.873s] Level 1:colcon.colcon_core.package_identification:_identify(.) by extension 'colcon_meta'
[1.873s] Level 1:colcon.colcon_core.package_identification:_identify(.) by extensions ['ros']
[1.873s] Level 1:colcon.colcon_core.package_identification:_identify(.) by extension 'ros'
[2.328s] Level 1:colcon.colcon_core.package_identification:_identify(.) by extensions ['cmake', 'python']
[2.328s] Level 1:colcon.colcon_core.package_identification:_identify(.) by extension 'cmake'
[2.329s] Level 1:colcon.colcon_core.package_identification:_identify(.) by extension 'python'
[2.329s] Level 1:colcon.colcon_core.package_identification:_identify(.) by extensions ['python_setup_py']
[2.329s] Level 1:colcon.colcon_core.package_identification:_identify(.) by extension 'python_setup_py'
[2.330s] Level 1:colcon.colcon_core.package_identification:_identify(build) by extensions ['ignore', 'ignore_ament_install']
[2.331s] Level 1:colcon.colcon_core.package_identification:_identify(build) by extension 'ignore'
[2.331s] Level 1:colcon.colcon_core.package_identification:_identify(build) ignored
[2.333s] Level 1:colcon.colcon_core.package_identification:_identify(install) by extensions ['ignore', 'ignore_ament_install']
[2.334s] Level 1:colcon.colcon_core.package_identification:_identify(install) by extension 'ignore'
[2.334s] Level 1:colcon.colcon_core.package_identification:_identify(install) ignored
[2.335s] Level 1:colcon.colcon_core.package_identification:_identify(log) by extensions ['ignore', 'ignore_ament_install']
[2.335s] Level 1:colcon.colcon_core.package_identification:_identify(log) by extension 'ignore'
[2.336s] Level 1:colcon.colcon_core.package_identification:_identify(log) ignored
[2.336s] Level 1:colcon.colcon_core.package_identification:_identify(sailbot_ws) by extensions ['ignore', 'ignore_ament_install']
[2.337s] Level 1:colcon.colcon_core.package_identification:_identify(sailbot_ws) by extension 'ignore'
[2.337s] Level 1:colcon.colcon_core.package_identification:_identify(sailbot_ws) by extension 'ignore_ament_install'
[2.337s] Level 1:colcon.colcon_core.package_identification:_identify(sailbot_ws) by extensions ['colcon_pkg']
[2.338s] Level 1:colcon.colcon_core.package_identification:_identify(sailbot_ws) by extension 'colcon_pkg'
[2.338s] Level 1:colcon.colcon_core.package_identification:_identify(sailbot_ws) by extensions ['colcon_meta']
[2.338s] Level 1:colcon.colcon_core.package_identification:_identify(sailbot_ws) by extension 'colcon_meta'
[2.338s] Level 1:colcon.colcon_core.package_identification:_identify(sailbot_ws) by extensions ['ros']
[2.339s] Level 1:colcon.colcon_core.package_identification:_identify(sailbot_ws) by extension 'ros'
[2.339s] Level 1:colcon.colcon_core.package_identification:_identify(sailbot_ws) by extensions ['cmake', 'python']
[2.340s] Level 1:colcon.colcon_core.package_identification:_identify(sailbot_ws) by extension 'cmake'
[2.340s] Level 1:colcon.colcon_core.package_identification:_identify(sailbot_ws) by extension 'python'
[2.340s] Level 1:colcon.colcon_core.package_identification:_identify(sailbot_ws) by extensions ['python_setup_py']
[2.340s] Level 1:colcon.colcon_core.package_identification:_identify(sailbot_ws) by extension 'python_setup_py'
[2.341s] Level 1:colcon.colcon_core.package_identification:_identify(sailbot_ws/build) by extensions ['ignore', 'ignore_ament_install']
[2.342s] Level 1:colcon.colcon_core.package_identification:_identify(sailbot_ws/build) by extension 'ignore'
[2.342s] Level 1:colcon.colcon_core.package_identification:_identify(sailbot_ws/build) ignored
[2.343s] Level 1:colcon.colcon_core.package_identification:_identify(sailbot_ws/install) by extensions ['ignore', 'ignore_ament_install']
[2.344s] Level 1:colcon.colcon_core.package_identification:_identify(sailbot_ws/install) by extension 'ignore'
[2.344s] Level 1:colcon.colcon_core.package_identification:_identify(sailbot_ws/install) ignored
[2.345s] Level 1:colcon.colcon_core.package_identification:_identify(sailbot_ws/log) by extensions ['ignore', 'ignore_ament_install']
[2.346s] Level 1:colcon.colcon_core.package_identification:_identify(sailbot_ws/log) by extension 'ignore'
[2.346s] Level 1:colcon.colcon_core.package_identification:_identify(sailbot_ws/log) ignored
[2.347s] Level 1:colcon.colcon_core.package_identification:_identify(sailbot_ws/src) by extensions ['ignore', 'ignore_ament_install']
[2.347s] Level 1:colcon.colcon_core.package_identification:_identify(sailbot_ws/src) by extension 'ignore'
[2.347s] Level 1:colcon.colcon_core.package_identification:_identify(sailbot_ws/src) by extension 'ignore_ament_install'
[2.348s] Level 1:colcon.colcon_core.package_identification:_identify(sailbot_ws/src) by extensions ['colcon_pkg']
[2.348s] Level 1:colcon.colcon_core.package_identification:_identify(sailbot_ws/src) by extension 'colcon_pkg'
[2.348s] Level 1:colcon.colcon_core.package_identification:_identify(sailbot_ws/src) by extensions ['colcon_meta']
[2.348s] Level 1:colcon.colcon_core.package_identification:_identify(sailbot_ws/src) by extension 'colcon_meta'
[2.349s] Level 1:colcon.colcon_core.package_identification:_identify(sailbot_ws/src) by extensions ['ros']
[2.349s] Level 1:colcon.colcon_core.package_identification:_identify(sailbot_ws/src) by extension 'ros'
[2.349s] Level 1:colcon.colcon_core.package_identification:_identify(sailbot_ws/src) by extensions ['cmake', 'python']
[2.350s] Level 1:colcon.colcon_core.package_identification:_identify(sailbot_ws/src) by extension 'cmake'
[2.350s] Level 1:colcon.colcon_core.package_identification:_identify(sailbot_ws/src) by extension 'python'
[2.350s] Level 1:colcon.colcon_core.package_identification:_identify(sailbot_ws/src) by extensions ['python_setup_py']
[2.350s] Level 1:colcon.colcon_core.package_identification:_identify(sailbot_ws/src) by extension 'python_setup_py'
[2.351s] Level 1:colcon.colcon_core.package_identification:_identify(sailbot_ws/src/low_level) by extensions ['ignore', 'ignore_ament_install']
[2.352s] Level 1:colcon.colcon_core.package_identification:_identify(sailbot_ws/src/low_level) by extension 'ignore'
[2.352s] Level 1:colcon.colcon_core.package_identification:_identify(sailbot_ws/src/low_level) by extension 'ignore_ament_install'
[2.352s] Level 1:colcon.colcon_core.package_identification:_identify(sailbot_ws/src/low_level) by extensions ['colcon_pkg']
[2.352s] Level 1:colcon.colcon_core.package_identification:_identify(sailbot_ws/src/low_level) by extension 'colcon_pkg'
[2.353s] Level 1:colcon.colcon_core.package_identification:_identify(sailbot_ws/src/low_level) by extensions ['colcon_meta']
[2.353s] Level 1:colcon.colcon_core.package_identification:_identify(sailbot_ws/src/low_level) by extension 'colcon_meta'
[2.353s] Level 1:colcon.colcon_core.package_identification:_identify(sailbot_ws/src/low_level) by extensions ['ros']
[2.353s] Level 1:colcon.colcon_core.package_identification:_identify(sailbot_ws/src/low_level) by extension 'ros'
[2.365s] DEBUG:colcon.colcon_core.package_identification:Package 'sailbot_ws/src/low_level' with type 'ros.ament_python' and name 'low_level'
[2.365s] Level 1:colcon.colcon_core.package_identification:_identify(sailbot_ws/src/sailbot) by extensions ['ignore', 'ignore_ament_install']
[2.366s] Level 1:colcon.colcon_core.package_identification:_identify(sailbot_ws/src/sailbot) by extension 'ignore'
[2.366s] Level 1:colcon.colcon_core.package_identification:_identify(sailbot_ws/src/sailbot) by extension 'ignore_ament_install'
[2.366s] Level 1:colcon.colcon_core.package_identification:_identify(sailbot_ws/src/sailbot) by extensions ['colcon_pkg']
[2.367s] Level 1:colcon.colcon_core.package_identification:_identify(sailbot_ws/src/sailbot) by extension 'colcon_pkg'
[2.367s] Level 1:colcon.colcon_core.package_identification:_identify(sailbot_ws/src/sailbot) by extensions ['colcon_meta']
[2.367s] Level 1:colcon.colcon_core.package_identification:_identify(sailbot_ws/src/sailbot) by extension 'colcon_meta'
[2.367s] Level 1:colcon.colcon_core.package_identification:_identify(sailbot_ws/src/sailbot) by extensions ['ros']
[2.367s] Level 1:colcon.colcon_core.package_identification:_identify(sailbot_ws/src/sailbot) by extension 'ros'
[2.372s] DEBUG:colcon.colcon_core.package_identification:Package 'sailbot_ws/src/sailbot' with type 'ros.ament_python' and name 'sailbot'
[2.372s] Level 1:colcon.colcon_core.package_discovery:discover_packages(recursive) using defaults
[2.373s] Level 1:colcon.colcon_core.package_discovery:discover_packages(ignore) discover
[2.373s] Level 1:colcon.colcon_core.package_discovery:discover_packages(ignore) using defaults
[2.373s] Level 1:colcon.colcon_core.package_discovery:discover_packages(path) discover
[2.374s] Level 1:colcon.colcon_core.package_discovery:discover_packages(path) using defaults
[2.505s] Level 5:colcon.colcon_core.verb:set package 'low_level' build argument 'cmake_args' from command line to 'None'
[2.505s] Level 5:colcon.colcon_core.verb:set package 'low_level' build argument 'cmake_target' from command line to 'None'
[2.506s] Level 5:colcon.colcon_core.verb:set package 'low_level' build argument 'cmake_target_skip_unavailable' from command line to 'False'
[2.506s] Level 5:colcon.colcon_core.verb:set package 'low_level' build argument 'cmake_clean_cache' from command line to 'False'
[2.506s] Level 5:colcon.colcon_core.verb:set package 'low_level' build argument 'cmake_clean_first' from command line to 'False'
[2.506s] Level 5:colcon.colcon_core.verb:set package 'low_level' build argument 'cmake_force_configure' from command line to 'False'
[2.507s] Level 5:colcon.colcon_core.verb:set package 'low_level' build argument 'ament_cmake_args' from command line to 'None'
[2.507s] Level 5:colcon.colcon_core.verb:set package 'low_level' build argument 'catkin_cmake_args' from command line to 'None'
[2.507s] Level 5:colcon.colcon_core.verb:set package 'low_level' build argument 'catkin_skip_building_tests' from command line to 'False'
[2.507s] DEBUG:colcon.colcon_core.verb:Building package 'low_level' with the following arguments: {'ament_cmake_args': None, 'build_base': '/home/sailbot/sailbot21-22/build/low_level', 'catkin_cmake_args': None, 'catkin_skip_building_tests': False, 'cmake_args': None, 'cmake_clean_cache': False, 'cmake_clean_first': False, 'cmake_force_configure': False, 'cmake_target': None, 'cmake_target_skip_unavailable': False, 'install_base': '/home/sailbot/sailbot21-22/install/low_level', 'merge_install': False, 'path': '/home/sailbot/sailbot21-22/sailbot_ws/src/low_level', 'symlink_install': False, 'test_result_base': None}
[2.531s] Level 5:colcon.colcon_core.verb:set package 'sailbot' build argument 'cmake_args' from command line to 'None'
[2.532s] Level 5:colcon.colcon_core.verb:set package 'sailbot' build argument 'cmake_target' from command line to 'None'
[2.532s] Level 5:colcon.colcon_core.verb:set package 'sailbot' build argument 'cmake_target_skip_unavailable' from command line to 'False'
[2.532s] Level 5:colcon.colcon_core.verb:set package 'sailbot' build argument 'cmake_clean_cache' from command line to 'False'
[2.532s] Level 5:colcon.colcon_core.verb:set package 'sailbot' build argument 'cmake_clean_first' from command line to 'False'
[2.533s] Level 5:colcon.colcon_core.verb:set package 'sailbot' build argument 'cmake_force_configure' from command line to 'False'
[2.533s] Level 5:colcon.colcon_core.verb:set package 'sailbot' build argument 'ament_cmake_args' from command line to 'None'
[2.533s] Level 5:colcon.colcon_core.verb:set package 'sailbot' build argument 'catkin_cmake_args' from command line to 'None'
[2.533s] Level 5:colcon.colcon_core.verb:set package 'sailbot' build argument 'catkin_skip_building_tests' from command line to 'False'
[2.534s] DEBUG:colcon.colcon_core.verb:Building package 'sailbot' with the following arguments: {'ament_cmake_args': None, 'build_base': '/home/sailbot/sailbot21-22/build/sailbot', 'catkin_cmake_args': None, 'catkin_skip_building_tests': False, 'cmake_args': None, 'cmake_clean_cache': False, 'cmake_clean_first': False, 'cmake_force_configure': False, 'cmake_target': None, 'cmake_target_skip_unavailable': False, 'install_base': '/home/sailbot/sailbot21-22/install/sailbot', 'merge_install': False, 'path': '/home/sailbot/sailbot21-22/sailbot_ws/src/sailbot', 'symlink_install': False, 'test_result_base': None}
[2.536s] INFO:colcon.colcon_core.executor:Executing jobs using 'parallel' executor
[2.549s] DEBUG:colcon.colcon_parallel_executor.executor.parallel:run_until_complete
[2.550s] INFO:colcon.colcon_ros.task.ament_python.build:Building ROS package in '/home/sailbot/sailbot21-22/sailbot_ws/src/low_level' with build type 'ament_python'
[2.551s] Level 1:colcon.colcon_core.shell:create_environment_hook('low_level', 'ament_prefix_path')
[2.570s] INFO:colcon.colcon_core.plugin_system:Skipping extension 'colcon_core.shell.bat': Not used on non-Windows systems
[2.572s] INFO:colcon.colcon_core.shell:Creating environment hook '/home/sailbot/sailbot21-22/install/low_level/share/low_level/hook/ament_prefix_path.ps1'
[2.579s] INFO:colcon.colcon_core.shell:Creating environment descriptor '/home/sailbot/sailbot21-22/install/low_level/share/low_level/hook/ament_prefix_path.dsv'
[2.581s] INFO:colcon.colcon_core.shell:Creating environment hook '/home/sailbot/sailbot21-22/install/low_level/share/low_level/hook/ament_prefix_path.sh'
[2.587s] INFO:colcon.colcon_core.shell:Skip shell extension 'powershell' for command environment: Not usable outside of PowerShell
[2.588s] DEBUG:colcon.colcon_core.shell:Skip shell extension 'dsv' for command environment
[2.606s] DEBUG:colcon.colcon_core.shell:Ignoring prefix path '/opt/ros/dashing'
[2.619s] INFO:colcon.colcon_ros.task.ament_python.build:Building ROS package in '/home/sailbot/sailbot21-22/sailbot_ws/src/sailbot' with build type 'ament_python'
[2.620s] Level 1:colcon.colcon_core.shell:create_environment_hook('sailbot', 'ament_prefix_path')
[2.625s] INFO:colcon.colcon_core.shell:Creating environment hook '/home/sailbot/sailbot21-22/install/sailbot/share/sailbot/hook/ament_prefix_path.ps1'
[2.631s] INFO:colcon.colcon_core.shell:Creating environment descriptor '/home/sailbot/sailbot21-22/install/sailbot/share/sailbot/hook/ament_prefix_path.dsv'
[2.633s] INFO:colcon.colcon_core.shell:Creating environment hook '/home/sailbot/sailbot21-22/install/sailbot/share/sailbot/hook/ament_prefix_path.sh'
[2.638s] INFO:colcon.colcon_core.shell:Skip shell extension 'powershell' for command environment: Not usable outside of PowerShell
[2.638s] DEBUG:colcon.colcon_core.shell:Skip shell extension 'dsv' for command environment
[2.652s] DEBUG:colcon.colcon_core.shell:Ignoring prefix path '/opt/ros/dashing'
[4.254s] INFO:colcon.colcon_core.task.python.build:Building Python package in '/home/sailbot/sailbot21-22/sailbot_ws/src/low_level'
[4.259s] INFO:colcon.colcon_core.shell:Skip shell extension 'powershell' for command environment: Not usable outside of PowerShell
[4.259s] DEBUG:colcon.colcon_core.shell:Skip shell extension 'dsv' for command environment
[4.273s] DEBUG:colcon.colcon_core.shell:Ignoring prefix path '/opt/ros/dashing'
[5.859s] INFO:colcon.colcon_core.task.python.build:Building Python package in '/home/sailbot/sailbot21-22/sailbot_ws/src/sailbot'
[5.864s] INFO:colcon.colcon_core.shell:Skip shell extension 'powershell' for command environment: Not usable outside of PowerShell
[5.864s] DEBUG:colcon.colcon_core.shell:Skip shell extension 'dsv' for command environment
[5.877s] DEBUG:colcon.colcon_core.shell:Ignoring prefix path '/opt/ros/dashing'
[5.915s] DEBUG:colcon.colcon_core.event_handler.log_command:Invoking command in '/home/sailbot/sailbot21-22/sailbot_ws/src/low_level': PYTHONPATH=/home/sailbot/sailbot21-22/install/low_level/lib/python3.6/site-packages:${PYTHONPATH} /usr/bin/python3 setup.py egg_info --egg-base ../../../build/low_level build --build-base /home/sailbot/sailbot21-22/build/low_level/build install --prefix /home/sailbot/sailbot21-22/install/low_level --record /home/sailbot/sailbot21-22/build/low_level/install.log --single-version-externally-managed
[5.948s] DEBUG:colcon.colcon_core.event_handler.log_command:Invoking command in '/home/sailbot/sailbot21-22/sailbot_ws/src/sailbot': PYTHONPATH=/home/sailbot/sailbot21-22/install/sailbot/lib/python3.6/site-packages:${PYTHONPATH} /usr/bin/python3 setup.py egg_info --egg-base ../../../build/sailbot build --build-base /home/sailbot/sailbot21-22/build/sailbot/build install --prefix /home/sailbot/sailbot21-22/install/sailbot --record /home/sailbot/sailbot21-22/build/sailbot/install.log --single-version-externally-managed
[7.952s] DEBUG:colcon.colcon_core.event_handler.log_command:Invoked command in '/home/sailbot/sailbot21-22/sailbot_ws/src/low_level' returned '0': PYTHONPATH=/home/sailbot/sailbot21-22/install/low_level/lib/python3.6/site-packages:${PYTHONPATH} /usr/bin/python3 setup.py egg_info --egg-base ../../../build/low_level build --build-base /home/sailbot/sailbot21-22/build/low_level/build install --prefix /home/sailbot/sailbot21-22/install/low_level --record /home/sailbot/sailbot21-22/build/low_level/install.log --single-version-externally-managed
[7.997s] Level 1:colcon.colcon_core.environment:checking '/home/sailbot/sailbot21-22/install/low_level' for CMake module files
[8.000s] Level 1:colcon.colcon_core.environment:checking '/home/sailbot/sailbot21-22/install/low_level' for CMake config files
[8.019s] Level 1:colcon.colcon_core.environment:checking '/home/sailbot/sailbot21-22/install/low_level/lib'
[8.022s] Level 1:colcon.colcon_core.environment:checking '/home/sailbot/sailbot21-22/install/low_level/bin'
[8.023s] Level 1:colcon.colcon_core.environment:checking '/home/sailbot/sailbot21-22/install/low_level/lib/pkgconfig/low_level.pc'
[8.023s] Level 1:colcon.colcon_core.environment:checking '/home/sailbot/sailbot21-22/install/low_level/lib/python3.6/site-packages'
[8.024s] Level 1:colcon.colcon_core.shell:create_environment_hook('low_level', 'pythonpath')
[8.028s] INFO:colcon.colcon_core.shell:Creating environment hook '/home/sailbot/sailbot21-22/install/low_level/share/low_level/hook/pythonpath.ps1'
[8.030s] INFO:colcon.colcon_core.shell:Creating environment descriptor '/home/sailbot/sailbot21-22/install/low_level/share/low_level/hook/pythonpath.dsv'
[8.033s] INFO:colcon.colcon_core.shell:Creating environment hook '/home/sailbot/sailbot21-22/install/low_level/share/low_level/hook/pythonpath.sh'
[8.035s] Level 1:colcon.colcon_core.environment:create_environment_scripts_only(low_level)
[8.041s] INFO:colcon.colcon_core.shell:Creating package script '/home/sailbot/sailbot21-22/install/low_level/share/low_level/package.ps1'
[8.047s] INFO:colcon.colcon_core.shell:Creating package descriptor '/home/sailbot/sailbot21-22/install/low_level/share/low_level/package.dsv'
[8.051s] INFO:colcon.colcon_core.shell:Creating package script '/home/sailbot/sailbot21-22/install/low_level/share/low_level/package.sh'
[8.058s] INFO:colcon.colcon_core.shell:Creating package script '/home/sailbot/sailbot21-22/install/low_level/share/low_level/package.bash'
[8.063s] INFO:colcon.colcon_core.shell:Creating package script '/home/sailbot/sailbot21-22/install/low_level/share/low_level/package.zsh'
[8.069s] Level 1:colcon.colcon_core.environment:create_file_with_runtime_dependencies(/home/sailbot/sailbot21-22/install/low_level/share/colcon-core/packages/low_level)
[8.082s] Level 1:colcon.colcon_core.environment:checking '/home/sailbot/sailbot21-22/install/sailbot' for CMake module files
[8.085s] DEBUG:colcon.colcon_core.event_handler.log_command:Invoked command in '/home/sailbot/sailbot21-22/sailbot_ws/src/sailbot' returned '0': PYTHONPATH=/home/sailbot/sailbot21-22/install/sailbot/lib/python3.6/site-packages:${PYTHONPATH} /usr/bin/python3 setup.py egg_info --egg-base ../../../build/sailbot build --build-base /home/sailbot/sailbot21-22/build/sailbot/build install --prefix /home/sailbot/sailbot21-22/install/sailbot --record /home/sailbot/sailbot21-22/build/sailbot/install.log --single-version-externally-managed
[8.088s] Level 1:colcon.colcon_core.environment:checking '/home/sailbot/sailbot21-22/install/sailbot' for CMake config files
[8.097s] Level 1:colcon.colcon_core.environment:checking '/home/sailbot/sailbot21-22/install/sailbot/lib'
[8.098s] Level 1:colcon.colcon_core.environment:checking '/home/sailbot/sailbot21-22/install/sailbot/bin'
[8.099s] Level 1:colcon.colcon_core.environment:checking '/home/sailbot/sailbot21-22/install/sailbot/lib/pkgconfig/sailbot.pc'
[8.099s] Level 1:colcon.colcon_core.environment:checking '/home/sailbot/sailbot21-22/install/sailbot/lib/python3.6/site-packages'
[8.099s] Level 1:colcon.colcon_core.shell:create_environment_hook('sailbot', 'pythonpath')
[8.104s] INFO:colcon.colcon_core.shell:Creating environment hook '/home/sailbot/sailbot21-22/install/sailbot/share/sailbot/hook/pythonpath.ps1'
[8.106s] INFO:colcon.colcon_core.shell:Creating environment descriptor '/home/sailbot/sailbot21-22/install/sailbot/share/sailbot/hook/pythonpath.dsv'
[8.110s] INFO:colcon.colcon_core.shell:Creating environment hook '/home/sailbot/sailbot21-22/install/sailbot/share/sailbot/hook/pythonpath.sh'
[8.113s] Level 1:colcon.colcon_core.environment:create_environment_scripts_only(sailbot)
[8.117s] INFO:colcon.colcon_core.shell:Creating package script '/home/sailbot/sailbot21-22/install/sailbot/share/sailbot/package.ps1'
[8.120s] INFO:colcon.colcon_core.shell:Creating package descriptor '/home/sailbot/sailbot21-22/install/sailbot/share/sailbot/package.dsv'
[8.123s] INFO:colcon.colcon_core.shell:Creating package script '/home/sailbot/sailbot21-22/install/sailbot/share/sailbot/package.sh'
[8.125s] INFO:colcon.colcon_core.shell:Creating package script '/home/sailbot/sailbot21-22/install/sailbot/share/sailbot/package.bash'
[8.127s] INFO:colcon.colcon_core.shell:Creating package script '/home/sailbot/sailbot21-22/install/sailbot/share/sailbot/package.zsh'
[8.129s] Level 1:colcon.colcon_core.environment:create_file_with_runtime_dependencies(/home/sailbot/sailbot21-22/install/sailbot/share/colcon-core/packages/sailbot)
[8.134s] DEBUG:colcon.colcon_parallel_executor.executor.parallel:closing loop
[8.136s] DEBUG:colcon.colcon_parallel_executor.executor.parallel:loop closed
[8.136s] DEBUG:colcon.colcon_parallel_executor.executor.parallel:run_until_complete finished with '0'
[8.137s] DEBUG:colcon.colcon_core.event_reactor:joining thread
[8.171s] INFO:colcon.colcon_core.plugin_system:Skipping extension 'colcon_notification.desktop_notification.terminal_notifier': Not used on non-Darwin systems
[8.172s] INFO:colcon.colcon_core.plugin_system:Skipping extension 'colcon_notification.desktop_notification.win32': Not used on non-Windows systems
[8.172s] INFO:colcon.colcon_notification.desktop_notification:Sending desktop notification using 'notify2'
[8.214s] DEBUG:colcon.colcon_notification.desktop_notification.notify2:Failed to initialize notify2: org.freedesktop.DBus.Error.Spawn.ChildExited: Process org.freedesktop.Notifications exited with status 1
[8.215s] DEBUG:colcon.colcon_core.event_reactor:joined thread
[8.219s] INFO:colcon.colcon_core.shell:Creating prefix script '/home/sailbot/sailbot21-22/install/local_setup.ps1'
[8.225s] INFO:colcon.colcon_core.shell:Creating prefix util module '/home/sailbot/sailbot21-22/install/_local_setup_util_ps1.py'
[8.234s] INFO:colcon.colcon_core.shell:Creating prefix chain script '/home/sailbot/sailbot21-22/install/setup.ps1'
[8.250s] INFO:colcon.colcon_core.shell:Creating prefix script '/home/sailbot/sailbot21-22/install/local_setup.sh'
[8.253s] INFO:colcon.colcon_core.shell:Creating prefix util module '/home/sailbot/sailbot21-22/install/_local_setup_util_sh.py'
[8.256s] INFO:colcon.colcon_core.shell:Creating prefix chain script '/home/sailbot/sailbot21-22/install/setup.sh'
[8.271s] INFO:colcon.colcon_core.shell:Creating prefix script '/home/sailbot/sailbot21-22/install/local_setup.bash'
[8.274s] INFO:colcon.colcon_core.shell:Creating prefix chain script '/home/sailbot/sailbot21-22/install/setup.bash'
[8.289s] INFO:colcon.colcon_core.shell:Creating prefix script '/home/sailbot/sailbot21-22/install/local_setup.zsh'
[8.292s] INFO:colcon.colcon_core.shell:Creating prefix chain script '/home/sailbot/sailbot21-22/install/setup.zsh'
