[2.473s] DEBUG:colcon:Command line arguments: ['/usr/bin/colcon', 'build']
[2.473s] DEBUG:colcon:Parsed command line arguments: Namespace(ament_cmake_args=None, base_paths=['.'], build_base='build', catkin_cmake_args=None, catkin_skip_building_tests=False, cmake_args=None, cmake_clean_cache=False, cmake_clean_first=False, cmake_force_configure=False, cmake_target=None, cmake_target_skip_unavailable=False, continue_on_error=False, event_handlers=None, executor='parallel', ignore_user_meta=False, install_base='install', log_base=None, log_level=None, main=<bound method BuildVerb.main of <colcon_core.verb.build.BuildVerb object at 0x7f83ba1940>>, merge_install=False, metas=['./colcon.meta'], packages_above=None, packages_above_and_dependencies=None, packages_above_depth=None, packages_end=None, packages_ignore=None, packages_ignore_regex=None, packages_select=None, packages_select_build_failed=False, packages_select_by_dep=None, packages_select_regex=None, packages_select_test_failures=False, packages_skip=None, packages_skip_build_finished=False, packages_skip_by_dep=None, packages_skip_regex=None, packages_skip_test_passed=False, packages_skip_up_to=None, packages_start=None, packages_up_to=None, packages_up_to_regex=None, parallel_workers=4, paths=None, symlink_install=False, test_result_base=None, verb_extension=<colcon_core.verb.build.BuildVerb object at 0x7f83ba1940>, verb_name='build', verb_parser=<colcon_defaults.argument_parser.defaults.DefaultArgumentsDecorator object at 0x7f83a15438>)
[2.506s] Level 1:colcon.colcon_core.package_discovery:discover_packages(colcon_meta) check parameters
[2.506s] Level 1:colcon.colcon_core.package_discovery:discover_packages(recursive) check parameters
[2.507s] Level 1:colcon.colcon_core.package_discovery:discover_packages(ignore) check parameters
[2.507s] Level 1:colcon.colcon_core.package_discovery:discover_packages(path) check parameters
[2.507s] Level 1:colcon.colcon_core.package_discovery:discover_packages(colcon_meta) discover
[2.509s] Level 1:colcon.colcon_core.package_discovery:discover_packages(recursive) discover
[2.509s] INFO:colcon.colcon_core.package_discovery:Crawling recursively for packages in '/home/sailbot/sailbot21-22'
[2.509s] Level 1:colcon.colcon_core.package_identification:_identify(.) by extensions ['ignore', 'ignore_ament_install']
[2.510s] Level 1:colcon.colcon_core.package_identification:_identify(.) by extension 'ignore'
[2.510s] Level 1:colcon.colcon_core.package_identification:_identify(.) by extension 'ignore_ament_install'
[2.511s] Level 1:colcon.colcon_core.package_identification:_identify(.) by extensions ['colcon_pkg']
[2.511s] Level 1:colcon.colcon_core.package_identification:_identify(.) by extension 'colcon_pkg'
[2.511s] Level 1:colcon.colcon_core.package_identification:_identify(.) by extensions ['colcon_meta']
[2.511s] Level 1:colcon.colcon_core.package_identification:_identify(.) by extension 'colcon_meta'
[2.512s] Level 1:colcon.colcon_core.package_identification:_identify(.) by extensions ['ros']
[2.512s] Level 1:colcon.colcon_core.package_identification:_identify(.) by extension 'ros'
[3.016s] Level 1:colcon.colcon_core.package_identification:_identify(.) by extensions ['cmake', 'python']
[3.016s] Level 1:colcon.colcon_core.package_identification:_identify(.) by extension 'cmake'
[3.017s] Level 1:colcon.colcon_core.package_identification:_identify(.) by extension 'python'
[3.017s] Level 1:colcon.colcon_core.package_identification:_identify(.) by extensions ['python_setup_py']
[3.017s] Level 1:colcon.colcon_core.package_identification:_identify(.) by extension 'python_setup_py'
[3.018s] Level 1:colcon.colcon_core.package_identification:_identify(build) by extensions ['ignore', 'ignore_ament_install']
[3.018s] Level 1:colcon.colcon_core.package_identification:_identify(build) by extension 'ignore'
[3.019s] Level 1:colcon.colcon_core.package_identification:_identify(build) ignored
[3.021s] Level 1:colcon.colcon_core.package_identification:_identify(install) by extensions ['ignore', 'ignore_ament_install']
[3.021s] Level 1:colcon.colcon_core.package_identification:_identify(install) by extension 'ignore'
[3.021s] Level 1:colcon.colcon_core.package_identification:_identify(install) ignored
[3.022s] Level 1:colcon.colcon_core.package_identification:_identify(log) by extensions ['ignore', 'ignore_ament_install']
[3.022s] Level 1:colcon.colcon_core.package_identification:_identify(log) by extension 'ignore'
[3.023s] Level 1:colcon.colcon_core.package_identification:_identify(log) ignored
[3.023s] Level 1:colcon.colcon_core.package_identification:_identify(sailbot_ws) by extensions ['ignore', 'ignore_ament_install']
[3.036s] Level 1:colcon.colcon_core.package_identification:_identify(sailbot_ws) by extension 'ignore'
[3.036s] Level 1:colcon.colcon_core.package_identification:_identify(sailbot_ws) by extension 'ignore_ament_install'
[3.037s] Level 1:colcon.colcon_core.package_identification:_identify(sailbot_ws) by extensions ['colcon_pkg']
[3.037s] Level 1:colcon.colcon_core.package_identification:_identify(sailbot_ws) by extension 'colcon_pkg'
[3.037s] Level 1:colcon.colcon_core.package_identification:_identify(sailbot_ws) by extensions ['colcon_meta']
[3.037s] Level 1:colcon.colcon_core.package_identification:_identify(sailbot_ws) by extension 'colcon_meta'
[3.037s] Level 1:colcon.colcon_core.package_identification:_identify(sailbot_ws) by extensions ['ros']
[3.038s] Level 1:colcon.colcon_core.package_identification:_identify(sailbot_ws) by extension 'ros'
[3.038s] Level 1:colcon.colcon_core.package_identification:_identify(sailbot_ws) by extensions ['cmake', 'python']
[3.038s] Level 1:colcon.colcon_core.package_identification:_identify(sailbot_ws) by extension 'cmake'
[3.039s] Level 1:colcon.colcon_core.package_identification:_identify(sailbot_ws) by extension 'python'
[3.039s] Level 1:colcon.colcon_core.package_identification:_identify(sailbot_ws) by extensions ['python_setup_py']
[3.039s] Level 1:colcon.colcon_core.package_identification:_identify(sailbot_ws) by extension 'python_setup_py'
[3.040s] Level 1:colcon.colcon_core.package_identification:_identify(sailbot_ws/build) by extensions ['ignore', 'ignore_ament_install']
[3.041s] Level 1:colcon.colcon_core.package_identification:_identify(sailbot_ws/build) by extension 'ignore'
[3.041s] Level 1:colcon.colcon_core.package_identification:_identify(sailbot_ws/build) ignored
[3.042s] Level 1:colcon.colcon_core.package_identification:_identify(sailbot_ws/install) by extensions ['ignore', 'ignore_ament_install']
[3.042s] Level 1:colcon.colcon_core.package_identification:_identify(sailbot_ws/install) by extension 'ignore'
[3.042s] Level 1:colcon.colcon_core.package_identification:_identify(sailbot_ws/install) ignored
[3.044s] Level 1:colcon.colcon_core.package_identification:_identify(sailbot_ws/log) by extensions ['ignore', 'ignore_ament_install']
[3.044s] Level 1:colcon.colcon_core.package_identification:_identify(sailbot_ws/log) by extension 'ignore'
[3.045s] Level 1:colcon.colcon_core.package_identification:_identify(sailbot_ws/log) ignored
[3.045s] Level 1:colcon.colcon_core.package_identification:_identify(sailbot_ws/src) by extensions ['ignore', 'ignore_ament_install']
[3.046s] Level 1:colcon.colcon_core.package_identification:_identify(sailbot_ws/src) by extension 'ignore'
[3.046s] Level 1:colcon.colcon_core.package_identification:_identify(sailbot_ws/src) by extension 'ignore_ament_install'
[3.046s] Level 1:colcon.colcon_core.package_identification:_identify(sailbot_ws/src) by extensions ['colcon_pkg']
[3.046s] Level 1:colcon.colcon_core.package_identification:_identify(sailbot_ws/src) by extension 'colcon_pkg'
[3.047s] Level 1:colcon.colcon_core.package_identification:_identify(sailbot_ws/src) by extensions ['colcon_meta']
[3.047s] Level 1:colcon.colcon_core.package_identification:_identify(sailbot_ws/src) by extension 'colcon_meta'
[3.047s] Level 1:colcon.colcon_core.package_identification:_identify(sailbot_ws/src) by extensions ['ros']
[3.047s] Level 1:colcon.colcon_core.package_identification:_identify(sailbot_ws/src) by extension 'ros'
[3.048s] Level 1:colcon.colcon_core.package_identification:_identify(sailbot_ws/src) by extensions ['cmake', 'python']
[3.048s] Level 1:colcon.colcon_core.package_identification:_identify(sailbot_ws/src) by extension 'cmake'
[3.048s] Level 1:colcon.colcon_core.package_identification:_identify(sailbot_ws/src) by extension 'python'
[3.049s] Level 1:colcon.colcon_core.package_identification:_identify(sailbot_ws/src) by extensions ['python_setup_py']
[3.049s] Level 1:colcon.colcon_core.package_identification:_identify(sailbot_ws/src) by extension 'python_setup_py'
[3.049s] Level 1:colcon.colcon_core.package_identification:_identify(sailbot_ws/src/low_level) by extensions ['ignore', 'ignore_ament_install']
[3.050s] Level 1:colcon.colcon_core.package_identification:_identify(sailbot_ws/src/low_level) by extension 'ignore'
[3.050s] Level 1:colcon.colcon_core.package_identification:_identify(sailbot_ws/src/low_level) by extension 'ignore_ament_install'
[3.051s] Level 1:colcon.colcon_core.package_identification:_identify(sailbot_ws/src/low_level) by extensions ['colcon_pkg']
[3.051s] Level 1:colcon.colcon_core.package_identification:_identify(sailbot_ws/src/low_level) by extension 'colcon_pkg'
[3.051s] Level 1:colcon.colcon_core.package_identification:_identify(sailbot_ws/src/low_level) by extensions ['colcon_meta']
[3.051s] Level 1:colcon.colcon_core.package_identification:_identify(sailbot_ws/src/low_level) by extension 'colcon_meta'
[3.052s] Level 1:colcon.colcon_core.package_identification:_identify(sailbot_ws/src/low_level) by extensions ['ros']
[3.052s] Level 1:colcon.colcon_core.package_identification:_identify(sailbot_ws/src/low_level) by extension 'ros'
[3.063s] DEBUG:colcon.colcon_core.package_identification:Package 'sailbot_ws/src/low_level' with type 'ros.ament_python' and name 'low_level'
[3.064s] Level 1:colcon.colcon_core.package_identification:_identify(sailbot_ws/src/sailbot) by extensions ['ignore', 'ignore_ament_install']
[3.065s] Level 1:colcon.colcon_core.package_identification:_identify(sailbot_ws/src/sailbot) by extension 'ignore'
[3.065s] Level 1:colcon.colcon_core.package_identification:_identify(sailbot_ws/src/sailbot) by extension 'ignore_ament_install'
[3.065s] Level 1:colcon.colcon_core.package_identification:_identify(sailbot_ws/src/sailbot) by extensions ['colcon_pkg']
[3.065s] Level 1:colcon.colcon_core.package_identification:_identify(sailbot_ws/src/sailbot) by extension 'colcon_pkg'
[3.066s] Level 1:colcon.colcon_core.package_identification:_identify(sailbot_ws/src/sailbot) by extensions ['colcon_meta']
[3.066s] Level 1:colcon.colcon_core.package_identification:_identify(sailbot_ws/src/sailbot) by extension 'colcon_meta'
[3.066s] Level 1:colcon.colcon_core.package_identification:_identify(sailbot_ws/src/sailbot) by extensions ['ros']
[3.066s] Level 1:colcon.colcon_core.package_identification:_identify(sailbot_ws/src/sailbot) by extension 'ros'
[3.071s] DEBUG:colcon.colcon_core.package_identification:Package 'sailbot_ws/src/sailbot' with type 'ros.ament_python' and name 'sailbot'
[3.071s] Level 1:colcon.colcon_core.package_discovery:discover_packages(recursive) using defaults
[3.072s] Level 1:colcon.colcon_core.package_discovery:discover_packages(ignore) discover
[3.073s] Level 1:colcon.colcon_core.package_discovery:discover_packages(ignore) using defaults
[3.073s] Level 1:colcon.colcon_core.package_discovery:discover_packages(path) discover
[3.073s] Level 1:colcon.colcon_core.package_discovery:discover_packages(path) using defaults
[3.205s] Level 5:colcon.colcon_core.verb:set package 'low_level' build argument 'cmake_args' from command line to 'None'
[3.205s] Level 5:colcon.colcon_core.verb:set package 'low_level' build argument 'cmake_target' from command line to 'None'
[3.206s] Level 5:colcon.colcon_core.verb:set package 'low_level' build argument 'cmake_target_skip_unavailable' from command line to 'False'
[3.206s] Level 5:colcon.colcon_core.verb:set package 'low_level' build argument 'cmake_clean_cache' from command line to 'False'
[3.206s] Level 5:colcon.colcon_core.verb:set package 'low_level' build argument 'cmake_clean_first' from command line to 'False'
[3.206s] Level 5:colcon.colcon_core.verb:set package 'low_level' build argument 'cmake_force_configure' from command line to 'False'
[3.206s] Level 5:colcon.colcon_core.verb:set package 'low_level' build argument 'ament_cmake_args' from command line to 'None'
[3.207s] Level 5:colcon.colcon_core.verb:set package 'low_level' build argument 'catkin_cmake_args' from command line to 'None'
[3.207s] Level 5:colcon.colcon_core.verb:set package 'low_level' build argument 'catkin_skip_building_tests' from command line to 'False'
[3.207s] DEBUG:colcon.colcon_core.verb:Building package 'low_level' with the following arguments: {'ament_cmake_args': None, 'build_base': '/home/sailbot/sailbot21-22/build/low_level', 'catkin_cmake_args': None, 'catkin_skip_building_tests': False, 'cmake_args': None, 'cmake_clean_cache': False, 'cmake_clean_first': False, 'cmake_force_configure': False, 'cmake_target': None, 'cmake_target_skip_unavailable': False, 'install_base': '/home/sailbot/sailbot21-22/install/low_level', 'merge_install': False, 'path': '/home/sailbot/sailbot21-22/sailbot_ws/src/low_level', 'symlink_install': False, 'test_result_base': None}
[3.230s] Level 5:colcon.colcon_core.verb:set package 'sailbot' build argument 'cmake_args' from command line to 'None'
[3.230s] Level 5:colcon.colcon_core.verb:set package 'sailbot' build argument 'cmake_target' from command line to 'None'
[3.230s] Level 5:colcon.colcon_core.verb:set package 'sailbot' build argument 'cmake_target_skip_unavailable' from command line to 'False'
[3.230s] Level 5:colcon.colcon_core.verb:set package 'sailbot' build argument 'cmake_clean_cache' from command line to 'False'
[3.231s] Level 5:colcon.colcon_core.verb:set package 'sailbot' build argument 'cmake_clean_first' from command line to 'False'
[3.231s] Level 5:colcon.colcon_core.verb:set package 'sailbot' build argument 'cmake_force_configure' from command line to 'False'
[3.231s] Level 5:colcon.colcon_core.verb:set package 'sailbot' build argument 'ament_cmake_args' from command line to 'None'
[3.231s] Level 5:colcon.colcon_core.verb:set package 'sailbot' build argument 'catkin_cmake_args' from command line to 'None'
[3.231s] Level 5:colcon.colcon_core.verb:set package 'sailbot' build argument 'catkin_skip_building_tests' from command line to 'False'
[3.232s] DEBUG:colcon.colcon_core.verb:Building package 'sailbot' with the following arguments: {'ament_cmake_args': None, 'build_base': '/home/sailbot/sailbot21-22/build/sailbot', 'catkin_cmake_args': None, 'catkin_skip_building_tests': False, 'cmake_args': None, 'cmake_clean_cache': False, 'cmake_clean_first': False, 'cmake_force_configure': False, 'cmake_target': None, 'cmake_target_skip_unavailable': False, 'install_base': '/home/sailbot/sailbot21-22/install/sailbot', 'merge_install': False, 'path': '/home/sailbot/sailbot21-22/sailbot_ws/src/sailbot', 'symlink_install': False, 'test_result_base': None}
[3.234s] INFO:colcon.colcon_core.executor:Executing jobs using 'parallel' executor
[3.245s] DEBUG:colcon.colcon_parallel_executor.executor.parallel:run_until_complete
[3.246s] INFO:colcon.colcon_ros.task.ament_python.build:Building ROS package in '/home/sailbot/sailbot21-22/sailbot_ws/src/low_level' with build type 'ament_python'
[3.247s] Level 1:colcon.colcon_core.shell:create_environment_hook('low_level', 'ament_prefix_path')
[3.267s] INFO:colcon.colcon_core.plugin_system:Skipping extension 'colcon_core.shell.bat': Not used on non-Windows systems
[3.269s] INFO:colcon.colcon_core.shell:Creating environment hook '/home/sailbot/sailbot21-22/install/low_level/share/low_level/hook/ament_prefix_path.ps1'
[3.272s] INFO:colcon.colcon_core.shell:Creating environment descriptor '/home/sailbot/sailbot21-22/install/low_level/share/low_level/hook/ament_prefix_path.dsv'
[3.274s] INFO:colcon.colcon_core.shell:Creating environment hook '/home/sailbot/sailbot21-22/install/low_level/share/low_level/hook/ament_prefix_path.sh'
[3.281s] INFO:colcon.colcon_core.shell:Skip shell extension 'powershell' for command environment: Not usable outside of PowerShell
[3.282s] DEBUG:colcon.colcon_core.shell:Skip shell extension 'dsv' for command environment
[3.297s] WARNING:colcon.colcon_ros.prefix_path.ament:The path '/home/sailbot/sailbot21-22/install/sailbot' in the environment variable AMENT_PREFIX_PATH doesn't exist
[3.301s] DEBUG:colcon.colcon_core.shell:Ignoring prefix path '/opt/ros/dashing'
[3.327s] INFO:colcon.colcon_ros.task.ament_python.build:Building ROS package in '/home/sailbot/sailbot21-22/sailbot_ws/src/sailbot' with build type 'ament_python'
[3.329s] Level 1:colcon.colcon_core.shell:create_environment_hook('sailbot', 'ament_prefix_path')
[3.334s] INFO:colcon.colcon_core.shell:Creating environment hook '/home/sailbot/sailbot21-22/install/sailbot/share/sailbot/hook/ament_prefix_path.ps1'
[3.336s] INFO:colcon.colcon_core.shell:Creating environment descriptor '/home/sailbot/sailbot21-22/install/sailbot/share/sailbot/hook/ament_prefix_path.dsv'
[3.339s] INFO:colcon.colcon_core.shell:Creating environment hook '/home/sailbot/sailbot21-22/install/sailbot/share/sailbot/hook/ament_prefix_path.sh'
[3.353s] INFO:colcon.colcon_core.shell:Skip shell extension 'powershell' for command environment: Not usable outside of PowerShell
[3.353s] DEBUG:colcon.colcon_core.shell:Skip shell extension 'dsv' for command environment
[3.380s] DEBUG:colcon.colcon_core.shell:Ignoring prefix path '/opt/ros/dashing'
[5.532s] INFO:colcon.colcon_core.task.python.build:Building Python package in '/home/sailbot/sailbot21-22/sailbot_ws/src/low_level'
[5.536s] INFO:colcon.colcon_core.shell:Skip shell extension 'powershell' for command environment: Not usable outside of PowerShell
[5.537s] DEBUG:colcon.colcon_core.shell:Skip shell extension 'dsv' for command environment
[5.571s] DEBUG:colcon.colcon_core.shell:Ignoring prefix path '/opt/ros/dashing'
[7.954s] INFO:colcon.colcon_core.task.python.build:Building Python package in '/home/sailbot/sailbot21-22/sailbot_ws/src/sailbot'
[7.959s] INFO:colcon.colcon_core.shell:Skip shell extension 'powershell' for command environment: Not usable outside of PowerShell
[7.959s] DEBUG:colcon.colcon_core.shell:Skip shell extension 'dsv' for command environment
[7.974s] DEBUG:colcon.colcon_core.shell:Ignoring prefix path '/opt/ros/dashing'
[7.992s] DEBUG:colcon.colcon_core.event_handler.log_command:Invoking command in '/home/sailbot/sailbot21-22/sailbot_ws/src/low_level': PYTHONPATH=/home/sailbot/sailbot21-22/install/low_level/lib/python3.6/site-packages:${PYTHONPATH} /usr/bin/python3 setup.py egg_info --egg-base ../../../build/low_level build --build-base /home/sailbot/sailbot21-22/build/low_level/build install --prefix /home/sailbot/sailbot21-22/install/low_level --record /home/sailbot/sailbot21-22/build/low_level/install.log --single-version-externally-managed
[8.064s] DEBUG:colcon.colcon_core.event_handler.log_command:Invoking command in '/home/sailbot/sailbot21-22/sailbot_ws/src/sailbot': PYTHONPATH=/home/sailbot/sailbot21-22/install/sailbot/lib/python3.6/site-packages:${PYTHONPATH} /usr/bin/python3 setup.py egg_info --egg-base ../../../build/sailbot build --build-base /home/sailbot/sailbot21-22/build/sailbot/build install --prefix /home/sailbot/sailbot21-22/install/sailbot --record /home/sailbot/sailbot21-22/build/sailbot/install.log --single-version-externally-managed
[10.789s] DEBUG:colcon.colcon_core.event_handler.log_command:Invoked command in '/home/sailbot/sailbot21-22/sailbot_ws/src/sailbot' returned '0': PYTHONPATH=/home/sailbot/sailbot21-22/install/sailbot/lib/python3.6/site-packages:${PYTHONPATH} /usr/bin/python3 setup.py egg_info --egg-base ../../../build/sailbot build --build-base /home/sailbot/sailbot21-22/build/sailbot/build install --prefix /home/sailbot/sailbot21-22/install/sailbot --record /home/sailbot/sailbot21-22/build/sailbot/install.log --single-version-externally-managed
[10.822s] Level 1:colcon.colcon_core.environment:checking '/home/sailbot/sailbot21-22/install/sailbot' for CMake module files
[10.825s] Level 1:colcon.colcon_core.environment:checking '/home/sailbot/sailbot21-22/install/sailbot' for CMake config files
[10.832s] Level 1:colcon.colcon_core.environment:checking '/home/sailbot/sailbot21-22/install/sailbot/lib'
[10.839s] Level 1:colcon.colcon_core.environment:checking '/home/sailbot/sailbot21-22/install/sailbot/bin'
[10.839s] Level 1:colcon.colcon_core.environment:checking '/home/sailbot/sailbot21-22/install/sailbot/lib/pkgconfig/sailbot.pc'
[10.840s] Level 1:colcon.colcon_core.environment:checking '/home/sailbot/sailbot21-22/install/sailbot/lib/python3.6/site-packages'
[10.840s] Level 1:colcon.colcon_core.shell:create_environment_hook('sailbot', 'pythonpath')
[10.844s] INFO:colcon.colcon_core.shell:Creating environment hook '/home/sailbot/sailbot21-22/install/sailbot/share/sailbot/hook/pythonpath.ps1'
[10.846s] INFO:colcon.colcon_core.shell:Creating environment descriptor '/home/sailbot/sailbot21-22/install/sailbot/share/sailbot/hook/pythonpath.dsv'
[10.847s] INFO:colcon.colcon_core.shell:Creating environment hook '/home/sailbot/sailbot21-22/install/sailbot/share/sailbot/hook/pythonpath.sh'
[10.849s] Level 1:colcon.colcon_core.environment:create_environment_scripts_only(sailbot)
[10.866s] INFO:colcon.colcon_core.shell:Creating package script '/home/sailbot/sailbot21-22/install/sailbot/share/sailbot/package.ps1'
[10.871s] INFO:colcon.colcon_core.shell:Creating package descriptor '/home/sailbot/sailbot21-22/install/sailbot/share/sailbot/package.dsv'
[10.875s] INFO:colcon.colcon_core.shell:Creating package script '/home/sailbot/sailbot21-22/install/sailbot/share/sailbot/package.sh'
[10.892s] INFO:colcon.colcon_core.shell:Creating package script '/home/sailbot/sailbot21-22/install/sailbot/share/sailbot/package.bash'
[10.897s] INFO:colcon.colcon_core.shell:Creating package script '/home/sailbot/sailbot21-22/install/sailbot/share/sailbot/package.zsh'
[10.914s] Level 1:colcon.colcon_core.environment:create_file_with_runtime_dependencies(/home/sailbot/sailbot21-22/install/sailbot/share/colcon-core/packages/sailbot)
[10.938s] Level 1:colcon.colcon_core.environment:checking '/home/sailbot/sailbot21-22/install/low_level' for CMake module files
[10.941s] DEBUG:colcon.colcon_core.event_handler.log_command:Invoked command in '/home/sailbot/sailbot21-22/sailbot_ws/src/low_level' returned '0': PYTHONPATH=/home/sailbot/sailbot21-22/install/low_level/lib/python3.6/site-packages:${PYTHONPATH} /usr/bin/python3 setup.py egg_info --egg-base ../../../build/low_level build --build-base /home/sailbot/sailbot21-22/build/low_level/build install --prefix /home/sailbot/sailbot21-22/install/low_level --record /home/sailbot/sailbot21-22/build/low_level/install.log --single-version-externally-managed
[10.943s] Level 1:colcon.colcon_core.environment:checking '/home/sailbot/sailbot21-22/install/low_level' for CMake config files
[10.947s] Level 1:colcon.colcon_core.environment:checking '/home/sailbot/sailbot21-22/install/low_level/lib'
[10.947s] Level 1:colcon.colcon_core.environment:checking '/home/sailbot/sailbot21-22/install/low_level/bin'
[10.948s] Level 1:colcon.colcon_core.environment:checking '/home/sailbot/sailbot21-22/install/low_level/lib/pkgconfig/low_level.pc'
[10.948s] Level 1:colcon.colcon_core.environment:checking '/home/sailbot/sailbot21-22/install/low_level/lib/python3.6/site-packages'
[10.948s] Level 1:colcon.colcon_core.shell:create_environment_hook('low_level', 'pythonpath')
[10.964s] INFO:colcon.colcon_core.shell:Creating environment hook '/home/sailbot/sailbot21-22/install/low_level/share/low_level/hook/pythonpath.ps1'
[10.966s] INFO:colcon.colcon_core.shell:Creating environment descriptor '/home/sailbot/sailbot21-22/install/low_level/share/low_level/hook/pythonpath.dsv'
[10.968s] INFO:colcon.colcon_core.shell:Creating environment hook '/home/sailbot/sailbot21-22/install/low_level/share/low_level/hook/pythonpath.sh'
[10.969s] Level 1:colcon.colcon_core.environment:create_environment_scripts_only(low_level)
[10.973s] INFO:colcon.colcon_core.shell:Creating package script '/home/sailbot/sailbot21-22/install/low_level/share/low_level/package.ps1'
[10.988s] INFO:colcon.colcon_core.shell:Creating package descriptor '/home/sailbot/sailbot21-22/install/low_level/share/low_level/package.dsv'
[10.990s] INFO:colcon.colcon_core.shell:Creating package script '/home/sailbot/sailbot21-22/install/low_level/share/low_level/package.sh'
[10.992s] INFO:colcon.colcon_core.shell:Creating package script '/home/sailbot/sailbot21-22/install/low_level/share/low_level/package.bash'
[10.994s] INFO:colcon.colcon_core.shell:Creating package script '/home/sailbot/sailbot21-22/install/low_level/share/low_level/package.zsh'
[10.995s] Level 1:colcon.colcon_core.environment:create_file_with_runtime_dependencies(/home/sailbot/sailbot21-22/install/low_level/share/colcon-core/packages/low_level)
[11.009s] DEBUG:colcon.colcon_parallel_executor.executor.parallel:closing loop
[11.011s] DEBUG:colcon.colcon_parallel_executor.executor.parallel:loop closed
[11.011s] DEBUG:colcon.colcon_parallel_executor.executor.parallel:run_until_complete finished with '0'
[11.011s] DEBUG:colcon.colcon_core.event_reactor:joining thread
[11.064s] INFO:colcon.colcon_core.plugin_system:Skipping extension 'colcon_notification.desktop_notification.terminal_notifier': Not used on non-Darwin systems
[11.065s] INFO:colcon.colcon_core.plugin_system:Skipping extension 'colcon_notification.desktop_notification.win32': Not used on non-Windows systems
[11.065s] INFO:colcon.colcon_notification.desktop_notification:Sending desktop notification using 'notify2'
[11.156s] DEBUG:colcon.colcon_notification.desktop_notification.notify2:Failed to initialize notify2: org.freedesktop.DBus.Error.Spawn.ChildExited: Process org.freedesktop.Notifications exited with status 1
[11.157s] DEBUG:colcon.colcon_core.event_reactor:joined thread
[11.160s] INFO:colcon.colcon_core.shell:Creating prefix script '/home/sailbot/sailbot21-22/install/local_setup.ps1'
[11.166s] INFO:colcon.colcon_core.shell:Creating prefix util module '/home/sailbot/sailbot21-22/install/_local_setup_util_ps1.py'
[11.175s] INFO:colcon.colcon_core.shell:Creating prefix chain script '/home/sailbot/sailbot21-22/install/setup.ps1'
[11.220s] INFO:colcon.colcon_core.shell:Creating prefix script '/home/sailbot/sailbot21-22/install/local_setup.sh'
[11.223s] INFO:colcon.colcon_core.shell:Creating prefix util module '/home/sailbot/sailbot21-22/install/_local_setup_util_sh.py'
[11.225s] INFO:colcon.colcon_core.shell:Creating prefix chain script '/home/sailbot/sailbot21-22/install/setup.sh'
[11.266s] INFO:colcon.colcon_core.shell:Creating prefix script '/home/sailbot/sailbot21-22/install/local_setup.bash'
[11.269s] INFO:colcon.colcon_core.shell:Creating prefix chain script '/home/sailbot/sailbot21-22/install/setup.bash'
[11.302s] INFO:colcon.colcon_core.shell:Creating prefix script '/home/sailbot/sailbot21-22/install/local_setup.zsh'
[11.317s] INFO:colcon.colcon_core.shell:Creating prefix chain script '/home/sailbot/sailbot21-22/install/setup.zsh'
