[3.069s] Invoking command in '/home/sailbot/sailbot21-22/sailbot_ws/src/low_level': PYTHONPATH=/home/sailbot/sailbot21-22/install/low_level/lib/python3.6/site-packages:${PYTHONPATH} /usr/bin/python3 setup.py egg_info --egg-base ../../../build/low_level build --build-base /home/sailbot/sailbot21-22/build/low_level/build install --prefix /home/sailbot/sailbot21-22/install/low_level --record /home/sailbot/sailbot21-22/build/low_level/install.log --single-version-externally-managed
[4.333s] /home/sailbot/.local/lib/python3.6/site-packages/setuptools/dist.py:720: UserWarning: Usage of dash-separated 'script-dir' will not be supported in future versions. Please use the underscore name 'script_dir' instead
[4.335s]   % (opt, underscore_opt)
[4.335s] /home/sailbot/.local/lib/python3.6/site-packages/setuptools/dist.py:720: UserWarning: Usage of dash-separated 'install-scripts' will not be supported in future versions. Please use the underscore name 'install_scripts' instead
[4.336s]   % (opt, underscore_opt)
[4.504s] running egg_info
[4.508s] writing ../../../build/low_level/low_level.egg-info/PKG-INFO
[4.509s] writing dependency_links to ../../../build/low_level/low_level.egg-info/dependency_links.txt
[4.510s] writing entry points to ../../../build/low_level/low_level.egg-info/entry_points.txt
[4.520s] writing requirements to ../../../build/low_level/low_level.egg-info/requires.txt
[4.521s] writing top-level names to ../../../build/low_level/low_level.egg-info/top_level.txt
[4.523s] reading manifest file '../../../build/low_level/low_level.egg-info/SOURCES.txt'
[4.527s] writing manifest file '../../../build/low_level/low_level.egg-info/SOURCES.txt'
[4.529s] running build
[4.529s] running build_py
[4.533s] copying low_level/point_to_point.py -> /home/sailbot/sailbot21-22/build/low_level/build/lib/low_level
[4.535s] running install
[4.536s] /home/sailbot/.local/lib/python3.6/site-packages/setuptools/command/install.py:37: SetuptoolsDeprecationWarning: setup.py install is deprecated. Use build and pip and other standards-based tools.
[4.536s]   setuptools.SetuptoolsDeprecationWarning,
[4.537s] running install_lib
[4.540s] copying /home/sailbot/sailbot21-22/build/low_level/build/lib/low_level/point_to_point.py -> /home/sailbot/sailbot21-22/install/low_level/lib/python3.6/site-packages/low_level
[4.541s] byte-compiling /home/sailbot/sailbot21-22/install/low_level/lib/python3.6/site-packages/low_level/desired_heading_publisher.py to desired_heading_publisher.cpython-36.pyc
[4.542s] byte-compiling /home/sailbot/sailbot21-22/install/low_level/lib/python3.6/site-packages/low_level/rudder_test.py to rudder_test.cpython-36.pyc
[4.544s] byte-compiling /home/sailbot/sailbot21-22/install/low_level/lib/python3.6/site-packages/low_level/lat_long_publisher.py to lat_long_publisher.cpython-36.pyc
[4.545s] byte-compiling /home/sailbot/sailbot21-22/install/low_level/lib/python3.6/site-packages/low_level/standalone_trim_tab_state_publisher.py to standalone_trim_tab_state_publisher.cpython-36.pyc
[4.548s] byte-compiling /home/sailbot/sailbot21-22/install/low_level/lib/python3.6/site-packages/low_level/__init__.py to __init__.cpython-36.pyc
[4.549s] byte-compiling /home/sailbot/sailbot21-22/install/low_level/lib/python3.6/site-packages/low_level/point_to_point.py to point_to_point.cpython-36.pyc
[4.553s] byte-compiling /home/sailbot/sailbot21-22/install/low_level/lib/python3.6/site-packages/low_level/rudder_control.py to rudder_control.cpython-36.pyc
[4.558s] running install_data
[4.561s] running install_egg_info
[4.568s] removing '/home/sailbot/sailbot21-22/install/low_level/lib/python3.6/site-packages/low_level-0.0.0-py3.6.egg-info' (and everything under it)
[4.570s] Copying ../../../build/low_level/low_level.egg-info to /home/sailbot/sailbot21-22/install/low_level/lib/python3.6/site-packages/low_level-0.0.0-py3.6.egg-info
[4.573s] running install_scripts
[4.660s] Installing desired_heading script to /home/sailbot/sailbot21-22/install/low_level/lib/low_level
[4.661s] Installing point2point script to /home/sailbot/sailbot21-22/install/low_level/lib/low_level
[4.663s] Installing rudder_control script to /home/sailbot/sailbot21-22/install/low_level/lib/low_level
[4.663s] Installing rudder_test script to /home/sailbot/sailbot21-22/install/low_level/lib/low_level
[4.664s] Installing target_location script to /home/sailbot/sailbot21-22/install/low_level/lib/low_level
[4.665s] Installing tt_state_pub script to /home/sailbot/sailbot21-22/install/low_level/lib/low_level
[4.666s] writing list of installed files to '/home/sailbot/sailbot21-22/build/low_level/install.log'
[4.782s] Invoked command in '/home/sailbot/sailbot21-22/sailbot_ws/src/low_level' returned '0': PYTHONPATH=/home/sailbot/sailbot21-22/install/low_level/lib/python3.6/site-packages:${PYTHONPATH} /usr/bin/python3 setup.py egg_info --egg-base ../../../build/low_level build --build-base /home/sailbot/sailbot21-22/build/low_level/build install --prefix /home/sailbot/sailbot21-22/install/low_level --record /home/sailbot/sailbot21-22/build/low_level/install.log --single-version-externally-managed
