[3.151s] Invoking command in '/home/sailbot/sailbot21-22/sailbot_ws/src/sailbot': PYTHONPATH=/home/sailbot/sailbot21-22/install/sailbot/lib/python3.6/site-packages:${PYTHONPATH} /usr/bin/python3 setup.py egg_info --egg-base ../../../build/sailbot build --build-base /home/sailbot/sailbot21-22/build/sailbot/build install --prefix /home/sailbot/sailbot21-22/install/sailbot --record /home/sailbot/sailbot21-22/build/sailbot/install.log --single-version-externally-managed
[4.429s] /home/sailbot/.local/lib/python3.6/site-packages/setuptools/dist.py:720: UserWarning: Usage of dash-separated 'script-dir' will not be supported in future versions. Please use the underscore name 'script_dir' instead
[4.429s]   % (opt, underscore_opt)
[4.430s] /home/sailbot/.local/lib/python3.6/site-packages/setuptools/dist.py:720: UserWarning: Usage of dash-separated 'install-scripts' will not be supported in future versions. Please use the underscore name 'install_scripts' instead
[4.431s]   % (opt, underscore_opt)
[4.623s] running egg_info
[4.626s] writing ../../../build/sailbot/sailbot.egg-info/PKG-INFO
[4.627s] writing dependency_links to ../../../build/sailbot/sailbot.egg-info/dependency_links.txt
[4.628s] writing entry points to ../../../build/sailbot/sailbot.egg-info/entry_points.txt
[4.629s] writing requirements to ../../../build/sailbot/sailbot.egg-info/requires.txt
[4.630s] writing top-level names to ../../../build/sailbot/sailbot.egg-info/top_level.txt
[4.639s] reading manifest file '../../../build/sailbot/sailbot.egg-info/SOURCES.txt'
[4.647s] writing manifest file '../../../build/sailbot/sailbot.egg-info/SOURCES.txt'
[4.647s] running build
[4.648s] running build_py
[4.653s] running install
[4.654s] /home/sailbot/.local/lib/python3.6/site-packages/setuptools/command/install.py:37: SetuptoolsDeprecationWarning: setup.py install is deprecated. Use build and pip and other standards-based tools.
[4.654s]   setuptools.SetuptoolsDeprecationWarning,
[4.655s] running install_lib
[4.662s] byte-compiling /home/sailbot/sailbot21-22/install/sailbot/lib/python3.6/site-packages/sailbot/debug_interface.py to debug_interface.cpython-36.pyc
[4.667s] byte-compiling /home/sailbot/sailbot21-22/install/sailbot/lib/python3.6/site-packages/sailbot/battery_monitor.py to battery_monitor.cpython-36.pyc
[4.669s] running install_data
[4.673s] running install_egg_info
[4.683s] removing '/home/sailbot/sailbot21-22/install/sailbot/lib/python3.6/site-packages/sailbot-1.0.0-py3.6.egg-info' (and everything under it)
[4.685s] Copying ../../../build/sailbot/sailbot.egg-info to /home/sailbot/sailbot21-22/install/sailbot/lib/python3.6/site-packages/sailbot-1.0.0-py3.6.egg-info
[4.688s] running install_scripts
[4.778s] Installing airmar_reader script to /home/sailbot/sailbot21-22/install/sailbot/lib/sailbot
[4.779s] Installing battery_monitor script to /home/sailbot/sailbot21-22/install/sailbot/lib/sailbot
[4.780s] Installing control_system script to /home/sailbot/sailbot21-22/install/sailbot/lib/sailbot
[4.781s] Installing debug_interface script to /home/sailbot/sailbot21-22/install/sailbot/lib/sailbot
[4.781s] Installing pwm_controller script to /home/sailbot/sailbot21-22/install/sailbot/lib/sailbot
[4.782s] Installing serial_rc_receiver script to /home/sailbot/sailbot21-22/install/sailbot/lib/sailbot
[4.783s] Installing trim_tab_comms script to /home/sailbot/sailbot21-22/install/sailbot/lib/sailbot
[4.785s] writing list of installed files to '/home/sailbot/sailbot21-22/build/sailbot/install.log'
[4.906s] Invoked command in '/home/sailbot/sailbot21-22/sailbot_ws/src/sailbot' returned '0': PYTHONPATH=/home/sailbot/sailbot21-22/install/sailbot/lib/python3.6/site-packages:${PYTHONPATH} /usr/bin/python3 setup.py egg_info --egg-base ../../../build/sailbot build --build-base /home/sailbot/sailbot21-22/build/sailbot/build install --prefix /home/sailbot/sailbot21-22/install/sailbot --record /home/sailbot/sailbot21-22/build/sailbot/install.log --single-version-externally-managed
