running egg_info
writing ../../../build/low_level/low_level.egg-info/PKG-INFO
writing dependency_links to ../../../build/low_level/low_level.egg-info/dependency_links.txt
writing entry points to ../../../build/low_level/low_level.egg-info/entry_points.txt
writing requirements to ../../../build/low_level/low_level.egg-info/requires.txt
writing top-level names to ../../../build/low_level/low_level.egg-info/top_level.txt
reading manifest file '../../../build/low_level/low_level.egg-info/SOURCES.txt'
writing manifest file '../../../build/low_level/low_level.egg-info/SOURCES.txt'
running build
running build_py
running install
running install_lib
byte-compiling /home/sailbot/sailbot21-22/install/low_level/lib/python3.6/site-packages/low_level/target_generation.py to target_generation.cpython-36.pyc
byte-compiling /home/sailbot/sailbot21-22/install/low_level/lib/python3.6/site-packages/low_level/point_to_point.py to point_to_point.cpython-36.pyc
byte-compiling /home/sailbot/sailbot21-22/install/low_level/lib/python3.6/site-packages/low_level/station_keeping_target_gen.py to station_keeping_target_gen.cpython-36.pyc
running install_data
running install_egg_info
removing '/home/sailbot/sailbot21-22/install/low_level/lib/python3.6/site-packages/low_level-0.0.0-py3.6.egg-info' (and everything under it)
Copying ../../../build/low_level/low_level.egg-info to /home/sailbot/sailbot21-22/install/low_level/lib/python3.6/site-packages/low_level-0.0.0-py3.6.egg-info
running install_scripts
Installing desired_heading script to /home/sailbot/sailbot21-22/install/low_level/lib/low_level
Installing point2point script to /home/sailbot/sailbot21-22/install/low_level/lib/low_level
Installing rudder_control script to /home/sailbot/sailbot21-22/install/low_level/lib/low_level
Installing rudder_test script to /home/sailbot/sailbot21-22/install/low_level/lib/low_level
Installing station_target_gen script to /home/sailbot/sailbot21-22/install/low_level/lib/low_level
Installing target_gen script to /home/sailbot/sailbot21-22/install/low_level/lib/low_level
Installing target_location script to /home/sailbot/sailbot21-22/install/low_level/lib/low_level
Installing tt_state_pub script to /home/sailbot/sailbot21-22/install/low_level/lib/low_level
writing list of installed files to '/home/sailbot/sailbot21-22/build/low_level/install.log'
