/home/sailbot/.local/lib/python3.6/site-packages/setuptools/dist.py:720: UserWarning: Usage of dash-separated 'script-dir' will not be supported in future versions. Please use the underscore name 'script_dir' instead
  % (opt, underscore_opt)
/home/sailbot/.local/lib/python3.6/site-packages/setuptools/dist.py:720: UserWarning: Usage of dash-separated 'install-scripts' will not be supported in future versions. Please use the underscore name 'install_scripts' instead
  % (opt, underscore_opt)
running egg_info
writing ../../../build/sailbot/sailbot.egg-info/PKG-INFO
writing dependency_links to ../../../build/sailbot/sailbot.egg-info/dependency_links.txt
writing entry points to ../../../build/sailbot/sailbot.egg-info/entry_points.txt
writing requirements to ../../../build/sailbot/sailbot.egg-info/requires.txt
writing top-level names to ../../../build/sailbot/sailbot.egg-info/top_level.txt
reading manifest file '../../../build/sailbot/sailbot.egg-info/SOURCES.txt'
writing manifest file '../../../build/sailbot/sailbot.egg-info/SOURCES.txt'
running build
running build_py
running install
/home/sailbot/.local/lib/python3.6/site-packages/setuptools/command/install.py:37: SetuptoolsDeprecationWarning: setup.py install is deprecated. Use build and pip and other standards-based tools.
  setuptools.SetuptoolsDeprecationWarning,
running install_lib
byte-compiling /home/sailbot/sailbot21-22/install/sailbot/lib/python3.6/site-packages/sailbot/trim_tab_comms.py to trim_tab_comms.cpython-36.pyc
byte-compiling /home/sailbot/sailbot21-22/install/sailbot/lib/python3.6/site-packages/sailbot/airmar_reader.py to airmar_reader.cpython-36.pyc
byte-compiling /home/sailbot/sailbot21-22/install/sailbot/lib/python3.6/site-packages/sailbot/debug_interface.py to debug_interface.cpython-36.pyc
byte-compiling /home/sailbot/sailbot21-22/install/sailbot/lib/python3.6/site-packages/sailbot/control_system.py to control_system.cpython-36.pyc
running install_data
running install_egg_info
removing '/home/sailbot/sailbot21-22/install/sailbot/lib/python3.6/site-packages/sailbot-1.0.0-py3.6.egg-info' (and everything under it)
Copying ../../../build/sailbot/sailbot.egg-info to /home/sailbot/sailbot21-22/install/sailbot/lib/python3.6/site-packages/sailbot-1.0.0-py3.6.egg-info
running install_scripts
Installing airmar_reader script to /home/sailbot/sailbot21-22/install/sailbot/lib/sailbot
Installing control_system script to /home/sailbot/sailbot21-22/install/sailbot/lib/sailbot
Installing debug_interface script to /home/sailbot/sailbot21-22/install/sailbot/lib/sailbot
Installing pwm_controller script to /home/sailbot/sailbot21-22/install/sailbot/lib/sailbot
Installing serial_rc_receiver script to /home/sailbot/sailbot21-22/install/sailbot/lib/sailbot
Installing trim_tab_comms script to /home/sailbot/sailbot21-22/install/sailbot/lib/sailbot
writing list of installed files to '/home/sailbot/sailbot21-22/build/sailbot/install.log'
