[3.011s] Invoking command in '/home/sailbot/sailbot21-22/sailbot_ws/src/sailbot': PYTHONPATH=/home/sailbot/sailbot21-22/install/sailbot/lib/python3.6/site-packages:${PYTHONPATH} /usr/bin/python3 setup.py egg_info --egg-base ../../../build/sailbot build --build-base /home/sailbot/sailbot21-22/build/sailbot/build install --prefix /home/sailbot/sailbot21-22/install/sailbot --record /home/sailbot/sailbot21-22/build/sailbot/install.log --single-version-externally-managed
[4.233s] /home/sailbot/.local/lib/python3.6/site-packages/setuptools/dist.py:720: UserWarning: Usage of dash-separated 'script-dir' will not be supported in future versions. Please use the underscore name 'script_dir' instead
[4.233s]   % (opt, underscore_opt)
[4.235s] /home/sailbot/.local/lib/python3.6/site-packages/setuptools/dist.py:720: UserWarning: Usage of dash-separated 'install-scripts' will not be supported in future versions. Please use the underscore name 'install_scripts' instead
[4.236s]   % (opt, underscore_opt)
[4.404s] running egg_info
[4.407s] writing ../../../build/sailbot/sailbot.egg-info/PKG-INFO
[4.409s] writing dependency_links to ../../../build/sailbot/sailbot.egg-info/dependency_links.txt
[4.410s] writing entry points to ../../../build/sailbot/sailbot.egg-info/entry_points.txt
[4.411s] writing requirements to ../../../build/sailbot/sailbot.egg-info/requires.txt
[4.412s] writing top-level names to ../../../build/sailbot/sailbot.egg-info/top_level.txt
[4.419s] reading manifest file '../../../build/sailbot/sailbot.egg-info/SOURCES.txt'
[4.427s] writing manifest file '../../../build/sailbot/sailbot.egg-info/SOURCES.txt'
[4.428s] running build
[4.428s] running build_py
[4.433s] running install
[4.434s] /home/sailbot/.local/lib/python3.6/site-packages/setuptools/command/install.py:37: SetuptoolsDeprecationWarning: setup.py install is deprecated. Use build and pip and other standards-based tools.
[4.434s]   setuptools.SetuptoolsDeprecationWarning,
[4.435s] running install_lib
[4.442s] running install_data
[4.445s] running install_egg_info
[4.452s] removing '/home/sailbot/sailbot21-22/install/sailbot/lib/python3.6/site-packages/sailbot-1.0.0-py3.6.egg-info' (and everything under it)
[4.454s] Copying ../../../build/sailbot/sailbot.egg-info to /home/sailbot/sailbot21-22/install/sailbot/lib/python3.6/site-packages/sailbot-1.0.0-py3.6.egg-info
[4.457s] running install_scripts
[4.543s] Installing airmar_reader script to /home/sailbot/sailbot21-22/install/sailbot/lib/sailbot
[4.544s] Installing battery_monitor script to /home/sailbot/sailbot21-22/install/sailbot/lib/sailbot
[4.545s] Installing control_system script to /home/sailbot/sailbot21-22/install/sailbot/lib/sailbot
[4.545s] Installing debug_interface script to /home/sailbot/sailbot21-22/install/sailbot/lib/sailbot
[4.546s] Installing pwm_controller script to /home/sailbot/sailbot21-22/install/sailbot/lib/sailbot
[4.547s] Installing serial_rc_receiver script to /home/sailbot/sailbot21-22/install/sailbot/lib/sailbot
[4.548s] Installing trim_tab_comms script to /home/sailbot/sailbot21-22/install/sailbot/lib/sailbot
[4.549s] writing list of installed files to '/home/sailbot/sailbot21-22/build/sailbot/install.log'
[4.664s] Invoked command in '/home/sailbot/sailbot21-22/sailbot_ws/src/sailbot' returned '0': PYTHONPATH=/home/sailbot/sailbot21-22/install/sailbot/lib/python3.6/site-packages:${PYTHONPATH} /usr/bin/python3 setup.py egg_info --egg-base ../../../build/sailbot build --build-base /home/sailbot/sailbot21-22/build/sailbot/build install --prefix /home/sailbot/sailbot21-22/install/sailbot --record /home/sailbot/sailbot21-22/build/sailbot/install.log --single-version-externally-managed
