running egg_info
creating build/low_level/low_level.egg-info
writing build/low_level/low_level.egg-info/PKG-INFO
writing dependency_links to build/low_level/low_level.egg-info/dependency_links.txt
writing entry points to build/low_level/low_level.egg-info/entry_points.txt
writing requirements to build/low_level/low_level.egg-info/requires.txt
writing top-level names to build/low_level/low_level.egg-info/top_level.txt
writing manifest file 'build/low_level/low_level.egg-info/SOURCES.txt'
reading manifest file 'build/low_level/low_level.egg-info/SOURCES.txt'
writing manifest file 'build/low_level/low_level.egg-info/SOURCES.txt'
running build
running build_py
creating /home/andrew/Documents/sailbot21-22/sailbot_ws/src/low_level/build/low_level/build
creating /home/andrew/Documents/sailbot21-22/sailbot_ws/src/low_level/build/low_level/build/lib
creating /home/andrew/Documents/sailbot21-22/sailbot_ws/src/low_level/build/low_level/build/lib/low_level
copying low_level/__init__.py -> /home/andrew/Documents/sailbot21-22/sailbot_ws/src/low_level/build/low_level/build/lib/low_level
copying low_level/rudder_test.py -> /home/andrew/Documents/sailbot21-22/sailbot_ws/src/low_level/build/low_level/build/lib/low_level
running install
running install_lib
creating /home/andrew/Documents/sailbot21-22/sailbot_ws/src/low_level/install/low_level/lib/python3.8/site-packages/low_level
copying /home/andrew/Documents/sailbot21-22/sailbot_ws/src/low_level/build/low_level/build/lib/low_level/__init__.py -> /home/andrew/Documents/sailbot21-22/sailbot_ws/src/low_level/install/low_level/lib/python3.8/site-packages/low_level
copying /home/andrew/Documents/sailbot21-22/sailbot_ws/src/low_level/build/low_level/build/lib/low_level/rudder_test.py -> /home/andrew/Documents/sailbot21-22/sailbot_ws/src/low_level/install/low_level/lib/python3.8/site-packages/low_level
byte-compiling /home/andrew/Documents/sailbot21-22/sailbot_ws/src/low_level/install/low_level/lib/python3.8/site-packages/low_level/__init__.py to __init__.cpython-38.pyc
byte-compiling /home/andrew/Documents/sailbot21-22/sailbot_ws/src/low_level/install/low_level/lib/python3.8/site-packages/low_level/rudder_test.py to rudder_test.cpython-38.pyc
running install_data
creating /home/andrew/Documents/sailbot21-22/sailbot_ws/src/low_level/install/low_level/share/ament_index
creating /home/andrew/Documents/sailbot21-22/sailbot_ws/src/low_level/install/low_level/share/ament_index/resource_index
creating /home/andrew/Documents/sailbot21-22/sailbot_ws/src/low_level/install/low_level/share/ament_index/resource_index/packages
copying resource/low_level -> /home/andrew/Documents/sailbot21-22/sailbot_ws/src/low_level/install/low_level/share/ament_index/resource_index/packages
copying package.xml -> /home/andrew/Documents/sailbot21-22/sailbot_ws/src/low_level/install/low_level/share/low_level
running install_egg_info
Copying build/low_level/low_level.egg-info to /home/andrew/Documents/sailbot21-22/sailbot_ws/src/low_level/install/low_level/lib/python3.8/site-packages/low_level-0.0.0-py3.8.egg-info
running install_scripts
Installing talker script to /home/andrew/Documents/sailbot21-22/sailbot_ws/src/low_level/install/low_level/lib/low_level
writing list of installed files to '/home/andrew/Documents/sailbot21-22/sailbot_ws/src/low_level/build/low_level/install.log'
