/home/sailbot/sailbot21-22/install/low_level/lib/python3.6/site-packages/low_level/desired_heading_publisher.py
/home/sailbot/sailbot21-22/install/low_level/lib/python3.6/site-packages/low_level/rudder_test.py
/home/sailbot/sailbot21-22/install/low_level/lib/python3.6/site-packages/low_level/lat_long_publisher.py
/home/sailbot/sailbot21-22/install/low_level/lib/python3.6/site-packages/low_level/standalone_trim_tab_state_publisher.py
/home/sailbot/sailbot21-22/install/low_level/lib/python3.6/site-packages/low_level/__init__.py
/home/sailbot/sailbot21-22/install/low_level/lib/python3.6/site-packages/low_level/point_to_point.py
/home/sailbot/sailbot21-22/install/low_level/lib/python3.6/site-packages/low_level/rudder_control.py
/home/sailbot/sailbot21-22/install/low_level/lib/python3.6/site-packages/low_level/__pycache__/desired_heading_publisher.cpython-36.pyc
/home/sailbot/sailbot21-22/install/low_level/lib/python3.6/site-packages/low_level/__pycache__/rudder_test.cpython-36.pyc
/home/sailbot/sailbot21-22/install/low_level/lib/python3.6/site-packages/low_level/__pycache__/lat_long_publisher.cpython-36.pyc
/home/sailbot/sailbot21-22/install/low_level/lib/python3.6/site-packages/low_level/__pycache__/standalone_trim_tab_state_publisher.cpython-36.pyc
/home/sailbot/sailbot21-22/install/low_level/lib/python3.6/site-packages/low_level/__pycache__/__init__.cpython-36.pyc
/home/sailbot/sailbot21-22/install/low_level/lib/python3.6/site-packages/low_level/__pycache__/point_to_point.cpython-36.pyc
/home/sailbot/sailbot21-22/install/low_level/lib/python3.6/site-packages/low_level/__pycache__/rudder_control.cpython-36.pyc
/home/sailbot/sailbot21-22/install/low_level/share/ament_index/resource_index/packages/low_level
/home/sailbot/sailbot21-22/install/low_level/share/low_level/package.xml
/home/sailbot/sailbot21-22/install/low_level/share/low_level/launch/rudder_test.py
/home/sailbot/sailbot21-22/install/low_level/share/low_level/launch/point2point_test.py
/home/sailbot/sailbot21-22/install/low_level/lib/python3.6/site-packages/low_level-0.0.0-py3.6.egg-info/PKG-INFO
/home/sailbot/sailbot21-22/install/low_level/lib/python3.6/site-packages/low_level-0.0.0-py3.6.egg-info/requires.txt
/home/sailbot/sailbot21-22/install/low_level/lib/python3.6/site-packages/low_level-0.0.0-py3.6.egg-info/dependency_links.txt
/home/sailbot/sailbot21-22/install/low_level/lib/python3.6/site-packages/low_level-0.0.0-py3.6.egg-info/top_level.txt
/home/sailbot/sailbot21-22/install/low_level/lib/python3.6/site-packages/low_level-0.0.0-py3.6.egg-info/zip-safe
/home/sailbot/sailbot21-22/install/low_level/lib/python3.6/site-packages/low_level-0.0.0-py3.6.egg-info/SOURCES.txt
/home/sailbot/sailbot21-22/install/low_level/lib/python3.6/site-packages/low_level-0.0.0-py3.6.egg-info/entry_points.txt
/home/sailbot/sailbot21-22/install/low_level/lib/low_level/desired_heading
/home/sailbot/sailbot21-22/install/low_level/lib/low_level/point2point
/home/sailbot/sailbot21-22/install/low_level/lib/low_level/rudder_control
/home/sailbot/sailbot21-22/install/low_level/lib/low_level/rudder_test
/home/sailbot/sailbot21-22/install/low_level/lib/low_level/target_location
/home/sailbot/sailbot21-22/install/low_level/lib/low_level/tt_state_pub
