[2.931s] Invoking command in '/home/sailbot/sailbot21-22/sailbot_ws/src/low_level': PYTHONPATH=/home/sailbot/sailbot21-22/install/low_level/lib/python3.6/site-packages:${PYTHONPATH} /usr/bin/python3 setup.py egg_info --egg-base ../../../build/low_level build --build-base /home/sailbot/sailbot21-22/build/low_level/build install --prefix /home/sailbot/sailbot21-22/install/low_level --record /home/sailbot/sailbot21-22/build/low_level/install.log --single-version-externally-managed
[4.154s] /home/sailbot/.local/lib/python3.6/site-packages/setuptools/dist.py:720: UserWarning: Usage of dash-separated 'script-dir' will not be supported in future versions. Please use the underscore name 'script_dir' instead
[4.155s]   % (opt, underscore_opt)
[4.156s] /home/sailbot/.local/lib/python3.6/site-packages/setuptools/dist.py:720: UserWarning: Usage of dash-separated 'install-scripts' will not be supported in future versions. Please use the underscore name 'install_scripts' instead
[4.157s]   % (opt, underscore_opt)
[4.344s] running egg_info
[4.346s] writing ../../../build/low_level/low_level.egg-info/PKG-INFO
[4.346s] writing dependency_links to ../../../build/low_level/low_level.egg-info/dependency_links.txt
[4.347s] writing entry points to ../../../build/low_level/low_level.egg-info/entry_points.txt
[4.348s] writing requirements to ../../../build/low_level/low_level.egg-info/requires.txt
[4.348s] writing top-level names to ../../../build/low_level/low_level.egg-info/top_level.txt
[4.357s] reading manifest file '../../../build/low_level/low_level.egg-info/SOURCES.txt'
[4.365s] writing manifest file '../../../build/low_level/low_level.egg-info/SOURCES.txt'
[4.366s] running build
[4.367s] running build_py
[4.370s] running install
[4.370s] /home/sailbot/.local/lib/python3.6/site-packages/setuptools/command/install.py:37: SetuptoolsDeprecationWarning: setup.py install is deprecated. Use build and pip and other standards-based tools.
[4.371s]   setuptools.SetuptoolsDeprecationWarning,
[4.372s] running install_lib
[4.378s] running install_data
[4.380s] running install_egg_info
[4.391s] removing '/home/sailbot/sailbot21-22/install/low_level/lib/python3.6/site-packages/low_level-0.0.0-py3.6.egg-info' (and everything under it)
[4.392s] Copying ../../../build/low_level/low_level.egg-info to /home/sailbot/sailbot21-22/install/low_level/lib/python3.6/site-packages/low_level-0.0.0-py3.6.egg-info
[4.395s] running install_scripts
[4.478s] Installing desired_heading script to /home/sailbot/sailbot21-22/install/low_level/lib/low_level
[4.480s] Installing point2point script to /home/sailbot/sailbot21-22/install/low_level/lib/low_level
[4.480s] Installing rudder_control script to /home/sailbot/sailbot21-22/install/low_level/lib/low_level
[4.481s] Installing rudder_test script to /home/sailbot/sailbot21-22/install/low_level/lib/low_level
[4.482s] Installing target_location script to /home/sailbot/sailbot21-22/install/low_level/lib/low_level
[4.482s] Installing tt_state_pub script to /home/sailbot/sailbot21-22/install/low_level/lib/low_level
[4.484s] writing list of installed files to '/home/sailbot/sailbot21-22/build/low_level/install.log'
[4.603s] Invoked command in '/home/sailbot/sailbot21-22/sailbot_ws/src/low_level' returned '0': PYTHONPATH=/home/sailbot/sailbot21-22/install/low_level/lib/python3.6/site-packages:${PYTHONPATH} /usr/bin/python3 setup.py egg_info --egg-base ../../../build/low_level build --build-base /home/sailbot/sailbot21-22/build/low_level/build install --prefix /home/sailbot/sailbot21-22/install/low_level --record /home/sailbot/sailbot21-22/build/low_level/install.log --single-version-externally-managed
