[3.016s] Invoking command in '/home/sailbot/sailbot21-22/sailbot_ws/src/sailbot': PYTHONPATH=/home/sailbot/sailbot21-22/install/sailbot/lib/python3.6/site-packages:${PYTHONPATH} /usr/bin/python3 setup.py egg_info --egg-base ../../../build/sailbot build --build-base /home/sailbot/sailbot21-22/build/sailbot/build install --prefix /home/sailbot/sailbot21-22/install/sailbot --record /home/sailbot/sailbot21-22/build/sailbot/install.log --single-version-externally-managed
[4.239s] /home/sailbot/.local/lib/python3.6/site-packages/setuptools/dist.py:720: UserWarning: Usage of dash-separated 'script-dir' will not be supported in future versions. Please use the underscore name 'script_dir' instead
[4.239s]   % (opt, underscore_opt)
[4.240s] /home/sailbot/.local/lib/python3.6/site-packages/setuptools/dist.py:720: UserWarning: Usage of dash-separated 'install-scripts' will not be supported in future versions. Please use the underscore name 'install_scripts' instead
[4.241s]   % (opt, underscore_opt)
[4.415s] running egg_info
[4.418s] writing ../../../build/sailbot/sailbot.egg-info/PKG-INFO
[4.420s] writing dependency_links to ../../../build/sailbot/sailbot.egg-info/dependency_links.txt
[4.421s] writing entry points to ../../../build/sailbot/sailbot.egg-info/entry_points.txt
[4.422s] writing requirements to ../../../build/sailbot/sailbot.egg-info/requires.txt
[4.422s] writing top-level names to ../../../build/sailbot/sailbot.egg-info/top_level.txt
[4.431s] reading manifest file '../../../build/sailbot/sailbot.egg-info/SOURCES.txt'
[4.439s] writing manifest file '../../../build/sailbot/sailbot.egg-info/SOURCES.txt'
[4.440s] running build
[4.441s] running build_py
[4.446s] running install
[4.446s] /home/sailbot/.local/lib/python3.6/site-packages/setuptools/command/install.py:37: SetuptoolsDeprecationWarning: setup.py install is deprecated. Use build and pip and other standards-based tools.
[4.447s]   setuptools.SetuptoolsDeprecationWarning,
[4.448s] running install_lib
[4.455s] running install_data
[4.458s] running install_egg_info
[4.465s] removing '/home/sailbot/sailbot21-22/install/sailbot/lib/python3.6/site-packages/sailbot-1.0.0-py3.6.egg-info' (and everything under it)
[4.466s] Copying ../../../build/sailbot/sailbot.egg-info to /home/sailbot/sailbot21-22/install/sailbot/lib/python3.6/site-packages/sailbot-1.0.0-py3.6.egg-info
[4.470s] running install_scripts
[4.555s] Installing airmar_reader script to /home/sailbot/sailbot21-22/install/sailbot/lib/sailbot
[4.557s] Installing battery_monitor script to /home/sailbot/sailbot21-22/install/sailbot/lib/sailbot
[4.558s] Installing control_system script to /home/sailbot/sailbot21-22/install/sailbot/lib/sailbot
[4.559s] Installing debug_interface script to /home/sailbot/sailbot21-22/install/sailbot/lib/sailbot
[4.559s] Installing pwm_controller script to /home/sailbot/sailbot21-22/install/sailbot/lib/sailbot
[4.560s] Installing serial_rc_receiver script to /home/sailbot/sailbot21-22/install/sailbot/lib/sailbot
[4.560s] Installing trim_tab_comms script to /home/sailbot/sailbot21-22/install/sailbot/lib/sailbot
[4.563s] writing list of installed files to '/home/sailbot/sailbot21-22/build/sailbot/install.log'
[4.680s] Invoked command in '/home/sailbot/sailbot21-22/sailbot_ws/src/sailbot' returned '0': PYTHONPATH=/home/sailbot/sailbot21-22/install/sailbot/lib/python3.6/site-packages:${PYTHONPATH} /usr/bin/python3 setup.py egg_info --egg-base ../../../build/sailbot build --build-base /home/sailbot/sailbot21-22/build/sailbot/build install --prefix /home/sailbot/sailbot21-22/install/sailbot --record /home/sailbot/sailbot21-22/build/sailbot/install.log --single-version-externally-managed
