[2.853s] DEBUG:colcon:Command line arguments: ['/usr/bin/colcon', 'build']
[2.854s] DEBUG:colcon:Parsed command line arguments: Namespace(ament_cmake_args=None, base_paths=['.'], build_base='build', catkin_cmake_args=None, catkin_skip_building_tests=False, cmake_args=None, cmake_clean_cache=False, cmake_clean_first=False, cmake_force_configure=False, cmake_target=None, cmake_target_skip_unavailable=False, continue_on_error=False, event_handlers=None, executor='parallel', ignore_user_meta=False, install_base='install', log_base=None, log_level=None, main=<bound method BuildVerb.main of <colcon_core.verb.build.BuildVerb object at 0x7f8f5ae160>>, merge_install=False, metas=['./colcon.meta'], packages_above=None, packages_above_and_dependencies=None, packages_above_depth=None, packages_end=None, packages_ignore=None, packages_ignore_regex=None, packages_select=None, packages_select_build_failed=False, packages_select_by_dep=None, packages_select_regex=None, packages_select_test_failures=False, packages_skip=None, packages_skip_build_finished=False, packages_skip_by_dep=None, packages_skip_regex=None, packages_skip_test_passed=False, packages_skip_up_to=None, packages_start=None, packages_up_to=None, packages_up_to_regex=None, parallel_workers=4, paths=None, symlink_install=False, test_result_base=None, verb_extension=<colcon_core.verb.build.BuildVerb object at 0x7f8f5ae160>, verb_name='build', verb_parser=<colcon_defaults.argument_parser.defaults.DefaultArgumentsDecorator object at 0x7f8f409a90>)
[2.901s] Level 1:colcon.colcon_core.package_discovery:discover_packages(colcon_meta) check parameters
[2.901s] Level 1:colcon.colcon_core.package_discovery:discover_packages(recursive) check parameters
[2.902s] Level 1:colcon.colcon_core.package_discovery:discover_packages(ignore) check parameters
[2.902s] Level 1:colcon.colcon_core.package_discovery:discover_packages(path) check parameters
[2.902s] Level 1:colcon.colcon_core.package_discovery:discover_packages(colcon_meta) discover
[2.903s] Level 1:colcon.colcon_core.package_discovery:discover_packages(recursive) discover
[2.904s] INFO:colcon.colcon_core.package_discovery:Crawling recursively for packages in '/home/sailbot/sailbot21-22'
[2.904s] Level 1:colcon.colcon_core.package_identification:_identify(.) by extensions ['ignore', 'ignore_ament_install']
[2.905s] Level 1:colcon.colcon_core.package_identification:_identify(.) by extension 'ignore'
[2.905s] Level 1:colcon.colcon_core.package_identification:_identify(.) by extension 'ignore_ament_install'
[2.905s] Level 1:colcon.colcon_core.package_identification:_identify(.) by extensions ['colcon_pkg']
[2.905s] Level 1:colcon.colcon_core.package_identification:_identify(.) by extension 'colcon_pkg'
[2.906s] Level 1:colcon.colcon_core.package_identification:_identify(.) by extensions ['colcon_meta']
[2.906s] Level 1:colcon.colcon_core.package_identification:_identify(.) by extension 'colcon_meta'
[2.906s] Level 1:colcon.colcon_core.package_identification:_identify(.) by extensions ['ros']
[2.906s] Level 1:colcon.colcon_core.package_identification:_identify(.) by extension 'ros'
[3.388s] Level 1:colcon.colcon_core.package_identification:_identify(.) by extensions ['cmake', 'python']
[3.389s] Level 1:colcon.colcon_core.package_identification:_identify(.) by extension 'cmake'
[3.389s] Level 1:colcon.colcon_core.package_identification:_identify(.) by extension 'python'
[3.389s] Level 1:colcon.colcon_core.package_identification:_identify(.) by extensions ['python_setup_py']
[3.389s] Level 1:colcon.colcon_core.package_identification:_identify(.) by extension 'python_setup_py'
[3.390s] Level 1:colcon.colcon_core.package_identification:_identify(build) by extensions ['ignore', 'ignore_ament_install']
[3.391s] Level 1:colcon.colcon_core.package_identification:_identify(build) by extension 'ignore'
[3.391s] Level 1:colcon.colcon_core.package_identification:_identify(build) ignored
[3.393s] Level 1:colcon.colcon_core.package_identification:_identify(install) by extensions ['ignore', 'ignore_ament_install']
[3.393s] Level 1:colcon.colcon_core.package_identification:_identify(install) by extension 'ignore'
[3.393s] Level 1:colcon.colcon_core.package_identification:_identify(install) ignored
[3.394s] Level 1:colcon.colcon_core.package_identification:_identify(log) by extensions ['ignore', 'ignore_ament_install']
[3.394s] Level 1:colcon.colcon_core.package_identification:_identify(log) by extension 'ignore'
[3.395s] Level 1:colcon.colcon_core.package_identification:_identify(log) ignored
[3.399s] Level 1:colcon.colcon_core.package_identification:_identify(sailbot_ws) by extensions ['ignore', 'ignore_ament_install']
[3.399s] Level 1:colcon.colcon_core.package_identification:_identify(sailbot_ws) by extension 'ignore'
[3.399s] Level 1:colcon.colcon_core.package_identification:_identify(sailbot_ws) by extension 'ignore_ament_install'
[3.400s] Level 1:colcon.colcon_core.package_identification:_identify(sailbot_ws) by extensions ['colcon_pkg']
[3.400s] Level 1:colcon.colcon_core.package_identification:_identify(sailbot_ws) by extension 'colcon_pkg'
[3.400s] Level 1:colcon.colcon_core.package_identification:_identify(sailbot_ws) by extensions ['colcon_meta']
[3.400s] Level 1:colcon.colcon_core.package_identification:_identify(sailbot_ws) by extension 'colcon_meta'
[3.401s] Level 1:colcon.colcon_core.package_identification:_identify(sailbot_ws) by extensions ['ros']
[3.401s] Level 1:colcon.colcon_core.package_identification:_identify(sailbot_ws) by extension 'ros'
[3.401s] Level 1:colcon.colcon_core.package_identification:_identify(sailbot_ws) by extensions ['cmake', 'python']
[3.401s] Level 1:colcon.colcon_core.package_identification:_identify(sailbot_ws) by extension 'cmake'
[3.402s] Level 1:colcon.colcon_core.package_identification:_identify(sailbot_ws) by extension 'python'
[3.402s] Level 1:colcon.colcon_core.package_identification:_identify(sailbot_ws) by extensions ['python_setup_py']
[3.402s] Level 1:colcon.colcon_core.package_identification:_identify(sailbot_ws) by extension 'python_setup_py'
[3.406s] Level 1:colcon.colcon_core.package_identification:_identify(sailbot_ws/build) by extensions ['ignore', 'ignore_ament_install']
[3.408s] Level 1:colcon.colcon_core.package_identification:_identify(sailbot_ws/build) by extension 'ignore'
[3.408s] Level 1:colcon.colcon_core.package_identification:_identify(sailbot_ws/build) ignored
[3.409s] Level 1:colcon.colcon_core.package_identification:_identify(sailbot_ws/install) by extensions ['ignore', 'ignore_ament_install']
[3.409s] Level 1:colcon.colcon_core.package_identification:_identify(sailbot_ws/install) by extension 'ignore'
[3.410s] Level 1:colcon.colcon_core.package_identification:_identify(sailbot_ws/install) ignored
[3.418s] Level 1:colcon.colcon_core.package_identification:_identify(sailbot_ws/log) by extensions ['ignore', 'ignore_ament_install']
[3.419s] Level 1:colcon.colcon_core.package_identification:_identify(sailbot_ws/log) by extension 'ignore'
[3.419s] Level 1:colcon.colcon_core.package_identification:_identify(sailbot_ws/log) ignored
[3.420s] Level 1:colcon.colcon_core.package_identification:_identify(sailbot_ws/src) by extensions ['ignore', 'ignore_ament_install']
[3.421s] Level 1:colcon.colcon_core.package_identification:_identify(sailbot_ws/src) by extension 'ignore'
[3.421s] Level 1:colcon.colcon_core.package_identification:_identify(sailbot_ws/src) by extension 'ignore_ament_install'
[3.421s] Level 1:colcon.colcon_core.package_identification:_identify(sailbot_ws/src) by extensions ['colcon_pkg']
[3.421s] Level 1:colcon.colcon_core.package_identification:_identify(sailbot_ws/src) by extension 'colcon_pkg'
[3.422s] Level 1:colcon.colcon_core.package_identification:_identify(sailbot_ws/src) by extensions ['colcon_meta']
[3.422s] Level 1:colcon.colcon_core.package_identification:_identify(sailbot_ws/src) by extension 'colcon_meta'
[3.422s] Level 1:colcon.colcon_core.package_identification:_identify(sailbot_ws/src) by extensions ['ros']
[3.422s] Level 1:colcon.colcon_core.package_identification:_identify(sailbot_ws/src) by extension 'ros'
[3.423s] Level 1:colcon.colcon_core.package_identification:_identify(sailbot_ws/src) by extensions ['cmake', 'python']
[3.423s] Level 1:colcon.colcon_core.package_identification:_identify(sailbot_ws/src) by extension 'cmake'
[3.423s] Level 1:colcon.colcon_core.package_identification:_identify(sailbot_ws/src) by extension 'python'
[3.424s] Level 1:colcon.colcon_core.package_identification:_identify(sailbot_ws/src) by extensions ['python_setup_py']
[3.424s] Level 1:colcon.colcon_core.package_identification:_identify(sailbot_ws/src) by extension 'python_setup_py'
[3.425s] Level 1:colcon.colcon_core.package_identification:_identify(sailbot_ws/src/low_level) by extensions ['ignore', 'ignore_ament_install']
[3.425s] Level 1:colcon.colcon_core.package_identification:_identify(sailbot_ws/src/low_level) by extension 'ignore'
[3.425s] Level 1:colcon.colcon_core.package_identification:_identify(sailbot_ws/src/low_level) by extension 'ignore_ament_install'
[3.426s] Level 1:colcon.colcon_core.package_identification:_identify(sailbot_ws/src/low_level) by extensions ['colcon_pkg']
[3.426s] Level 1:colcon.colcon_core.package_identification:_identify(sailbot_ws/src/low_level) by extension 'colcon_pkg'
[3.426s] Level 1:colcon.colcon_core.package_identification:_identify(sailbot_ws/src/low_level) by extensions ['colcon_meta']
[3.426s] Level 1:colcon.colcon_core.package_identification:_identify(sailbot_ws/src/low_level) by extension 'colcon_meta'
[3.427s] Level 1:colcon.colcon_core.package_identification:_identify(sailbot_ws/src/low_level) by extensions ['ros']
[3.427s] Level 1:colcon.colcon_core.package_identification:_identify(sailbot_ws/src/low_level) by extension 'ros'
[3.441s] DEBUG:colcon.colcon_core.package_identification:Package 'sailbot_ws/src/low_level' with type 'ros.ament_python' and name 'low_level'
[3.446s] Level 1:colcon.colcon_core.package_identification:_identify(sailbot_ws/src/sailbot) by extensions ['ignore', 'ignore_ament_install']
[3.447s] Level 1:colcon.colcon_core.package_identification:_identify(sailbot_ws/src/sailbot) by extension 'ignore'
[3.447s] Level 1:colcon.colcon_core.package_identification:_identify(sailbot_ws/src/sailbot) by extension 'ignore_ament_install'
[3.447s] Level 1:colcon.colcon_core.package_identification:_identify(sailbot_ws/src/sailbot) by extensions ['colcon_pkg']
[3.447s] Level 1:colcon.colcon_core.package_identification:_identify(sailbot_ws/src/sailbot) by extension 'colcon_pkg'
[3.448s] Level 1:colcon.colcon_core.package_identification:_identify(sailbot_ws/src/sailbot) by extensions ['colcon_meta']
[3.448s] Level 1:colcon.colcon_core.package_identification:_identify(sailbot_ws/src/sailbot) by extension 'colcon_meta'
[3.448s] Level 1:colcon.colcon_core.package_identification:_identify(sailbot_ws/src/sailbot) by extensions ['ros']
[3.448s] Level 1:colcon.colcon_core.package_identification:_identify(sailbot_ws/src/sailbot) by extension 'ros'
[3.457s] DEBUG:colcon.colcon_core.package_identification:Package 'sailbot_ws/src/sailbot' with type 'ros.ament_python' and name 'sailbot'
[3.457s] Level 1:colcon.colcon_core.package_discovery:discover_packages(recursive) using defaults
[3.459s] Level 1:colcon.colcon_core.package_discovery:discover_packages(ignore) discover
[3.459s] Level 1:colcon.colcon_core.package_discovery:discover_packages(ignore) using defaults
[3.459s] Level 1:colcon.colcon_core.package_discovery:discover_packages(path) discover
[3.459s] Level 1:colcon.colcon_core.package_discovery:discover_packages(path) using defaults
[3.624s] Level 5:colcon.colcon_core.verb:set package 'low_level' build argument 'cmake_args' from command line to 'None'
[3.625s] Level 5:colcon.colcon_core.verb:set package 'low_level' build argument 'cmake_target' from command line to 'None'
[3.625s] Level 5:colcon.colcon_core.verb:set package 'low_level' build argument 'cmake_target_skip_unavailable' from command line to 'False'
[3.625s] Level 5:colcon.colcon_core.verb:set package 'low_level' build argument 'cmake_clean_cache' from command line to 'False'
[3.625s] Level 5:colcon.colcon_core.verb:set package 'low_level' build argument 'cmake_clean_first' from command line to 'False'
[3.625s] Level 5:colcon.colcon_core.verb:set package 'low_level' build argument 'cmake_force_configure' from command line to 'False'
[3.625s] Level 5:colcon.colcon_core.verb:set package 'low_level' build argument 'ament_cmake_args' from command line to 'None'
[3.626s] Level 5:colcon.colcon_core.verb:set package 'low_level' build argument 'catkin_cmake_args' from command line to 'None'
[3.626s] Level 5:colcon.colcon_core.verb:set package 'low_level' build argument 'catkin_skip_building_tests' from command line to 'False'
[3.626s] DEBUG:colcon.colcon_core.verb:Building package 'low_level' with the following arguments: {'ament_cmake_args': None, 'build_base': '/home/sailbot/sailbot21-22/build/low_level', 'catkin_cmake_args': None, 'catkin_skip_building_tests': False, 'cmake_args': None, 'cmake_clean_cache': False, 'cmake_clean_first': False, 'cmake_force_configure': False, 'cmake_target': None, 'cmake_target_skip_unavailable': False, 'install_base': '/home/sailbot/sailbot21-22/install/low_level', 'merge_install': False, 'path': '/home/sailbot/sailbot21-22/sailbot_ws/src/low_level', 'symlink_install': False, 'test_result_base': None}
[3.646s] Level 5:colcon.colcon_core.verb:set package 'sailbot' build argument 'cmake_args' from command line to 'None'
[3.647s] Level 5:colcon.colcon_core.verb:set package 'sailbot' build argument 'cmake_target' from command line to 'None'
[3.647s] Level 5:colcon.colcon_core.verb:set package 'sailbot' build argument 'cmake_target_skip_unavailable' from command line to 'False'
[3.647s] Level 5:colcon.colcon_core.verb:set package 'sailbot' build argument 'cmake_clean_cache' from command line to 'False'
[3.647s] Level 5:colcon.colcon_core.verb:set package 'sailbot' build argument 'cmake_clean_first' from command line to 'False'
[3.647s] Level 5:colcon.colcon_core.verb:set package 'sailbot' build argument 'cmake_force_configure' from command line to 'False'
[3.648s] Level 5:colcon.colcon_core.verb:set package 'sailbot' build argument 'ament_cmake_args' from command line to 'None'
[3.648s] Level 5:colcon.colcon_core.verb:set package 'sailbot' build argument 'catkin_cmake_args' from command line to 'None'
[3.648s] Level 5:colcon.colcon_core.verb:set package 'sailbot' build argument 'catkin_skip_building_tests' from command line to 'False'
[3.648s] DEBUG:colcon.colcon_core.verb:Building package 'sailbot' with the following arguments: {'ament_cmake_args': None, 'build_base': '/home/sailbot/sailbot21-22/build/sailbot', 'catkin_cmake_args': None, 'catkin_skip_building_tests': False, 'cmake_args': None, 'cmake_clean_cache': False, 'cmake_clean_first': False, 'cmake_force_configure': False, 'cmake_target': None, 'cmake_target_skip_unavailable': False, 'install_base': '/home/sailbot/sailbot21-22/install/sailbot', 'merge_install': False, 'path': '/home/sailbot/sailbot21-22/sailbot_ws/src/sailbot', 'symlink_install': False, 'test_result_base': None}
[3.650s] INFO:colcon.colcon_core.executor:Executing jobs using 'parallel' executor
[3.661s] DEBUG:colcon.colcon_parallel_executor.executor.parallel:run_until_complete
[3.661s] INFO:colcon.colcon_ros.task.ament_python.build:Building ROS package in '/home/sailbot/sailbot21-22/sailbot_ws/src/low_level' with build type 'ament_python'
[3.662s] Level 1:colcon.colcon_core.shell:create_environment_hook('low_level', 'ament_prefix_path')
[3.696s] INFO:colcon.colcon_core.plugin_system:Skipping extension 'colcon_core.shell.bat': Not used on non-Windows systems
[3.697s] INFO:colcon.colcon_core.shell:Creating environment hook '/home/sailbot/sailbot21-22/install/low_level/share/low_level/hook/ament_prefix_path.ps1'
[3.701s] INFO:colcon.colcon_core.shell:Creating environment descriptor '/home/sailbot/sailbot21-22/install/low_level/share/low_level/hook/ament_prefix_path.dsv'
[3.706s] INFO:colcon.colcon_core.shell:Creating environment hook '/home/sailbot/sailbot21-22/install/low_level/share/low_level/hook/ament_prefix_path.sh'
[3.712s] INFO:colcon.colcon_core.shell:Skip shell extension 'powershell' for command environment: Not usable outside of PowerShell
[3.713s] DEBUG:colcon.colcon_core.shell:Skip shell extension 'dsv' for command environment
[3.730s] DEBUG:colcon.colcon_core.shell:Ignoring prefix path '/opt/ros/dashing'
[3.739s] INFO:colcon.colcon_ros.task.ament_python.build:Building ROS package in '/home/sailbot/sailbot21-22/sailbot_ws/src/sailbot' with build type 'ament_python'
[3.740s] Level 1:colcon.colcon_core.shell:create_environment_hook('sailbot', 'ament_prefix_path')
[3.744s] INFO:colcon.colcon_core.shell:Creating environment hook '/home/sailbot/sailbot21-22/install/sailbot/share/sailbot/hook/ament_prefix_path.ps1'
[3.747s] INFO:colcon.colcon_core.shell:Creating environment descriptor '/home/sailbot/sailbot21-22/install/sailbot/share/sailbot/hook/ament_prefix_path.dsv'
[3.749s] INFO:colcon.colcon_core.shell:Creating environment hook '/home/sailbot/sailbot21-22/install/sailbot/share/sailbot/hook/ament_prefix_path.sh'
[3.754s] INFO:colcon.colcon_core.shell:Skip shell extension 'powershell' for command environment: Not usable outside of PowerShell
[3.754s] DEBUG:colcon.colcon_core.shell:Skip shell extension 'dsv' for command environment
[3.765s] DEBUG:colcon.colcon_core.shell:Ignoring prefix path '/opt/ros/dashing'
[5.168s] INFO:colcon.colcon_core.task.python.build:Building Python package in '/home/sailbot/sailbot21-22/sailbot_ws/src/low_level'
[5.172s] INFO:colcon.colcon_core.shell:Skip shell extension 'powershell' for command environment: Not usable outside of PowerShell
[5.173s] DEBUG:colcon.colcon_core.shell:Skip shell extension 'dsv' for command environment
[5.188s] DEBUG:colcon.colcon_core.shell:Ignoring prefix path '/opt/ros/dashing'
[6.578s] INFO:colcon.colcon_core.task.python.build:Building Python package in '/home/sailbot/sailbot21-22/sailbot_ws/src/sailbot'
[6.582s] INFO:colcon.colcon_core.shell:Skip shell extension 'powershell' for command environment: Not usable outside of PowerShell
[6.582s] DEBUG:colcon.colcon_core.shell:Skip shell extension 'dsv' for command environment
[6.593s] DEBUG:colcon.colcon_core.shell:Ignoring prefix path '/opt/ros/dashing'
[6.613s] DEBUG:colcon.colcon_core.event_handler.log_command:Invoking command in '/home/sailbot/sailbot21-22/sailbot_ws/src/low_level': PYTHONPATH=/home/sailbot/sailbot21-22/install/low_level/lib/python3.6/site-packages:${PYTHONPATH} /usr/bin/python3 setup.py egg_info --egg-base ../../../build/low_level build --build-base /home/sailbot/sailbot21-22/build/low_level/build install --prefix /home/sailbot/sailbot21-22/install/low_level --record /home/sailbot/sailbot21-22/build/low_level/install.log --single-version-externally-managed
[6.640s] DEBUG:colcon.colcon_core.event_handler.log_command:Invoking command in '/home/sailbot/sailbot21-22/sailbot_ws/src/sailbot': PYTHONPATH=/home/sailbot/sailbot21-22/install/sailbot/lib/python3.6/site-packages:${PYTHONPATH} /usr/bin/python3 setup.py egg_info --egg-base ../../../build/sailbot build --build-base /home/sailbot/sailbot21-22/build/sailbot/build install --prefix /home/sailbot/sailbot21-22/install/sailbot --record /home/sailbot/sailbot21-22/build/sailbot/install.log --single-version-externally-managed
[8.315s] DEBUG:colcon.colcon_core.event_handler.log_command:Invoked command in '/home/sailbot/sailbot21-22/sailbot_ws/src/low_level' returned '0': PYTHONPATH=/home/sailbot/sailbot21-22/install/low_level/lib/python3.6/site-packages:${PYTHONPATH} /usr/bin/python3 setup.py egg_info --egg-base ../../../build/low_level build --build-base /home/sailbot/sailbot21-22/build/low_level/build install --prefix /home/sailbot/sailbot21-22/install/low_level --record /home/sailbot/sailbot21-22/build/low_level/install.log --single-version-externally-managed
[8.344s] Level 1:colcon.colcon_core.environment:checking '/home/sailbot/sailbot21-22/install/low_level' for CMake module files
[8.347s] Level 1:colcon.colcon_core.environment:checking '/home/sailbot/sailbot21-22/install/low_level' for CMake config files
[8.352s] Level 1:colcon.colcon_core.environment:checking '/home/sailbot/sailbot21-22/install/low_level/lib'
[8.353s] Level 1:colcon.colcon_core.environment:checking '/home/sailbot/sailbot21-22/install/low_level/bin'
[8.353s] Level 1:colcon.colcon_core.environment:checking '/home/sailbot/sailbot21-22/install/low_level/lib/pkgconfig/low_level.pc'
[8.354s] Level 1:colcon.colcon_core.environment:checking '/home/sailbot/sailbot21-22/install/low_level/lib/python3.6/site-packages'
[8.354s] Level 1:colcon.colcon_core.shell:create_environment_hook('low_level', 'pythonpath')
[8.357s] INFO:colcon.colcon_core.shell:Creating environment hook '/home/sailbot/sailbot21-22/install/low_level/share/low_level/hook/pythonpath.ps1'
[8.359s] INFO:colcon.colcon_core.shell:Creating environment descriptor '/home/sailbot/sailbot21-22/install/low_level/share/low_level/hook/pythonpath.dsv'
[8.361s] INFO:colcon.colcon_core.shell:Creating environment hook '/home/sailbot/sailbot21-22/install/low_level/share/low_level/hook/pythonpath.sh'
[8.362s] Level 1:colcon.colcon_core.environment:create_environment_scripts_only(low_level)
[8.366s] INFO:colcon.colcon_core.shell:Creating package script '/home/sailbot/sailbot21-22/install/low_level/share/low_level/package.ps1'
[8.372s] INFO:colcon.colcon_core.shell:Creating package descriptor '/home/sailbot/sailbot21-22/install/low_level/share/low_level/package.dsv'
[8.375s] INFO:colcon.colcon_core.shell:Creating package script '/home/sailbot/sailbot21-22/install/low_level/share/low_level/package.sh'
[8.380s] INFO:colcon.colcon_core.shell:Creating package script '/home/sailbot/sailbot21-22/install/low_level/share/low_level/package.bash'
[8.386s] INFO:colcon.colcon_core.shell:Creating package script '/home/sailbot/sailbot21-22/install/low_level/share/low_level/package.zsh'
[8.391s] Level 1:colcon.colcon_core.environment:create_file_with_runtime_dependencies(/home/sailbot/sailbot21-22/install/low_level/share/colcon-core/packages/low_level)
[8.400s] Level 1:colcon.colcon_core.environment:checking '/home/sailbot/sailbot21-22/install/sailbot' for CMake module files
[8.403s] DEBUG:colcon.colcon_core.event_handler.log_command:Invoked command in '/home/sailbot/sailbot21-22/sailbot_ws/src/sailbot' returned '0': PYTHONPATH=/home/sailbot/sailbot21-22/install/sailbot/lib/python3.6/site-packages:${PYTHONPATH} /usr/bin/python3 setup.py egg_info --egg-base ../../../build/sailbot build --build-base /home/sailbot/sailbot21-22/build/sailbot/build install --prefix /home/sailbot/sailbot21-22/install/sailbot --record /home/sailbot/sailbot21-22/build/sailbot/install.log --single-version-externally-managed
[8.405s] Level 1:colcon.colcon_core.environment:checking '/home/sailbot/sailbot21-22/install/sailbot' for CMake config files
[8.409s] Level 1:colcon.colcon_core.environment:checking '/home/sailbot/sailbot21-22/install/sailbot/lib'
[8.410s] Level 1:colcon.colcon_core.environment:checking '/home/sailbot/sailbot21-22/install/sailbot/bin'
[8.410s] Level 1:colcon.colcon_core.environment:checking '/home/sailbot/sailbot21-22/install/sailbot/lib/pkgconfig/sailbot.pc'
[8.411s] Level 1:colcon.colcon_core.environment:checking '/home/sailbot/sailbot21-22/install/sailbot/lib/python3.6/site-packages'
[8.411s] Level 1:colcon.colcon_core.shell:create_environment_hook('sailbot', 'pythonpath')
[8.414s] INFO:colcon.colcon_core.shell:Creating environment hook '/home/sailbot/sailbot21-22/install/sailbot/share/sailbot/hook/pythonpath.ps1'
[8.416s] INFO:colcon.colcon_core.shell:Creating environment descriptor '/home/sailbot/sailbot21-22/install/sailbot/share/sailbot/hook/pythonpath.dsv'
[8.417s] INFO:colcon.colcon_core.shell:Creating environment hook '/home/sailbot/sailbot21-22/install/sailbot/share/sailbot/hook/pythonpath.sh'
[8.419s] Level 1:colcon.colcon_core.environment:create_environment_scripts_only(sailbot)
[8.423s] INFO:colcon.colcon_core.shell:Creating package script '/home/sailbot/sailbot21-22/install/sailbot/share/sailbot/package.ps1'
[8.425s] INFO:colcon.colcon_core.shell:Creating package descriptor '/home/sailbot/sailbot21-22/install/sailbot/share/sailbot/package.dsv'
[8.426s] INFO:colcon.colcon_core.shell:Creating package script '/home/sailbot/sailbot21-22/install/sailbot/share/sailbot/package.sh'
[8.428s] INFO:colcon.colcon_core.shell:Creating package script '/home/sailbot/sailbot21-22/install/sailbot/share/sailbot/package.bash'
[8.429s] INFO:colcon.colcon_core.shell:Creating package script '/home/sailbot/sailbot21-22/install/sailbot/share/sailbot/package.zsh'
[8.431s] Level 1:colcon.colcon_core.environment:create_file_with_runtime_dependencies(/home/sailbot/sailbot21-22/install/sailbot/share/colcon-core/packages/sailbot)
[8.432s] DEBUG:colcon.colcon_parallel_executor.executor.parallel:closing loop
[8.433s] DEBUG:colcon.colcon_parallel_executor.executor.parallel:loop closed
[8.434s] DEBUG:colcon.colcon_parallel_executor.executor.parallel:run_until_complete finished with '0'
[8.434s] DEBUG:colcon.colcon_core.event_reactor:joining thread
[8.465s] INFO:colcon.colcon_core.plugin_system:Skipping extension 'colcon_notification.desktop_notification.terminal_notifier': Not used on non-Darwin systems
[8.465s] INFO:colcon.colcon_core.plugin_system:Skipping extension 'colcon_notification.desktop_notification.win32': Not used on non-Windows systems
[8.466s] INFO:colcon.colcon_notification.desktop_notification:Sending desktop notification using 'notify2'
[8.512s] DEBUG:colcon.colcon_notification.desktop_notification.notify2:Failed to initialize notify2: org.freedesktop.DBus.Error.Spawn.ChildExited: Process org.freedesktop.Notifications exited with status 1
[8.512s] DEBUG:colcon.colcon_core.event_reactor:joined thread
[8.516s] INFO:colcon.colcon_core.shell:Creating prefix script '/home/sailbot/sailbot21-22/install/local_setup.ps1'
[8.524s] INFO:colcon.colcon_core.shell:Creating prefix util module '/home/sailbot/sailbot21-22/install/_local_setup_util_ps1.py'
[8.535s] INFO:colcon.colcon_core.shell:Creating prefix chain script '/home/sailbot/sailbot21-22/install/setup.ps1'
[8.556s] INFO:colcon.colcon_core.shell:Creating prefix script '/home/sailbot/sailbot21-22/install/local_setup.sh'
[8.561s] INFO:colcon.colcon_core.shell:Creating prefix util module '/home/sailbot/sailbot21-22/install/_local_setup_util_sh.py'
[8.563s] INFO:colcon.colcon_core.shell:Creating prefix chain script '/home/sailbot/sailbot21-22/install/setup.sh'
[8.580s] INFO:colcon.colcon_core.shell:Creating prefix script '/home/sailbot/sailbot21-22/install/local_setup.bash'
[8.584s] INFO:colcon.colcon_core.shell:Creating prefix chain script '/home/sailbot/sailbot21-22/install/setup.bash'
[8.601s] INFO:colcon.colcon_core.shell:Creating prefix script '/home/sailbot/sailbot21-22/install/local_setup.zsh'
[8.607s] INFO:colcon.colcon_core.shell:Creating prefix chain script '/home/sailbot/sailbot21-22/install/setup.zsh'
