/home/sailbot/sailbot21-22/install/sailbot/lib/python3.6/site-packages/sailbot/trim_tab_comms.py
/home/sailbot/sailbot21-22/install/sailbot/lib/python3.6/site-packages/sailbot/airmar_reader.py
/home/sailbot/sailbot21-22/install/sailbot/lib/python3.6/site-packages/sailbot/serial_rc_receiver.py
/home/sailbot/sailbot21-22/install/sailbot/lib/python3.6/site-packages/sailbot/highlvlpathing.py
/home/sailbot/sailbot21-22/install/sailbot/lib/python3.6/site-packages/sailbot/__init__.py
/home/sailbot/sailbot21-22/install/sailbot/lib/python3.6/site-packages/sailbot/debug_interface.py
/home/sailbot/sailbot21-22/install/sailbot/lib/python3.6/site-packages/sailbot/pwm_controller.py
/home/sailbot/sailbot21-22/install/sailbot/lib/python3.6/site-packages/sailbot/control_system.py
/home/sailbot/sailbot21-22/install/sailbot/lib/python3.6/site-packages/sailbot/battery_monitor.py
/home/sailbot/sailbot21-22/install/sailbot/lib/python3.6/site-packages/sailbot/autonomous/highlvlpathing.py
/home/sailbot/sailbot21-22/install/sailbot/lib/python3.6/site-packages/sailbot/autonomous/__init__.py
/home/sailbot/sailbot21-22/install/sailbot/lib/python3.6/site-packages/sailbot/autonomous/p2p.py
/home/sailbot/sailbot21-22/install/sailbot/lib/python3.6/site-packages/sailbot/__pycache__/trim_tab_comms.cpython-36.pyc
/home/sailbot/sailbot21-22/install/sailbot/lib/python3.6/site-packages/sailbot/__pycache__/airmar_reader.cpython-36.pyc
/home/sailbot/sailbot21-22/install/sailbot/lib/python3.6/site-packages/sailbot/__pycache__/serial_rc_receiver.cpython-36.pyc
/home/sailbot/sailbot21-22/install/sailbot/lib/python3.6/site-packages/sailbot/__pycache__/highlvlpathing.cpython-36.pyc
/home/sailbot/sailbot21-22/install/sailbot/lib/python3.6/site-packages/sailbot/__pycache__/__init__.cpython-36.pyc
/home/sailbot/sailbot21-22/install/sailbot/lib/python3.6/site-packages/sailbot/__pycache__/debug_interface.cpython-36.pyc
/home/sailbot/sailbot21-22/install/sailbot/lib/python3.6/site-packages/sailbot/__pycache__/pwm_controller.cpython-36.pyc
/home/sailbot/sailbot21-22/install/sailbot/lib/python3.6/site-packages/sailbot/__pycache__/control_system.cpython-36.pyc
/home/sailbot/sailbot21-22/install/sailbot/lib/python3.6/site-packages/sailbot/__pycache__/battery_monitor.cpython-36.pyc
/home/sailbot/sailbot21-22/install/sailbot/lib/python3.6/site-packages/sailbot/autonomous/__pycache__/highlvlpathing.cpython-36.pyc
/home/sailbot/sailbot21-22/install/sailbot/lib/python3.6/site-packages/sailbot/autonomous/__pycache__/__init__.cpython-36.pyc
/home/sailbot/sailbot21-22/install/sailbot/lib/python3.6/site-packages/sailbot/autonomous/__pycache__/p2p.cpython-36.pyc
/home/sailbot/sailbot21-22/install/sailbot/share/ament_index/resource_index/packages/sailbot
/home/sailbot/sailbot21-22/install/sailbot/share/sailbot/package.xml
/home/sailbot/sailbot21-22/install/sailbot/share/sailbot/launch/full_debug.py
/home/sailbot/sailbot21-22/install/sailbot/share/sailbot/launch/full_launch.py
/home/sailbot/sailbot21-22/install/sailbot/lib/python3.6/site-packages/sailbot-1.0.0-py3.6.egg-info/PKG-INFO
/home/sailbot/sailbot21-22/install/sailbot/lib/python3.6/site-packages/sailbot-1.0.0-py3.6.egg-info/requires.txt
/home/sailbot/sailbot21-22/install/sailbot/lib/python3.6/site-packages/sailbot-1.0.0-py3.6.egg-info/dependency_links.txt
/home/sailbot/sailbot21-22/install/sailbot/lib/python3.6/site-packages/sailbot-1.0.0-py3.6.egg-info/top_level.txt
/home/sailbot/sailbot21-22/install/sailbot/lib/python3.6/site-packages/sailbot-1.0.0-py3.6.egg-info/zip-safe
/home/sailbot/sailbot21-22/install/sailbot/lib/python3.6/site-packages/sailbot-1.0.0-py3.6.egg-info/SOURCES.txt
/home/sailbot/sailbot21-22/install/sailbot/lib/python3.6/site-packages/sailbot-1.0.0-py3.6.egg-info/entry_points.txt
/home/sailbot/sailbot21-22/install/sailbot/lib/sailbot/airmar_reader
/home/sailbot/sailbot21-22/install/sailbot/lib/sailbot/battery_monitor
/home/sailbot/sailbot21-22/install/sailbot/lib/sailbot/control_system
/home/sailbot/sailbot21-22/install/sailbot/lib/sailbot/debug_interface
/home/sailbot/sailbot21-22/install/sailbot/lib/sailbot/pwm_controller
/home/sailbot/sailbot21-22/install/sailbot/lib/sailbot/serial_rc_receiver
/home/sailbot/sailbot21-22/install/sailbot/lib/sailbot/trim_tab_comms
