[3.032s] Invoking command in '/home/sailbot/sailbot21-22/sailbot_ws/src/low_level': PYTHONPATH=/home/sailbot/sailbot21-22/install/low_level/lib/python3.6/site-packages:${PYTHONPATH} /usr/bin/python3 setup.py egg_info --egg-base ../../../build/low_level build --build-base /home/sailbot/sailbot21-22/build/low_level/build install --prefix /home/sailbot/sailbot21-22/install/low_level --record /home/sailbot/sailbot21-22/build/low_level/install.log --single-version-externally-managed
[4.288s] /home/sailbot/.local/lib/python3.6/site-packages/setuptools/dist.py:720: UserWarning: Usage of dash-separated 'script-dir' will not be supported in future versions. Please use the underscore name 'script_dir' instead
[4.289s]   % (opt, underscore_opt)
[4.291s] /home/sailbot/.local/lib/python3.6/site-packages/setuptools/dist.py:720: UserWarning: Usage of dash-separated 'install-scripts' will not be supported in future versions. Please use the underscore name 'install_scripts' instead
[4.292s]   % (opt, underscore_opt)
[4.464s] running egg_info
[4.467s] creating ../../../build/low_level/low_level.egg-info
[4.468s] writing ../../../build/low_level/low_level.egg-info/PKG-INFO
[4.469s] writing dependency_links to ../../../build/low_level/low_level.egg-info/dependency_links.txt
[4.471s] writing entry points to ../../../build/low_level/low_level.egg-info/entry_points.txt
[4.472s] writing requirements to ../../../build/low_level/low_level.egg-info/requires.txt
[4.473s] writing top-level names to ../../../build/low_level/low_level.egg-info/top_level.txt
[4.474s] writing manifest file '../../../build/low_level/low_level.egg-info/SOURCES.txt'
[4.480s] reading manifest file '../../../build/low_level/low_level.egg-info/SOURCES.txt'
[4.488s] writing manifest file '../../../build/low_level/low_level.egg-info/SOURCES.txt'
[4.489s] running build
[4.490s] running build_py
[4.491s] creating /home/sailbot/sailbot21-22/build/low_level/build
[4.492s] creating /home/sailbot/sailbot21-22/build/low_level/build/lib
[4.493s] creating /home/sailbot/sailbot21-22/build/low_level/build/lib/low_level
[4.495s] copying low_level/desired_heading_publisher.py -> /home/sailbot/sailbot21-22/build/low_level/build/lib/low_level
[4.502s] copying low_level/rudder_test.py -> /home/sailbot/sailbot21-22/build/low_level/build/lib/low_level
[4.503s] copying low_level/lat_long_publisher.py -> /home/sailbot/sailbot21-22/build/low_level/build/lib/low_level
[4.504s] copying low_level/standalone_trim_tab_state_publisher.py -> /home/sailbot/sailbot21-22/build/low_level/build/lib/low_level
[4.507s] copying low_level/__init__.py -> /home/sailbot/sailbot21-22/build/low_level/build/lib/low_level
[4.508s] copying low_level/point_to_point.py -> /home/sailbot/sailbot21-22/build/low_level/build/lib/low_level
[4.509s] copying low_level/rudder_control.py -> /home/sailbot/sailbot21-22/build/low_level/build/lib/low_level
[4.511s] running install
[4.513s] /home/sailbot/.local/lib/python3.6/site-packages/setuptools/command/install.py:37: SetuptoolsDeprecationWarning: setup.py install is deprecated. Use build and pip and other standards-based tools.
[4.513s]   setuptools.SetuptoolsDeprecationWarning,
[4.515s] running install_lib
[4.519s] creating /home/sailbot/sailbot21-22/install/low_level/lib/python3.6/site-packages/low_level
[4.520s] copying /home/sailbot/sailbot21-22/build/low_level/build/lib/low_level/desired_heading_publisher.py -> /home/sailbot/sailbot21-22/install/low_level/lib/python3.6/site-packages/low_level
[4.520s] copying /home/sailbot/sailbot21-22/build/low_level/build/lib/low_level/rudder_test.py -> /home/sailbot/sailbot21-22/install/low_level/lib/python3.6/site-packages/low_level
[4.521s] copying /home/sailbot/sailbot21-22/build/low_level/build/lib/low_level/lat_long_publisher.py -> /home/sailbot/sailbot21-22/install/low_level/lib/python3.6/site-packages/low_level
[4.521s] copying /home/sailbot/sailbot21-22/build/low_level/build/lib/low_level/standalone_trim_tab_state_publisher.py -> /home/sailbot/sailbot21-22/install/low_level/lib/python3.6/site-packages/low_level
[4.523s] copying /home/sailbot/sailbot21-22/build/low_level/build/lib/low_level/__init__.py -> /home/sailbot/sailbot21-22/install/low_level/lib/python3.6/site-packages/low_level
[4.525s] copying /home/sailbot/sailbot21-22/build/low_level/build/lib/low_level/point_to_point.py -> /home/sailbot/sailbot21-22/install/low_level/lib/python3.6/site-packages/low_level
[4.525s] copying /home/sailbot/sailbot21-22/build/low_level/build/lib/low_level/rudder_control.py -> /home/sailbot/sailbot21-22/install/low_level/lib/python3.6/site-packages/low_level
[4.527s] byte-compiling /home/sailbot/sailbot21-22/install/low_level/lib/python3.6/site-packages/low_level/desired_heading_publisher.py to desired_heading_publisher.cpython-36.pyc
[4.528s] byte-compiling /home/sailbot/sailbot21-22/install/low_level/lib/python3.6/site-packages/low_level/rudder_test.py to rudder_test.cpython-36.pyc
[4.530s] byte-compiling /home/sailbot/sailbot21-22/install/low_level/lib/python3.6/site-packages/low_level/lat_long_publisher.py to lat_long_publisher.cpython-36.pyc
[4.532s] byte-compiling /home/sailbot/sailbot21-22/install/low_level/lib/python3.6/site-packages/low_level/standalone_trim_tab_state_publisher.py to standalone_trim_tab_state_publisher.cpython-36.pyc
[4.536s] byte-compiling /home/sailbot/sailbot21-22/install/low_level/lib/python3.6/site-packages/low_level/__init__.py to __init__.cpython-36.pyc
[4.538s] byte-compiling /home/sailbot/sailbot21-22/install/low_level/lib/python3.6/site-packages/low_level/point_to_point.py to point_to_point.cpython-36.pyc
[4.540s] byte-compiling /home/sailbot/sailbot21-22/install/low_level/lib/python3.6/site-packages/low_level/rudder_control.py to rudder_control.cpython-36.pyc
[4.541s] running install_data
[4.542s] creating /home/sailbot/sailbot21-22/install/low_level/share/ament_index
[4.543s] creating /home/sailbot/sailbot21-22/install/low_level/share/ament_index/resource_index
[4.543s] creating /home/sailbot/sailbot21-22/install/low_level/share/ament_index/resource_index/packages
[4.544s] copying resource/low_level -> /home/sailbot/sailbot21-22/install/low_level/share/ament_index/resource_index/packages
[4.544s] copying package.xml -> /home/sailbot/sailbot21-22/install/low_level/share/low_level
[4.545s] creating /home/sailbot/sailbot21-22/install/low_level/share/low_level/launch
[4.545s] copying launch/rudder_test.py -> /home/sailbot/sailbot21-22/install/low_level/share/low_level/launch
[4.546s] copying launch/point2point_test.py -> /home/sailbot/sailbot21-22/install/low_level/share/low_level/launch
[4.547s] running install_egg_info
[4.548s] Copying ../../../build/low_level/low_level.egg-info to /home/sailbot/sailbot21-22/install/low_level/lib/python3.6/site-packages/low_level-0.0.0-py3.6.egg-info
[4.549s] running install_scripts
[4.627s] Installing desired_heading script to /home/sailbot/sailbot21-22/install/low_level/lib/low_level
[4.627s] Installing point2point script to /home/sailbot/sailbot21-22/install/low_level/lib/low_level
[4.628s] Installing rudder_control script to /home/sailbot/sailbot21-22/install/low_level/lib/low_level
[4.628s] Installing rudder_test script to /home/sailbot/sailbot21-22/install/low_level/lib/low_level
[4.629s] Installing target_location script to /home/sailbot/sailbot21-22/install/low_level/lib/low_level
[4.629s] Installing tt_state_pub script to /home/sailbot/sailbot21-22/install/low_level/lib/low_level
[4.630s] writing list of installed files to '/home/sailbot/sailbot21-22/build/low_level/install.log'
[4.746s] Invoked command in '/home/sailbot/sailbot21-22/sailbot_ws/src/low_level' returned '0': PYTHONPATH=/home/sailbot/sailbot21-22/install/low_level/lib/python3.6/site-packages:${PYTHONPATH} /usr/bin/python3 setup.py egg_info --egg-base ../../../build/low_level build --build-base /home/sailbot/sailbot21-22/build/low_level/build install --prefix /home/sailbot/sailbot21-22/install/low_level --record /home/sailbot/sailbot21-22/build/low_level/install.log --single-version-externally-managed
