[2.881s] Invoking command in '/home/sailbot/sailbot21-22/sailbot_ws/src/sailbot': PYTHONPATH=/home/sailbot/sailbot21-22/install/sailbot/lib/python3.6/site-packages:${PYTHONPATH} /usr/bin/python3 setup.py egg_info --egg-base ../../../build/sailbot build --build-base /home/sailbot/sailbot21-22/build/sailbot/build install --prefix /home/sailbot/sailbot21-22/install/sailbot --record /home/sailbot/sailbot21-22/build/sailbot/install.log --single-version-externally-managed
[4.072s] /home/sailbot/.local/lib/python3.6/site-packages/setuptools/dist.py:720: UserWarning: Usage of dash-separated 'script-dir' will not be supported in future versions. Please use the underscore name 'script_dir' instead
[4.073s]   % (opt, underscore_opt)
[4.074s] /home/sailbot/.local/lib/python3.6/site-packages/setuptools/dist.py:720: UserWarning: Usage of dash-separated 'install-scripts' will not be supported in future versions. Please use the underscore name 'install_scripts' instead
[4.075s]   % (opt, underscore_opt)
[4.244s] running egg_info
[4.246s] writing ../../../build/sailbot/sailbot.egg-info/PKG-INFO
[4.247s] writing dependency_links to ../../../build/sailbot/sailbot.egg-info/dependency_links.txt
[4.248s] writing entry points to ../../../build/sailbot/sailbot.egg-info/entry_points.txt
[4.249s] writing requirements to ../../../build/sailbot/sailbot.egg-info/requires.txt
[4.249s] writing top-level names to ../../../build/sailbot/sailbot.egg-info/top_level.txt
[4.259s] reading manifest file '../../../build/sailbot/sailbot.egg-info/SOURCES.txt'
[4.266s] writing manifest file '../../../build/sailbot/sailbot.egg-info/SOURCES.txt'
[4.268s] running build
[4.268s] running build_py
[4.273s] running install
[4.273s] /home/sailbot/.local/lib/python3.6/site-packages/setuptools/command/install.py:37: SetuptoolsDeprecationWarning: setup.py install is deprecated. Use build and pip and other standards-based tools.
[4.274s]   setuptools.SetuptoolsDeprecationWarning,
[4.275s] running install_lib
[4.282s] running install_data
[4.286s] running install_egg_info
[4.294s] removing '/home/sailbot/sailbot21-22/install/sailbot/lib/python3.6/site-packages/sailbot-1.0.0-py3.6.egg-info' (and everything under it)
[4.295s] Copying ../../../build/sailbot/sailbot.egg-info to /home/sailbot/sailbot21-22/install/sailbot/lib/python3.6/site-packages/sailbot-1.0.0-py3.6.egg-info
[4.299s] running install_scripts
[4.384s] Installing airmar_reader script to /home/sailbot/sailbot21-22/install/sailbot/lib/sailbot
[4.385s] Installing battery_monitor script to /home/sailbot/sailbot21-22/install/sailbot/lib/sailbot
[4.386s] Installing control_system script to /home/sailbot/sailbot21-22/install/sailbot/lib/sailbot
[4.386s] Installing debug_interface script to /home/sailbot/sailbot21-22/install/sailbot/lib/sailbot
[4.387s] Installing pwm_controller script to /home/sailbot/sailbot21-22/install/sailbot/lib/sailbot
[4.388s] Installing serial_rc_receiver script to /home/sailbot/sailbot21-22/install/sailbot/lib/sailbot
[4.388s] Installing trim_tab_comms script to /home/sailbot/sailbot21-22/install/sailbot/lib/sailbot
[4.390s] writing list of installed files to '/home/sailbot/sailbot21-22/build/sailbot/install.log'
[4.558s] Invoked command in '/home/sailbot/sailbot21-22/sailbot_ws/src/sailbot' returned '0': PYTHONPATH=/home/sailbot/sailbot21-22/install/sailbot/lib/python3.6/site-packages:${PYTHONPATH} /usr/bin/python3 setup.py egg_info --egg-base ../../../build/sailbot build --build-base /home/sailbot/sailbot21-22/build/sailbot/build install --prefix /home/sailbot/sailbot21-22/install/sailbot --record /home/sailbot/sailbot21-22/build/sailbot/install.log --single-version-externally-managed
